2020-09-08 at 14:04:32 | SUCCESS | 消息内容:{'end_time': '1599026601', 'start_time': '1599026539', 'collection_name': 'sy_news_finance_nbse_raw', 'spider_name': 'caijing_nbse_hyxx_all'}  消息处理总量:3条
2020-09-08 at 14:30:47 | SUCCESS | 消息内容:{'start_time': '1599026605', 'collection_name': 'sy_news_finance_eastday_raw', 'spider_name': 'caijing_eastday_caijing', 'end_time': '1599026610'}  消息处理总量:2条
2020-09-08 at 14:42:21 | SUCCESS | 消息内容:{'spider_name': 'caijing_eastmoney_ccjxw', 'start_time': '1599026658', 'collection_name': 'sy_news_finance_eastmoney_raw', 'end_time': '1599026667'}  消息处理总量:14条
2020-09-08 at 14:42:50 | SUCCESS | 消息内容:{'spider_name': 'caijing_eastmoney_gsxw', 'start_time': '1599026682', 'collection_name': 'sy_news_finance_eastmoney_raw', 'end_time': '1599026693'}  消息处理总量:19条
2020-09-08 at 15:12:07 | SUCCESS | 消息内容:{'end_time': '1599026705', 'collection_name': 'sy_news_finance_hexun_raw', 'start_time': '1599026704', 'spider_name': 'caijing_hexun_gsyw'}  消息处理总量:3条
2020-09-08 at 15:12:11 | SUCCESS | 消息内容:{'end_time': '1599026698', 'collection_name': 'sy_news_finance_eccn_raw', 'start_time': '1599026698', 'spider_name': 'caijing_eccn_zxzx'}  消息处理总量:1条
2020-09-08 at 15:12:16 | SUCCESS | 消息内容:{'end_time': '1599026705', 'collection_name': 'sy_news_finance_cs_raw', 'start_time': '1599026705', 'spider_name': 'caijing_cs_cjyw'}  消息处理总量:1条
2020-09-08 at 15:12:19 | SUCCESS | 消息内容:{'end_time': '1599026738', 'collection_name': 'sy_news_finance_yicai_raw', 'start_time': '1599026738', 'spider_name': 'caijing_yicai_dz'}  消息处理总量:1条
2020-09-08 at 15:12:22 | SUCCESS | 消息内容:{'end_time': '1599026739', 'collection_name': 'sy_news_finance_askci_raw', 'start_time': '1599026739', 'spider_name': 'caijing_askci_gcy'}  消息处理总量:1条
2020-09-08 at 15:21:59 | SUCCESS | 消息内容:{'start_time': '1599026794', 'collection_name': 'sy_news_hangye_autohome_raw', 'spider_name': 'hangye_autohome_news', 'end_time': '1599026794'}  消息处理总量:1条
2020-09-08 at 16:09:15 | SUCCESS | 消息内容:{'collection_name': 'sy_news_finance_eastmoney_raw', 'end_time': '1599026786', 'spider_name': 'caijing_eastmoney_ganggu', 'start_time': '1599026785'}  消息处理总量:3条
2020-09-08 at 16:09:26 | SUCCESS | 消息内容:{'collection_name': 'sy_news_finance_eastmoney_raw', 'end_time': '1599026783', 'spider_name': 'caijing_eastmoney_jigou_all', 'start_time': '1599026742'}  消息处理总量:3条
2020-09-08 at 16:09:50 | SUCCESS | 消息内容:{'end_time': '1599026816', 'spider_name': 'caijing_huxiu_zixun', 'collection_name': 'sy_news_finance_huxiu_raw', 'start_time': '1599026812'}  消息处理总量:3条
2020-09-08 at 16:10:04 | SUCCESS | 消息内容:{'end_time': '1599026861', 'spider_name': 'caijing_qianlong_jingji', 'collection_name': 'sy_news_finance_qianlong_raw', 'start_time': '1599026853'}  消息处理总量:5条
2020-09-08 at 16:10:20 | SUCCESS | 消息内容:{'end_time': '1599026865', 'spider_name': 'caijing_sina_chanjing', 'collection_name': 'sy_news_finance_sina_raw', 'start_time': '1599026863'}  消息处理总量:4条
2020-09-08 at 16:10:23 | SUCCESS | 消息内容:{'collection_name': 'sy_news_finance_591hx_raw', 'end_time': '1599026726', 'spider_name': 'caijing_591hx_stock_all', 'start_time': '1599026726'}  消息处理总量:1条
2020-09-08 at 16:10:41 | SUCCESS | 消息内容:{'end_time': '1599026871', 'spider_name': 'caijing_eastmoney_hk_all', 'collection_name': 'sy_news_finance_eastmoney_raw', 'start_time': '1599026864'}  消息处理总量:7条
2020-09-08 at 17:17:58 | SUCCESS | 消息内容:{'end_time': '1599026815', 'start_time': '1599026815', 'collection_name': 'sy_news_finance_10jqka_raw', 'spider_name': 'caijing_10jqka_cjyw'}  消息处理总量:0条
2020-09-08 at 17:18:09 | SUCCESS | 消息内容:{'end_time': '1599026883', 'start_time': '1599026883', 'collection_name': 'sy_news_finance_hexun_raw', 'spider_name': 'caijing_hexun_hongguan'}  消息处理总量:2条
2020-09-08 at 17:21:59 | SUCCESS | 消息内容:{'spider_name': 'caijing_iyiou_kuaixun', 'start_time': '1599026863', 'collection_name': 'sy_news_finance_iyiou_raw', 'end_time': '1599026866'}  消息处理总量:4条
2020-09-08 at 17:22:23 | SUCCESS | 消息内容:{'spider_name': 'caijing_cnfol_gegu', 'start_time': '1599026902', 'collection_name': 'sy_news_finance_cnfol_raw', 'end_time': '1599026912'}  消息处理总量:12条
