2020-07-20 at 14:14:43 | SUCCESS | 消息内容:{'start_time': '1595225229', 'spider_name': 'caijing_iyiou_kuaixun', 'end_time': '1595225236', 'collection_name': 'sy_news_finance_iyiou_raw'}  消息处理总量:5条
2020-07-20 at 14:14:46 | SUCCESS | 消息内容:{'end_time': '1595225109', 'collection_name': 'sy_news_finance_eastmoney_raw', 'spider_name': 'caijing_eastmoney_jigou_all', 'start_time': '1595225007'}  消息处理总量:6条
2020-07-20 at 14:14:47 | SUCCESS | 消息内容:{'start_time': '1595225283', 'spider_name': 'caijing_jiemian_dichan', 'end_time': '1595225283', 'collection_name': 'sy_news_finance_jiemian_raw'}  消息处理总量:1条
2020-07-20 at 14:14:47 | SUCCESS | 消息内容:{'spider_name': 'caijing_sina_chanjing', 'start_time': '1595225227', 'end_time': '1595225230', 'collection_name': 'sy_news_finance_sina_raw'}  消息处理总量:5条
2020-07-20 at 14:14:53 | SUCCESS | 消息内容:{'start_time': '1595225321', 'spider_name': 'caijing_eastmoney_caijing', 'end_time': '1595225321', 'collection_name': 'sy_news_finance_eastmoney_raw'}  消息处理总量:2条
2020-07-20 at 14:15:00 | SUCCESS | 消息内容:{'start_time': '1595225318', 'spider_name': 'caijing_eeo_caijing', 'end_time': '1595225323', 'collection_name': 'sy_news_finance_eeo_raw'}  消息处理总量:2条
2020-07-20 at 14:15:04 | SUCCESS | 消息内容:{'spider_name': 'caijing_eastmoney_gsxw', 'start_time': '1595225318', 'end_time': '1595225333', 'collection_name': 'sy_news_finance_eastmoney_raw'}  消息处理总量:9条
2020-07-20 at 14:15:09 | SUCCESS | 消息内容:{'start_time': '1595225392', 'spider_name': 'caijing_sina_guonei', 'end_time': '1595225394', 'collection_name': 'sy_news_finance_sina_raw'}  消息处理总量:6条
2020-07-20 at 14:15:10 | SUCCESS | 消息内容:{'spider_name': 'caijing_leju_lejucaijing_all', 'start_time': '1595225360', 'end_time': '1595225406', 'collection_name': 'sy_news_finance_leju_raw'}  消息处理总量:4条
2020-07-20 at 14:15:16 | SUCCESS | 消息内容:{'start_time': '1595225484', 'spider_name': 'caijing_jrj_gncj', 'end_time': '1595225485', 'collection_name': 'sy_news_finance_jrj_raw'}  消息处理总量:2条
2020-07-20 at 14:15:16 | SUCCESS | 消息内容:{'spider_name': 'caijing_eastmoney_hk_all', 'start_time': '1595225503', 'end_time': '1595225503', 'collection_name': 'sy_news_finance_eastmoney_raw'}  消息处理总量:1条
2020-07-20 at 14:15:18 | SUCCESS | 消息内容:{'end_time': '1595225299', 'collection_name': 'sy_news_finance_eastmoney_raw', 'spider_name': 'caijing_eastmoney_cgnjj', 'start_time': '1595225287'}  消息处理总量:17条
2020-07-20 at 14:15:20 | SUCCESS | 消息内容:{'spider_name': 'caijing_sina_ssgs', 'start_time': '1595225574', 'end_time': '1595225574', 'collection_name': 'sy_news_finance_sina_raw'}  消息处理总量:1条
2020-07-20 at 14:15:23 | SUCCESS | 消息内容:{'spider_name': 'caijing_sina_guonei', 'start_time': '1595225702', 'end_time': '1595225702', 'collection_name': 'sy_news_finance_sina_raw'}  消息处理总量:1条
2020-07-20 at 14:15:24 | SUCCESS | 消息内容:{'end_time': '1595225617', 'collection_name': 'sy_news_finance_jrj_raw', 'spider_name': 'caijing_jrj_chanjing', 'start_time': '1595225616'}  消息处理总量:2条
2020-07-20 at 14:15:27 | SUCCESS | 消息内容:{'spider_name': 'caijing_yicai_dz', 'start_time': '1595225705', 'end_time': '1595225705', 'collection_name': 'sy_news_finance_yicai_raw'}  消息处理总量:1条
2020-07-20 at 14:15:37 | SUCCESS | 消息内容:{'start_time': '1595225496', 'spider_name': 'caijing_eastday_caijing', 'end_time': '1595225546', 'collection_name': 'sy_news_finance_eastday_raw'}  消息处理总量:14条
2020-07-20 at 14:16:43 | SUCCESS | 消息内容:{'spider_name': 'caijing_eastmoney_jigou_all', 'start_time': '1595225696', 'end_time': '1595225696', 'collection_name': 'sy_news_finance_eastmoney_raw'}  消息处理总量:1条
2020-07-20 at 14:17:16 | SUCCESS | 消息内容:{'start_time': '1595225833', 'spider_name': 'caijing_iyiou_kuaixun', 'end_time': '1595225833', 'collection_name': 'sy_news_finance_iyiou_raw'}  消息处理总量:2条
2020-07-20 at 14:17:16 | SUCCESS | 消息内容:{'end_time': '1595225837', 'collection_name': 'sy_news_finance_sina_raw', 'spider_name': 'caijing_sina_chanjing', 'start_time': '1595225833'}  消息处理总量:8条
2020-07-20 at 14:18:36 | SUCCESS | 消息内容:{'spider_name': 'caijing_10jqka_cjyw', 'start_time': '1595225904', 'end_time': '1595225925', 'collection_name': 'sy_news_finance_10jqka_raw'}  消息处理总量:4条
2020-07-20 at 14:18:56 | SUCCESS | 消息内容:{'start_time': '1595225903', 'spider_name': 'caijing_csi_yeneizixun_all', 'end_time': '1595225906', 'collection_name': 'sy_news_finance_csi_raw'}  消息处理总量:5条
2020-07-20 at 14:19:13 | SUCCESS | 消息内容:{'end_time': '1595225943', 'collection_name': 'sy_news_finance_eastmoney_raw', 'spider_name': 'caijing_eastmoney_stock_all', 'start_time': '1595225901'}  消息处理总量:16条
2020-07-20 at 14:19:13 | SUCCESS | 消息内容:{'spider_name': 'caijing_nbd_quanshang_all', 'start_time': '1595225962', 'end_time': '1595225962', 'collection_name': 'sy_news_finance_nbd_raw'}  消息处理总量:1条
2020-07-20 at 14:19:37 | SUCCESS | 消息内容:{'end_time': '1595225997', 'collection_name': 'sy_news_hangye_smm_raw', 'spider_name': 'hangye_smm_news', 'start_time': '1595225993'}  消息处理总量:8条
2020-07-20 at 14:20:08 | SUCCESS | 消息内容:{'start_time': '1595226021', 'spider_name': 'caijing_sina_guonei', 'end_time': '1595226021', 'collection_name': 'sy_news_finance_sina_raw'}  消息处理总量:1条
2020-07-20 at 14:21:47 | SUCCESS | 消息内容:{'spider_name': 'caijing_cnstock_stock_all', 'start_time': '1595226103', 'end_time': '1595226106', 'collection_name': 'sy_news_finance_cnstock_raw'}  消息处理总量:10条
2020-07-20 at 14:22:14 | SUCCESS | 消息内容:{'end_time': '1595226109', 'collection_name': 'sy_news_finance_10jqka_raw', 'spider_name': 'caijing_10jqka_hyyj', 'start_time': '1595226076'}  消息处理总量:6条
2020-07-20 at 14:22:20 | SUCCESS | 消息内容:{'start_time': '1595226146', 'spider_name': 'caijing_sina_chanjing', 'end_time': '1595226148', 'collection_name': 'sy_news_finance_sina_raw'}  消息处理总量:5条
2020-07-20 at 14:22:27 | SUCCESS | 消息内容:{'spider_name': 'caijing_iyiou_kuaixun', 'start_time': '1595226145', 'end_time': '1595226146', 'collection_name': 'sy_news_finance_iyiou_raw'}  消息处理总量:2条
2020-07-20 at 14:23:10 | SUCCESS | 消息内容:{'start_time': '1595226203', 'spider_name': 'caijing_hexun_kcb', 'end_time': '1595226203', 'collection_name': 'sy_news_finance_hexun_raw'}  消息处理总量:1条
2020-07-20 at 14:23:20 | SUCCESS | 消息内容:{'spider_name': 'caijing_qq_Agu', 'start_time': '1595226202', 'end_time': '1595226206', 'collection_name': 'sy_news_finance_qq_raw'}  消息处理总量:5条
2020-07-20 at 14:24:19 | SUCCESS | 消息内容:{'start_time': '1595226220', 'spider_name': 'caijing_eastmoney_cgnjj', 'end_time': '1595226235', 'collection_name': 'sy_news_finance_eastmoney_raw'}  消息处理总量:18条
2020-07-20 at 14:24:25 | SUCCESS | 消息内容:{'end_time': '1595226199', 'collection_name': 'sy_news_finance_eastmoney_raw', 'spider_name': 'caijing_eastmoney_ccjxw', 'start_time': '1595226167'}  消息处理总量:46条
2020-07-20 at 14:24:44 | SUCCESS | 消息内容:{'spider_name': 'caijing_hexun_hongguan', 'start_time': '1595226277', 'end_time': '1595226283', 'collection_name': 'sy_news_finance_hexun_raw'}  消息处理总量:10条
2020-07-20 at 14:24:45 | SUCCESS | 消息内容:{'start_time': '1595226254', 'spider_name': 'caijing_lieyunwang_zixun', 'end_time': '1595226254', 'collection_name': 'sy_news_finance_lieyunwang_raw'}  消息处理总量:2条
2020-07-20 at 14:25:08 | SUCCESS | 消息内容:{'end_time': '1595226335', 'collection_name': 'sy_news_hangye_bmlink_raw', 'spider_name': 'hangye_bmlink_marketnews', 'start_time': '1595226335'}  消息处理总量:2条
2020-07-20 at 14:26:12 | SUCCESS | 消息内容:{'spider_name': 'caijing_36kr_zixun', 'start_time': '1595226336', 'end_time': '1595226354', 'collection_name': 'sy_news_finance_36kr_raw'}  消息处理总量:14条
2020-07-20 at 14:26:45 | SUCCESS | 消息内容:{'start_time': '1595226399', 'spider_name': 'caijing_cs_cjyw', 'end_time': '1595226399', 'collection_name': 'sy_news_finance_cs_raw'}  消息处理总量:1条
2020-07-20 at 14:27:03 | SUCCESS | 消息内容:{'end_time': '1595226425', 'collection_name': 'sy_news_finance_jrj_raw', 'spider_name': 'caijing_jrj_gncj', 'start_time': '1595226415'}  消息处理总量:15条
2020-07-20 at 14:27:33 | SUCCESS | 消息内容:{'spider_name': 'caijing_eastday_caijing', 'start_time': '1595226431', 'end_time': '1595226448', 'collection_name': 'sy_news_finance_eastday_raw'}  消息处理总量:3条
2020-07-20 at 14:28:38 | SUCCESS | 消息内容:{'start_time': '1595226480', 'spider_name': 'caijing_eastmoney_ccjxw', 'end_time': '1595226493', 'collection_name': 'sy_news_finance_eastmoney_raw'}  消息处理总量:23条
2020-07-20 at 14:28:43 | SUCCESS | 消息内容:{'end_time': '1595226537', 'collection_name': 'sy_news_finance_cs_raw', 'spider_name': 'caijing_cs_gongsi', 'start_time': '1595226537'}  消息处理总量:1条
2020-07-20 at 14:28:49 | SUCCESS | 消息内容:{'spider_name': 'caijing_qianlong_jingji', 'start_time': '1595226522', 'end_time': '1595226529', 'collection_name': 'sy_news_finance_qianlong_raw'}  消息处理总量:5条
2020-07-20 at 14:29:00 | SUCCESS | 消息内容:{'start_time': '1595226554', 'spider_name': 'caijing_163_gupiao', 'end_time': '1595226554', 'collection_name': 'sy_news_finance_163_raw'}  消息处理总量:2条
2020-07-20 at 14:30:05 | SUCCESS | 消息内容:{'end_time': '1595226592', 'collection_name': 'sy_news_finance_cyzone_raw', 'spider_name': 'caijing_cyzone_zuixin', 'start_time': '1595226592'}  消息处理总量:1条
2020-07-20 at 14:31:33 | SUCCESS | 消息内容:{'spider_name': 'caijing_eastmoney_zqzx', 'start_time': '1595226661', 'end_time': '1595226661', 'collection_name': 'sy_news_finance_eastmoney_raw'}  消息处理总量:1条
2020-07-20 at 14:32:34 | SUCCESS | 消息内容:{'start_time': '1595226764', 'spider_name': 'caijing_sina_chanjing', 'end_time': '1595226765', 'collection_name': 'sy_news_finance_sina_raw'}  消息处理总量:3条
2020-07-20 at 14:32:53 | SUCCESS | 消息内容:{'end_time': '1595226740', 'collection_name': 'sy_news_finance_eastday_raw', 'spider_name': 'caijing_eastday_caijing', 'start_time': '1595226737'}  消息处理总量:5条
2020-07-20 at 14:33:13 | SUCCESS | 消息内容:{'spider_name': 'caijing_eastmoney_whdd', 'start_time': '1595226806', 'end_time': '1595226806', 'collection_name': 'sy_news_finance_eastmoney_raw'}  消息处理总量:1条
2020-07-20 at 14:34:27 | SUCCESS | 消息内容:{'end_time': '1595226860', 'collection_name': 'sy_news_finance_10jqka_raw', 'spider_name': 'caijing_10jqka_zqzx', 'start_time': '1595226860'}  消息处理总量:1条
2020-07-20 at 14:34:34 | SUCCESS | 消息内容:{'start_time': '1595226865', 'spider_name': 'caijing_eastmoney_caijing', 'end_time': '1595226872', 'collection_name': 'sy_news_finance_eastmoney_raw'}  消息处理总量:12条
2020-07-20 at 14:34:45 | SUCCESS | 消息内容:{'spider_name': 'caijing_nbd_xinwenhua_all', 'start_time': '1595226867', 'end_time': '1595226867', 'collection_name': 'sy_news_finance_nbd_raw'}  消息处理总量:1条
2020-07-20 at 14:35:09 | SUCCESS | 消息内容:{'start_time': '1595226924', 'spider_name': 'caijing_163_hongguan', 'end_time': '1595226924', 'collection_name': 'sy_news_finance_163_raw'}  消息处理总量:1条
2020-07-20 at 14:35:30 | SUCCESS | 消息内容:{'end_time': '1595226943', 'collection_name': 'sy_news_finance_sina_raw', 'spider_name': 'caijing_sina_guonei', 'start_time': '1595226943'}  消息处理总量:1条
2020-07-20 at 14:36:05 | SUCCESS | 消息内容:{'end_time': '1595226968', 'collection_name': 'sy_news_finance_qq_raw', 'spider_name': 'caijing_qq_zhaiquan', 'start_time': '1595226968'}  消息处理总量:1条
2020-07-20 at 14:36:06 | SUCCESS | 消息内容:{'spider_name': 'caijing_guancha_shangshi', 'start_time': '1595226972', 'end_time': '1595226972', 'collection_name': 'sy_news_finance_guancha_raw'}  消息处理总量:1条
2020-07-20 at 14:36:12 | SUCCESS | 消息内容:{'start_time': '1595226847', 'spider_name': 'caijing_591hx_stock_all', 'end_time': '1595226926', 'collection_name': 'sy_news_finance_591hx_raw'}  消息处理总量:4条
2020-07-20 at 14:37:49 | SUCCESS | 消息内容:{'spider_name': 'caijing_eastmoney_stock_all', 'start_time': '1595227004', 'end_time': '1595227046', 'collection_name': 'sy_news_finance_eastmoney_raw'}  消息处理总量:9条
2020-07-20 at 14:37:49 | SUCCESS | 消息内容:{'start_time': '1595227024', 'spider_name': 'caijing_leju_lejucaijing_all', 'end_time': '1595227024', 'collection_name': 'sy_news_finance_leju_raw'}  消息处理总量:1条
2020-07-20 at 14:38:08 | SUCCESS | 消息内容:{'end_time': '1595227102', 'collection_name': 'sy_news_finance_sohu_raw', 'spider_name': 'caijing_sohu_xsb', 'start_time': '1595227102'}  消息处理总量:1条
2020-07-20 at 14:39:12 | SUCCESS | 消息内容:{'start_time': '1595227154', 'spider_name': 'caijing_eastmoney_whdd', 'end_time': '1595227154', 'collection_name': 'sy_news_finance_eastmoney_raw'}  消息处理总量:1条
2020-07-20 at 14:39:21 | SUCCESS | 消息内容:{'end_time': '1595227175', 'collection_name': 'sy_news_finance_eastmoney_raw', 'spider_name': 'caijing_eastmoney_caijing', 'start_time': '1595227175'}  消息处理总量:1条
2020-07-20 at 14:39:23 | SUCCESS | 消息内容:{'spider_name': 'caijing_eastmoney_ccjxw', 'start_time': '1595227097', 'end_time': '1595227118', 'collection_name': 'sy_news_finance_eastmoney_raw'}  消息处理总量:33条
2020-07-20 at 14:39:53 | SUCCESS | 消息内容:{'spider_name': 'caijing_askci_gcy', 'start_time': '1595227205', 'end_time': '1595227205', 'collection_name': 'sy_news_finance_askci_raw'}  消息处理总量:1条
2020-07-20 at 14:40:08 | SUCCESS | 消息内容:{'start_time': '1595227144', 'spider_name': 'caijing_wabei_chanye', 'end_time': '1595227209', 'collection_name': 'sy_news_finance_wabei_raw'}  消息处理总量:9条
2020-07-20 at 14:40:13 | SUCCESS | 消息内容:{'end_time': '1595227174', 'collection_name': 'sy_news_finance_guandian_raw', 'spider_name': 'caijing_guandian_news_all', 'start_time': '1595227174'}  消息处理总量:1条
2020-07-20 at 14:41:16 | SUCCESS | 消息内容:{'spider_name': 'caijing_36kr_zixun', 'start_time': '1595227272', 'end_time': '1595227275', 'collection_name': 'sy_news_finance_36kr_raw'}  消息处理总量:2条
2020-07-20 at 14:41:20 | SUCCESS | 消息内容:{'start_time': '1595227295', 'spider_name': 'caijing_jrj_xsb', 'end_time': '1595227295', 'collection_name': 'sy_news_finance_jrj_raw'}  消息处理总量:1条
2020-07-20 at 14:41:59 | SUCCESS | 消息内容:{'end_time': '1595227305', 'collection_name': 'sy_news_finance_eastmoney_raw', 'spider_name': 'caijing_eastmoney_xinsanban_all', 'start_time': '1595227305'}  消息处理总量:1条
2020-07-20 at 14:42:44 | SUCCESS | 消息内容:{'spider_name': 'caijing_eastmoney_stock_all', 'start_time': '1595227374', 'end_time': '1595227374', 'collection_name': 'sy_news_finance_eastmoney_raw'}  消息处理总量:1条
2020-07-20 at 14:43:40 | SUCCESS | 消息内容:{'start_time': '1595227434', 'spider_name': 'caijing_sina_ssgs', 'end_time': '1595227434', 'collection_name': 'sy_news_finance_sina_raw'}  消息处理总量:1条
2020-07-20 at 14:44:32 | SUCCESS | 消息内容:{'end_time': '1595227477', 'collection_name': 'sy_news_finance_jrj_raw', 'spider_name': 'caijing_jrj_chanjing', 'start_time': '1595227473'}  消息处理总量:7条
2020-07-20 at 14:45:20 | SUCCESS | 消息内容:{'spider_name': 'caijing_cnstock_cyjj', 'start_time': '1595227519', 'end_time': '1595227524', 'collection_name': 'sy_news_finance_cnstock_raw'}  消息处理总量:9条
2020-07-20 at 14:45:51 | SUCCESS | 消息内容:{'start_time': '1595227532', 'spider_name': 'caijing_eastmoney_gsxw', 'end_time': '1595227546', 'collection_name': 'sy_news_finance_eastmoney_raw'}  消息处理总量:14条
2020-07-20 at 14:47:21 | SUCCESS | 消息内容:{'spider_name': 'caijing_cs_cjyw', 'start_time': '1595227635', 'end_time': '1595227635', 'collection_name': 'sy_news_finance_cs_raw'}  消息处理总量:1条
2020-07-20 at 14:47:47 | SUCCESS | 消息内容:{'end_time': '1595227651', 'collection_name': 'sy_news_finance_hexun_raw', 'spider_name': 'caijing_hexun_gsyw', 'start_time': '1595227635'}  消息处理总量:26条
2020-07-20 at 14:48:22 | SUCCESS | 消息内容:{'start_time': '1595227706', 'spider_name': 'caijing_cb_chanye', 'end_time': '1595227708', 'collection_name': 'sy_news_finance_cb_raw'}  消息处理总量:2条
2020-07-20 at 14:48:43 | SUCCESS | 消息内容:{'end_time': '1595227730', 'collection_name': 'sy_news_finance_eastmoney_raw', 'spider_name': 'caijing_eastmoney_ccjxw', 'start_time': '1595227725'}  消息处理总量:9条
2020-07-20 at 14:49:03 | SUCCESS | 消息内容:{'spider_name': 'caijing_eastmoney_hk_all', 'start_time': '1595227713', 'end_time': '1595227732', 'collection_name': 'sy_news_finance_eastmoney_raw'}  消息处理总量:18条
2020-07-20 at 14:49:14 | SUCCESS | 消息内容:{'start_time': '1595227707', 'spider_name': 'caijing_10jqka_cjyw', 'end_time': '1595227718', 'collection_name': 'sy_news_finance_10jqka_raw'}  消息处理总量:3条
2020-07-20 at 14:51:13 | SUCCESS | 消息内容:{'end_time': '1595227869', 'collection_name': 'sy_news_finance_eastday_raw', 'spider_name': 'caijing_eastday_caijing', 'start_time': '1595227845'}  消息处理总量:10条
2020-07-20 at 14:51:15 | SUCCESS | 消息内容:{'spider_name': 'caijing_iyiou_kuaixun', 'start_time': '1595227873', 'end_time': '1595227880', 'collection_name': 'sy_news_finance_iyiou_raw'}  消息处理总量:7条
2020-07-20 at 14:54:28 | SUCCESS | 消息内容:{'start_time': '1595227984', 'spider_name': 'caijing_stockstar_gs', 'end_time': '1595228034', 'collection_name': 'sy_news_finance_stockstar_raw'}  消息处理总量:68条
2020-07-20 at 14:54:45 | SUCCESS | 消息内容:{'end_time': '1595228095', 'collection_name': 'sy_news_finance_jrj_raw', 'spider_name': 'caijing_jrj_chanjing', 'start_time': '1595228095'}  消息处理总量:1条
2020-07-20 at 14:55:05 | SUCCESS | 消息内容:{'spider_name': 'caijing_cs_jijin', 'start_time': '1595228117', 'end_time': '1595228117', 'collection_name': 'sy_news_finance_cs_raw'}  消息处理总量:1条
2020-07-20 at 14:55:50 | SUCCESS | 消息内容:{'start_time': '1595228163', 'spider_name': 'caijing_china_bank', 'end_time': '1595228163', 'collection_name': 'sy_news_finance_china_raw'}  消息处理总量:1条
2020-07-20 at 14:56:13 | SUCCESS | 消息内容:{'end_time': '1595228133', 'collection_name': 'sy_news_finance_leju_raw', 'spider_name': 'caijing_leju_lejucaijing_all', 'start_time': '1595228133'}  消息处理总量:1条
2020-07-20 at 14:58:25 | SUCCESS | 消息内容:{'spider_name': 'caijing_cnstock_news_all', 'start_time': '1595228313', 'end_time': '1595228313', 'collection_name': 'sy_news_finance_cnstock_raw'}  消息处理总量:1条
2020-07-20 at 14:58:35 | SUCCESS | 消息内容:{'start_time': '1595228312', 'spider_name': 'caijing_iyiou_kuaixun', 'end_time': '1595228318', 'collection_name': 'sy_news_finance_iyiou_raw'}  消息处理总量:3条
2020-07-20 at 15:00:04 | SUCCESS | 消息内容:{'spider_name': 'caijing_jiemian_xiaofei', 'start_time': '1595228413', 'end_time': '1595228414', 'collection_name': 'sy_news_finance_jiemian_raw'}  消息处理总量:4条
2020-07-20 at 15:00:50 | SUCCESS | 消息内容:{'end_time': '1595228377', 'collection_name': 'sy_news_finance_eastmoney_raw', 'spider_name': 'caijing_eastmoney_ccjxw', 'start_time': '1595228339'}  消息处理总量:60条
2020-07-20 at 15:00:55 | SUCCESS | 消息内容:{'spider_name': 'caijing_chinaventure_zbsc', 'start_time': '1595228428', 'end_time': '1595228434', 'collection_name': 'sy_news_finance_chinaventure_raw'}  消息处理总量:4条
2020-07-20 at 15:01:03 | SUCCESS | 消息内容:{'start_time': '1595228456', 'spider_name': 'caijing_eastmoney_hk_all', 'end_time': '1595228462', 'collection_name': 'sy_news_finance_eastmoney_raw'}  消息处理总量:8条
2020-07-20 at 15:01:10 | SUCCESS | 消息内容:{'start_time': '1595228484', 'spider_name': 'caijing_china_qiche', 'end_time': '1595228484', 'collection_name': 'sy_news_finance_china_raw'}  消息处理总量:1条
2020-07-20 at 15:02:01 | SUCCESS | 消息内容:{'spider_name': 'caijing_sina_guonei', 'start_time': '1595228494', 'end_time': '1595228500', 'collection_name': 'sy_news_finance_sina_raw'}  消息处理总量:13条
2020-07-20 at 15:02:59 | SUCCESS | 消息内容:{'end_time': '1595228587', 'collection_name': 'sy_news_finance_jrj_raw', 'spider_name': 'caijing_jrj_gncj', 'start_time': '1595228583'}  消息处理总量:6条
2020-07-20 at 15:03:13 | SUCCESS | 消息内容:{'start_time': '1595228593', 'spider_name': 'caijing_pedaily_gundong', 'end_time': '1595228594', 'collection_name': 'sy_news_finance_pedaily_raw'}  消息处理总量:3条
2020-07-20 at 15:03:45 | SUCCESS | 消息内容:{'end_time': '1595228624', 'collection_name': 'sy_news_finance_iyiou_raw', 'spider_name': 'caijing_iyiou_kuaixun', 'start_time': '1595228624'}  消息处理总量:2条
2020-07-20 at 15:03:45 | SUCCESS | 消息内容:{'spider_name': 'caijing_eastday_caijing', 'start_time': '1595228594', 'end_time': '1595228603', 'collection_name': 'sy_news_finance_eastday_raw'}  消息处理总量:2条
2020-07-20 at 15:04:43 | SUCCESS | 消息内容:{'start_time': '1595228654', 'spider_name': 'caijing_csi_yeneizixun_all', 'end_time': '1595228661', 'collection_name': 'sy_news_finance_csi_raw'}  消息处理总量:3条
2020-07-20 at 15:06:12 | SUCCESS | 消息内容:{'spider_name': 'caijing_eastmoney_cgnjj', 'start_time': '1595228697', 'end_time': '1595228728', 'collection_name': 'sy_news_finance_eastmoney_raw'}  消息处理总量:30条
2020-07-20 at 15:08:22 | SUCCESS | 消息内容:{'end_time': '1595228888', 'collection_name': 'sy_news_finance_eastmoney_raw', 'spider_name': 'caijing_eastmoney_stock_all', 'start_time': '1595228847'}  消息处理总量:17条
2020-07-20 at 15:08:53 | SUCCESS | 消息内容:{'start_time': '1595228945', 'spider_name': 'caijing_xueqiu_hs', 'end_time': '1595228945', 'collection_name': 'sy_news_finance_xueqiu_raw'}  消息处理总量:1条
2020-07-20 at 15:08:59 | SUCCESS | 消息内容:{'end_time': '1595228937', 'collection_name': 'sy_news_finance_iyiou_raw', 'spider_name': 'caijing_iyiou_kuaixun', 'start_time': '1595228932'}  消息处理总量:2条
2020-07-20 at 15:09:04 | SUCCESS | 消息内容:{'start_time': '1595228954', 'spider_name': 'caijing_stockstar_kcb', 'end_time': '1595228956', 'collection_name': 'sy_news_finance_stockstar_raw'}  消息处理总量:4条
2020-07-20 at 15:09:06 | SUCCESS | 消息内容:{'spider_name': 'caijing_sina_chanjing', 'start_time': '1595228941', 'end_time': '1595228947', 'collection_name': 'sy_news_finance_sina_raw'}  消息处理总量:10条
2020-07-20 at 15:09:40 | SUCCESS | 消息内容:{'spider_name': 'caijing_eastmoney_ccjxw', 'start_time': '1595228972', 'end_time': '1595228979', 'collection_name': 'sy_news_finance_eastmoney_raw'}  消息处理总量:12条
2020-07-20 at 15:10:02 | SUCCESS | 消息内容:{'end_time': '1595229010', 'collection_name': 'sy_news_finance_eastmoney_raw', 'spider_name': 'caijing_eastmoney_cgnjj', 'start_time': '1595229008'}  消息处理总量:3条
2020-07-20 at 15:10:31 | SUCCESS | 消息内容:{'start_time': '1595229042', 'spider_name': 'caijing_cnstock_kcb_all', 'end_time': '1595229042', 'collection_name': 'sy_news_finance_cnstock_raw'}  消息处理总量:2条
2020-07-20 at 15:10:51 | SUCCESS | 消息内容:{'spider_name': 'caijing_eastmoney_gsxw', 'start_time': '1595229023', 'end_time': '1595229044', 'collection_name': 'sy_news_finance_eastmoney_raw'}  消息处理总量:13条
2020-07-20 at 15:11:36 | SUCCESS | 消息内容:{'end_time': '1595229084', 'collection_name': 'sy_news_finance_eastday_raw', 'spider_name': 'caijing_eastday_caijing', 'start_time': '1595229084'}  消息处理总量:1条
2020-07-20 at 15:14:01 | SUCCESS | 消息内容:{'spider_name': 'caijing_emoney_bkfx', 'start_time': '1595229227', 'end_time': '1595229229', 'collection_name': 'sy_news_finance_emoney_raw'}  消息处理总量:3条
2020-07-20 at 15:14:03 | SUCCESS | 消息内容:{'end_time': '1595229243', 'collection_name': 'sy_news_finance_iyiou_raw', 'spider_name': 'caijing_iyiou_kuaixun', 'start_time': '1595229243'}  消息处理总量:1条
2020-07-20 at 15:14:21 | SUCCESS | 消息内容:{'start_time': '1595229255', 'spider_name': 'hangye_bjx_yaowen', 'end_time': '1595229272', 'collection_name': 'sy_news_hangye_bjx_raw'}  消息处理总量:23条
2020-07-20 at 15:14:46 | SUCCESS | 消息内容:{'start_time': '1595229297', 'spider_name': 'caijing_leju_lejucaijing_all', 'end_time': '1595229301', 'collection_name': 'sy_news_finance_leju_raw'}  消息处理总量:2条
2020-07-20 at 15:15:09 | SUCCESS | 消息内容:{'spider_name': 'caijing_eastmoney_cgnjj', 'start_time': '1595229316', 'end_time': '1595229316', 'collection_name': 'sy_news_finance_eastmoney_raw'}  消息处理总量:1条
2020-07-20 at 15:15:09 | SUCCESS | 消息内容:{'end_time': '1595229326', 'collection_name': 'sy_news_finance_yicai_raw', 'spider_name': 'caijing_yicai_dz', 'start_time': '1595229326'}  消息处理总量:1条
2020-07-20 at 15:15:21 | SUCCESS | 消息内容:{'start_time': '1595229354', 'spider_name': 'hangye_autohome_news', 'end_time': '1595229354', 'collection_name': 'sy_news_hangye_autohome_raw'}  消息处理总量:1条
2020-07-20 at 15:16:41 | SUCCESS | 消息内容:{'spider_name': 'caijing_cnlist_cjxw', 'start_time': '1595229404', 'end_time': '1595229404', 'collection_name': 'sy_news_finance_cnlist_raw'}  消息处理总量:2条
2020-07-20 at 15:17:26 | SUCCESS | 消息内容:{'end_time': '1595229435', 'collection_name': 'sy_news_finance_36kr_raw', 'spider_name': 'caijing_36kr_zixun', 'start_time': '1595229433'}  消息处理总量:5条
2020-07-20 at 15:18:14 | SUCCESS | 消息内容:{'start_time': '1595229505', 'spider_name': 'caijing_cs_hyzx', 'end_time': '1595229505', 'collection_name': 'sy_news_finance_cs_raw'}  消息处理总量:1条
2020-07-20 at 15:18:26 | SUCCESS | 消息内容:{'spider_name': 'caijing_cb_chanye', 'start_time': '1595229518', 'end_time': '1595229518', 'collection_name': 'sy_news_finance_cb_raw'}  消息处理总量:1条
2020-07-20 at 15:19:23 | SUCCESS | 消息内容:{'end_time': '1595229533', 'collection_name': 'sy_news_finance_10jqka_raw', 'spider_name': 'caijing_10jqka_cjyw', 'start_time': '1595229533'}  消息处理总量:1条
2020-07-20 at 15:20:33 | SUCCESS | 消息内容:{'start_time': '1595229635', 'spider_name': 'caijing_cnfol_gegu', 'end_time': '1595229637', 'collection_name': 'sy_news_finance_cnfol_raw'}  消息处理总量:5条
2020-07-20 at 15:21:52 | SUCCESS | 消息内容:{'spider_name': 'caijing_591hx_stock_all', 'start_time': '1595229574', 'end_time': '1595229578', 'collection_name': 'sy_news_finance_591hx_raw'}  消息处理总量:3条
2020-07-20 at 15:22:05 | SUCCESS | 消息内容:{'end_time': '1595229734', 'collection_name': 'sy_news_finance_sina_raw', 'spider_name': 'caijing_sina_guonei', 'start_time': '1595229732'}  消息处理总量:5条
2020-07-20 at 15:22:52 | SUCCESS | 消息内容:{'start_time': '1595229781', 'spider_name': 'caijing_sina_ssgs', 'end_time': '1595229783', 'collection_name': 'sy_news_finance_sina_raw'}  消息处理总量:3条
2020-07-20 at 15:24:09 | SUCCESS | 消息内容:{'end_time': '1595229783', 'collection_name': 'sy_news_finance_leju_raw', 'spider_name': 'caijing_leju_lejucaijing_all', 'start_time': '1595229783'}  消息处理总量:1条
2020-07-20 at 15:24:16 | SUCCESS | 消息内容:{'spider_name': 'caijing_jrj_ss', 'start_time': '1595229853', 'end_time': '1595229857', 'collection_name': 'sy_news_finance_jrj_raw'}  消息处理总量:7条
2020-07-20 at 15:25:30 | SUCCESS | 消息内容:{'start_time': '1595229891', 'spider_name': 'caijing_eastmoney_ccjxw', 'end_time': '1595229907', 'collection_name': 'sy_news_finance_eastmoney_raw'}  消息处理总量:24条
2020-07-20 at 15:26:28 | SUCCESS | 消息内容:{'spider_name': 'caijing_eastmoney_caijing', 'start_time': '1595229964', 'end_time': '1595229980', 'collection_name': 'sy_news_finance_eastmoney_raw'}  消息处理总量:14条
2020-07-20 at 15:27:09 | SUCCESS | 消息内容:{'end_time': '1595230037', 'collection_name': 'sy_news_finance_cs_raw', 'spider_name': 'caijing_cs_gsxw', 'start_time': '1595230035'}  消息处理总量:4条
2020-07-20 at 15:27:10 | SUCCESS | 消息内容:{'start_time': '1595230044', 'spider_name': 'caijing_thepaper_cjsxy', 'end_time': '1595230045', 'collection_name': 'sy_news_finance_thepaper_raw'}  消息处理总量:3条
2020-07-20 at 15:27:11 | SUCCESS | 消息内容:{'spider_name': 'caijing_sina_guonei', 'start_time': '1595230043', 'end_time': '1595230043', 'collection_name': 'sy_news_finance_sina_raw'}  消息处理总量:2条
2020-07-20 at 15:28:00 | SUCCESS | 消息内容:{'end_time': '1595230029', 'collection_name': 'sy_news_finance_eastmoney_raw', 'spider_name': 'caijing_eastmoney_jigou_all', 'start_time': '1595229898'}  消息处理总量:31条
2020-07-20 at 15:29:25 | SUCCESS | 消息内容:{'start_time': '1595230174', 'spider_name': 'caijing_china_kj', 'end_time': '1595230177', 'collection_name': 'sy_news_finance_china_raw'}  消息处理总量:3条
2020-07-20 at 15:29:38 | SUCCESS | 消息内容:{'spider_name': 'caijing_10jqka_cjyw', 'start_time': '1595230180', 'end_time': '1595230180', 'collection_name': 'sy_news_finance_10jqka_raw'}  消息处理总量:1条
2020-07-20 at 15:29:46 | SUCCESS | 消息内容:{'end_time': '1595230184', 'collection_name': 'sy_news_finance_qianlong_raw', 'spider_name': 'caijing_qianlong_jingji', 'start_time': '1595230184'}  消息处理总量:1条
2020-07-20 at 15:29:56 | SUCCESS | 消息内容:{'start_time': '1595230201', 'spider_name': 'caijing_cs_gongsi', 'end_time': '1595230201', 'collection_name': 'sy_news_finance_cs_raw'}  消息处理总量:2条
2020-07-20 at 15:30:50 | SUCCESS | 消息内容:{'spider_name': 'caijing_cyzone_zuixin', 'start_time': '1595230235', 'end_time': '1595230235', 'collection_name': 'sy_news_finance_cyzone_raw'}  消息处理总量:2条
2020-07-20 at 15:33:00 | SUCCESS | 消息内容:{'end_time': '1595230365', 'collection_name': 'sy_news_finance_leju_raw', 'spider_name': 'caijing_leju_lejucaijing_all', 'start_time': '1595230313'}  消息处理总量:3条
2020-07-20 at 15:34:28 | SUCCESS | 消息内容:{'spider_name': 'caijing_hexun_hongguan', 'start_time': '1595230473', 'end_time': '1595230476', 'collection_name': 'sy_news_finance_hexun_raw'}  消息处理总量:5条
2020-07-20 at 15:34:52 | SUCCESS | 消息内容:{'start_time': '1595230423', 'spider_name': 'caijing_hexun_gsyw', 'end_time': '1595230446', 'collection_name': 'sy_news_finance_hexun_raw'}  消息处理总量:34条
2020-07-20 at 15:34:53 | SUCCESS | 消息内容:{'end_time': '1595230503', 'collection_name': 'sy_news_finance_cnstock_raw', 'spider_name': 'caijing_cnstock_stock_all', 'start_time': '1595230502'}  消息处理总量:4条
2020-07-20 at 15:35:09 | SUCCESS | 消息内容:{'start_time': '1595230476', 'spider_name': 'caijing_guandian_news_all', 'end_time': '1595230476', 'collection_name': 'sy_news_finance_guandian_raw'}  消息处理总量:1条
2020-07-20 at 15:35:46 | SUCCESS | 消息内容:{'end_time': '1595230558', 'collection_name': 'sy_news_finance_cs_raw', 'spider_name': 'caijing_cs_jijin', 'start_time': '1595230558'}  消息处理总量:2条
2020-07-20 at 15:36:18 | SUCCESS | 消息内容:{'spider_name': 'caijing_eastmoney_ccjxw', 'start_time': '1595230509', 'end_time': '1595230531', 'collection_name': 'sy_news_finance_eastmoney_raw'}  消息处理总量:36条
2020-07-20 at 15:36:22 | SUCCESS | 消息内容:{'end_time': '1595230612', 'collection_name': 'sy_news_hangye_autohome_raw', 'spider_name': 'hangye_autohome_news', 'start_time': '1595230610'}  消息处理总量:2条
2020-07-20 at 15:36:23 | SUCCESS | 消息内容:{'start_time': '1595230574', 'spider_name': 'caijing_jrj_chanjing', 'end_time': '1595230582', 'collection_name': 'sy_news_finance_jrj_raw'}  消息处理总量:14条
2020-07-20 at 15:36:56 | SUCCESS | 消息内容:{'start_time': '1595230629', 'spider_name': 'caijing_hexun_hysk', 'end_time': '1595230629', 'collection_name': 'sy_news_finance_hexun_raw'}  消息处理总量:1条
2020-07-20 at 15:37:23 | SUCCESS | 消息内容:{'end_time': '1595230656', 'collection_name': 'sy_news_finance_cs_raw', 'spider_name': 'caijing_cs_gsxw', 'start_time': '1595230656'}  消息处理总量:1条
2020-07-20 at 15:37:58 | SUCCESS | 消息内容:{'spider_name': 'caijing_qq_zhaiquan', 'start_time': '1595230691', 'end_time': '1595230691', 'collection_name': 'sy_news_finance_qq_raw'}  消息处理总量:1条
2020-07-20 at 15:38:35 | SUCCESS | 消息内容:{'start_time': '1595230700', 'spider_name': 'caijing_eastmoney_stock_all', 'end_time': '1595230718', 'collection_name': 'sy_news_finance_eastmoney_raw'}  消息处理总量:8条
2020-07-20 at 15:38:40 | SUCCESS | 消息内容:{'end_time': '1595230734', 'collection_name': 'sy_news_finance_hexun_raw', 'spider_name': 'caijing_hexun_gsyw', 'start_time': '1595230734'}  消息处理总量:1条
2020-07-20 at 15:38:49 | SUCCESS | 消息内容:{'spider_name': 'caijing_china_hg', 'start_time': '1595230743', 'end_time': '1595230743', 'collection_name': 'sy_news_finance_china_raw'}  消息处理总量:1条
2020-07-20 at 15:39:18 | SUCCESS | 消息内容:{'start_time': '1595230774', 'spider_name': 'caijing_ifeng_hongguan', 'end_time': '1595230774', 'collection_name': 'sy_news_finance_ifeng_raw'}  消息处理总量:1条
2020-07-20 at 15:39:44 | SUCCESS | 消息内容:{'end_time': '1595230780', 'collection_name': 'sy_news_finance_jrj_raw', 'spider_name': 'caijing_jrj_gncj', 'start_time': '1595230770'}  消息处理总量:17条
2020-07-20 at 15:40:04 | SUCCESS | 消息内容:{'spider_name': 'hangye_cena_news', 'start_time': '1595230832', 'end_time': '1595230835', 'collection_name': 'sy_news_hangye_cena_raw'}  消息处理总量:4条
2020-07-20 at 15:40:09 | SUCCESS | 消息内容:{'end_time': '1595230753', 'collection_name': 'sy_news_finance_10jqka_raw', 'spider_name': 'caijing_10jqka_cjyw', 'start_time': '1595230753'}  消息处理总量:1条
2020-07-20 at 15:40:27 | SUCCESS | 消息内容:{'start_time': '1595230782', 'spider_name': 'caijing_eastday_caijing', 'end_time': '1595230806', 'collection_name': 'sy_news_finance_eastday_raw'}  消息处理总量:11条
2020-07-20 at 15:41:05 | SUCCESS | 消息内容:{'spider_name': 'caijing_cnstock_ssgs_all', 'start_time': '1595230873', 'end_time': '1595230873', 'collection_name': 'sy_news_finance_cnstock_raw'}  消息处理总量:1条
2020-07-20 at 15:41:31 | SUCCESS | 消息内容:{'start_time': '1595230873', 'spider_name': 'caijing_china_jijin', 'end_time': '1595230884', 'collection_name': 'sy_news_finance_china_raw'}  消息处理总量:12条
2020-07-20 at 15:42:18 | SUCCESS | 消息内容:{'end_time': '1595230945', 'collection_name': 'sy_news_finance_eastmoney_raw', 'spider_name': 'caijing_eastmoney_czggng', 'start_time': '1595230945'}  消息处理总量:2条
2020-07-20 at 15:44:01 | SUCCESS | 消息内容:{'spider_name': 'caijing_china_jrkj', 'start_time': '1595231054', 'end_time': '1595231054', 'collection_name': 'sy_news_finance_china_raw'}  消息处理总量:1条
2020-07-20 at 15:44:35 | SUCCESS | 消息内容:{'start_time': '1595230925', 'spider_name': 'caijing_thecapital_zixun', 'end_time': '1595231054', 'collection_name': 'sy_news_finance_thecapital_raw'}  消息处理总量:7条
2020-07-20 at 15:45:30 | SUCCESS | 消息内容:{'end_time': '1595231113', 'collection_name': 'sy_news_finance_eastmoney_raw', 'spider_name': 'caijing_eastmoney_stock_all', 'start_time': '1595231068'}  消息处理总量:12条
2020-07-20 at 15:45:49 | SUCCESS | 消息内容:{'spider_name': 'caijing_eastmoney_ccjxw', 'start_time': '1595231127', 'end_time': '1595231135', 'collection_name': 'sy_news_finance_eastmoney_raw'}  消息处理总量:15条
2020-07-20 at 15:46:09 | SUCCESS | 消息内容:{'start_time': '1595231182', 'spider_name': 'caijing_jiemian_zq', 'end_time': '1595231182', 'collection_name': 'sy_news_finance_jiemian_raw'}  消息处理总量:1条
2020-07-20 at 15:46:22 | SUCCESS | 消息内容:{'end_time': '1595231194', 'collection_name': 'sy_news_finance_jrj_raw', 'spider_name': 'caijing_jrj_chanjing', 'start_time': '1595231194'}  消息处理总量:2条
2020-07-20 at 15:48:37 | SUCCESS | 消息内容:{'spider_name': 'caijing_cqnews_finance_all', 'start_time': '1595231233', 'end_time': '1595231264', 'collection_name': 'sy_news_finance_cqnews_raw'}  消息处理总量:2条
2020-07-20 at 15:49:30 | SUCCESS | 消息内容:{'start_time': '1595231377', 'spider_name': 'caijing_jrj_gncj', 'end_time': '1595231379', 'collection_name': 'sy_news_finance_jrj_raw'}  消息处理总量:5条
2020-07-20 at 15:49:38 | SUCCESS | 消息内容:{'end_time': '1595231386', 'collection_name': 'sy_news_finance_eastmoney_raw', 'spider_name': 'caijing_eastmoney_ganggu', 'start_time': '1595231384'}  消息处理总量:4条
2020-07-20 at 15:50:27 | SUCCESS | 消息内容:{'spider_name': 'caijing_eastmoney_ccjxw', 'start_time': '1595231437', 'end_time': '1595231439', 'collection_name': 'sy_news_finance_eastmoney_raw'}  消息处理总量:3条
2020-07-20 at 15:51:00 | SUCCESS | 消息内容:{'start_time': '1595231468', 'spider_name': 'caijing_nbd_auto_all', 'end_time': '1595231469', 'collection_name': 'sy_news_finance_nbd_raw'}  消息处理总量:3条
2020-07-20 at 15:51:29 | SUCCESS | 消息内容:{'end_time': '1595231429', 'collection_name': 'sy_news_finance_leju_raw', 'spider_name': 'caijing_leju_lejucaijing_all', 'start_time': '1595231417'}  消息处理总量:2条
2020-07-20 at 15:52:03 | SUCCESS | 消息内容:{'start_time': '1595231524', 'spider_name': 'caijing_p5w_weyt', 'end_time': '1595231530', 'collection_name': 'sy_news_finance_p5w_raw'}  消息处理总量:3条
2020-07-20 at 15:52:09 | SUCCESS | 消息内容:{'spider_name': 'hangye_mining120_guoji', 'start_time': '1595231522', 'end_time': '1595231531', 'collection_name': 'sy_news_hangye_mining120_raw'}  消息处理总量:18条
2020-07-20 at 15:52:11 | SUCCESS | 消息内容:{'end_time': '1595231563', 'collection_name': 'sy_news_hangye_brick_tile_raw', 'spider_name': 'hangye_brick_title_news', 'start_time': '1595231562'}  消息处理总量:2条
2020-07-20 at 15:52:37 | SUCCESS | 消息内容:{'spider_name': 'caijing_china_chanjing', 'start_time': '1595231324', 'end_time': '1595231566', 'collection_name': 'sy_news_finance_china_raw'}  消息处理总量:5条
2020-07-20 at 15:53:21 | SUCCESS | 消息内容:{'start_time': '1595231594', 'spider_name': 'caijing_sina_guonei', 'end_time': '1595231600', 'collection_name': 'sy_news_finance_sina_raw'}  消息处理总量:11条
2020-07-20 at 15:53:26 | SUCCESS | 消息内容:{'end_time': '1595231619', 'collection_name': 'sy_news_finance_cnstock_raw', 'spider_name': 'caijing_cnstock_news_all', 'start_time': '1595231618'}  消息处理总量:2条
2020-07-20 at 15:55:37 | SUCCESS | 消息内容:{'spider_name': 'hangye_zgkyb_news', 'start_time': '1595231766', 'end_time': '1595231768', 'collection_name': 'sy_news_hangye_zgkyb_raw'}  消息处理总量:4条
2020-07-20 at 15:55:49 | SUCCESS | 消息内容:{'start_time': '1595231694', 'spider_name': 'caijing_wabei_chanye', 'end_time': '1595231700', 'collection_name': 'sy_news_finance_wabei_raw'}  消息处理总量:4条
2020-07-20 at 15:56:04 | SUCCESS | 消息内容:{'end_time': '1595231733', 'collection_name': 'sy_news_finance_people_raw', 'spider_name': 'caijing_people_yuanchuang', 'start_time': '1595231733'}  消息处理总量:1条
2020-07-20 at 15:57:27 | SUCCESS | 消息内容:{'start_time': '1595231798', 'spider_name': 'caijing_eastmoney_stock_all', 'end_time': '1595231835', 'collection_name': 'sy_news_finance_eastmoney_raw'}  消息处理总量:13条
2020-07-20 at 15:58:03 | SUCCESS | 消息内容:{'spider_name': 'caijing_eastmoney_ccjxw', 'start_time': '1595231747', 'end_time': '1595231826', 'collection_name': 'sy_news_finance_eastmoney_raw'}  消息处理总量:44条
2020-07-20 at 15:58:11 | SUCCESS | 消息内容:{'end_time': '1595231902', 'collection_name': 'sy_news_finance_sina_raw', 'spider_name': 'caijing_sina_guonei', 'start_time': '1595231902'}  消息处理总量:2条
2020-07-20 at 15:58:44 | SUCCESS | 消息内容:{'spider_name': 'caijing_askci_gcy', 'start_time': '1595231921', 'end_time': '1595231923', 'collection_name': 'sy_news_finance_askci_raw'}  消息处理总量:4条
2020-07-20 at 15:59:20 | SUCCESS | 消息内容:{'start_time': '1595231964', 'spider_name': 'caijing_cs_shichang', 'end_time': '1595231968', 'collection_name': 'sy_news_finance_cs_raw'}  消息处理总量:8条
2020-07-20 at 15:59:35 | SUCCESS | 消息内容:{'end_time': '1595231986', 'collection_name': 'sy_news_finance_csi_raw', 'spider_name': 'caijing_csi_yeneizixun_all', 'start_time': '1595231986'}  消息处理总量:1条
2020-07-20 at 16:00:17 | SUCCESS | 消息内容:{'spider_name': 'caijing_eastday_caijing', 'start_time': '1595232003', 'end_time': '1595232012', 'collection_name': 'sy_news_finance_eastday_raw'}  消息处理总量:3条
2020-07-20 at 16:01:05 | SUCCESS | 消息内容:{'start_time': '1595232043', 'spider_name': 'caijing_qq_hongguan', 'end_time': '1595232052', 'collection_name': 'sy_news_finance_qq_raw'}  消息处理总量:14条
2020-07-20 at 16:01:33 | SUCCESS | 消息内容:{'end_time': '1595232091', 'collection_name': 'sy_news_finance_sina_raw', 'spider_name': 'caijing_sina_ssgs', 'start_time': '1595232085'}  消息处理总量:11条
2020-07-20 at 16:02:09 | SUCCESS | 消息内容:{'spider_name': 'caijing_cnstock_blog_all', 'start_time': '1595232142', 'end_time': '1595232142', 'collection_name': 'sy_news_finance_cnstock_raw'}  消息处理总量:1条
2020-07-20 at 16:02:11 | SUCCESS | 消息内容:{'start_time': '1595232142', 'spider_name': 'caijing_china_qiche', 'end_time': '1595232142', 'collection_name': 'sy_news_finance_china_raw'}  消息处理总量:1条
2020-07-20 at 16:03:20 | SUCCESS | 消息内容:{'spider_name': 'caijing_sina_guonei', 'start_time': '1595232212', 'end_time': '1595232212', 'collection_name': 'sy_news_finance_sina_raw'}  消息处理总量:1条
2020-07-20 at 16:03:29 | SUCCESS | 消息内容:{'end_time': '1595232150', 'collection_name': 'sy_news_finance_eastmoney_raw', 'spider_name': 'caijing_eastmoney_cgnjj', 'start_time': '1595232109'}  消息处理总量:43条
2020-07-20 at 16:04:10 | SUCCESS | 消息内容:{'start_time': '1595232234', 'spider_name': 'caijing_591hx_scjh', 'end_time': '1595232239', 'collection_name': 'sy_news_finance_591hx_raw'}  消息处理总量:4条
2020-07-20 at 16:05:10 | SUCCESS | 消息内容:{'end_time': '1595232322', 'collection_name': 'sy_news_finance_caijing_raw', 'spider_name': 'caijing_caijing_industry', 'start_time': '1595232322'}  消息处理总量:1条
2020-07-20 at 16:08:06 | SUCCESS | 消息内容:{'start_time': '1595232287', 'spider_name': 'caijing_eastmoney_jigou_all', 'end_time': '1595232432', 'collection_name': 'sy_news_finance_eastmoney_raw'}  消息处理总量:11条
2020-07-20 at 16:08:06 | SUCCESS | 消息内容:{'spider_name': 'caijing_eastmoney_caijing', 'start_time': '1595232446', 'end_time': '1595232460', 'collection_name': 'sy_news_finance_eastmoney_raw'}  消息处理总量:23条
2020-07-20 at 16:10:17 | SUCCESS | 消息内容:{'spider_name': 'caijing_cs_cjyw', 'start_time': '1595232595', 'end_time': '1595232603', 'collection_name': 'sy_news_finance_cs_raw'}  消息处理总量:10条
2020-07-20 at 16:10:18 | SUCCESS | 消息内容:{'end_time': '1595232607', 'collection_name': 'sy_news_finance_hexun_raw', 'spider_name': 'caijing_hexun_gsyw', 'start_time': '1595232594'}  消息处理总量:22条
2020-07-20 at 16:10:23 | SUCCESS | 消息内容:{'start_time': '1595232608', 'spider_name': 'caijing_emoney_ssgs', 'end_time': '1595232623', 'collection_name': 'sy_news_finance_emoney_raw'}  消息处理总量:13条
2020-07-20 at 16:10:31 | SUCCESS | 消息内容:{'end_time': '1595232641', 'collection_name': 'sy_news_finance_qianlong_raw', 'spider_name': 'caijing_qianlong_jingji', 'start_time': '1595232638'}  消息处理总量:2条
