2020-08-10 at 16:59:53 | SUCCESS | 消息内容:{'end_time': '1597048388', 'spider_name': 'caijing_eastday_caijing', 'collection_name': 'sy_news_finance_eastday_raw', 'start_time': '1597048388'}  消息处理总量:1条
2020-08-10 at 17:00:57 | SUCCESS | 消息内容:{'end_time': '1597048465', 'spider_name': 'caijing_sina_ssgs', 'collection_name': 'sy_news_finance_sina_raw', 'start_time': '1597048465'}  消息处理总量:1条
2020-08-10 at 17:02:02 | SUCCESS | 消息内容:{'end_time': '1597048343', 'spider_name': 'caijing_cqnews_finance_all', 'collection_name': 'sy_news_finance_cqnews_raw', 'start_time': '1597048343'}  消息处理总量:1条
2020-08-10 at 17:03:47 | SUCCESS | 消息内容:{'end_time': '1597048477', 'spider_name': 'caijing_huxiu_zixun', 'collection_name': 'sy_news_finance_huxiu_raw', 'start_time': '1597048474'}  消息处理总量:2条
2020-08-10 at 17:03:57 | SUCCESS | 消息内容:{'spider_name': 'caijing_eastmoney_stock_all', 'end_time': '1597048454', 'start_time': '1597048427', 'collection_name': 'sy_news_finance_eastmoney_raw'}  消息处理总量:30条
2020-08-10 at 17:04:58 | SUCCESS | 消息内容:{'spider_name': 'hangye_csia_news', 'end_time': '1597048524', 'start_time': '1597048524', 'collection_name': 'sy_news_hangye_csia_raw'}  消息处理总量:1条
2020-08-10 at 17:05:47 | SUCCESS | 消息内容:{'spider_name': 'hangye_autohome_news', 'end_time': '1597048524', 'start_time': '1597048524', 'collection_name': 'sy_news_hangye_autohome_raw'}  消息处理总量:1条
2020-08-10 at 17:06:13 | SUCCESS | 消息内容:{'collection_name': 'sy_news_finance_eastmoney_raw', 'end_time': '1597048459', 'spider_name': 'caijing_eastmoney_ccjxw', 'start_time': '1597048440'}  消息处理总量:38条
2020-08-10 at 17:06:28 | SUCCESS | 消息内容:{'start_time': '1597048488', 'spider_name': 'caijing_eastmoney_cgnjj', 'collection_name': 'sy_news_finance_eastmoney_raw', 'end_time': '1597048499'}  消息处理总量:16条
2020-08-10 at 17:07:21 | SUCCESS | 消息内容:{'spider_name': 'caijing_eastmoney_caijing', 'end_time': '1597048517', 'start_time': '1597048516', 'collection_name': 'sy_news_finance_eastmoney_raw'}  消息处理总量:3条
2020-08-10 at 17:07:57 | SUCCESS | 消息内容:{'collection_name': 'sy_news_finance_askci_raw', 'end_time': '1597048507', 'spider_name': 'caijing_askci_gcy', 'start_time': '1597048505'}  消息处理总量:4条
2020-08-10 at 17:08:13 | SUCCESS | 消息内容:{'start_time': '1597048535', 'spider_name': 'caijing_hexun_hongguan', 'collection_name': 'sy_news_finance_hexun_raw', 'end_time': '1597048539'}  消息处理总量:3条
2020-08-10 at 17:08:40 | SUCCESS | 消息内容:{'spider_name': 'caijing_sina_guonei', 'end_time': '1597048595', 'start_time': '1597048595', 'collection_name': 'sy_news_finance_sina_raw'}  消息处理总量:1条
2020-08-10 at 17:09:11 | SUCCESS | 消息内容:{'collection_name': 'sy_news_finance_10jqka_raw', 'end_time': '1597048583', 'spider_name': 'caijing_10jqka_cjyw', 'start_time': '1597048575'}  消息处理总量:4条
2020-08-10 at 17:09:36 | SUCCESS | 消息内容:{'end_time': '1597048634', 'spider_name': 'caijing_163_gupiao', 'collection_name': 'sy_news_finance_163_raw', 'start_time': '1597048634'}  消息处理总量:1条
2020-08-10 at 17:10:24 | SUCCESS | 消息内容:{'spider_name': 'caijing_leju_lejucaijing_all', 'end_time': '1597048586', 'start_time': '1597048576', 'collection_name': 'sy_news_finance_leju_raw'}  消息处理总量:2条
2020-08-10 at 17:10:38 | SUCCESS | 消息内容:{'collection_name': 'sy_news_finance_hexun_raw', 'end_time': '1597048667', 'spider_name': 'caijing_hexun_gsyw', 'start_time': '1597048664'}  消息处理总量:4条
2020-08-10 at 17:10:55 | SUCCESS | 消息内容:{'end_time': '1597048675', 'spider_name': 'caijing_cnfol_gegu', 'collection_name': 'sy_news_finance_cnfol_raw', 'start_time': '1597048672'}  消息处理总量:6条
2020-08-10 at 17:12:14 | SUCCESS | 消息内容:{'spider_name': 'caijing_cs_cjyw', 'end_time': '1597048686', 'start_time': '1597048666', 'collection_name': 'sy_news_finance_cs_raw'}  消息处理总量:5条
2020-08-10 at 17:12:14 | SUCCESS | 消息内容:{'spider_name': 'caijing_sac_hydt', 'start_time': '1597048708', 'collection_name': 'sy_news_finance_sac_raw', 'end_time': '1597048711'}  消息处理总量:6条
2020-08-10 at 17:12:34 | SUCCESS | 消息内容:{'end_time': '1597048689', 'spider_name': 'caijing_yuncaijing_neican', 'collection_name': 'sy_news_finance_yuncaijing_raw', 'start_time': '1597048685'}  消息处理总量:6条
2020-08-10 at 17:13:07 | SUCCESS | 消息内容:{'spider_name': 'caijing_eastday_caijing', 'end_time': '1597048696', 'start_time': '1597048696', 'collection_name': 'sy_news_finance_eastday_raw'}  消息处理总量:1条
2020-08-10 at 17:13:21 | SUCCESS | 消息内容:{'collection_name': 'sy_news_finance_eastmoney_raw', 'start_time': '1597048693', 'spider_name': 'caijing_eastmoney_wh', 'end_time': '1597048693'}  消息处理总量:1条
2020-08-10 at 17:13:54 | SUCCESS | 消息内容:{'start_time': '1597048763', 'spider_name': 'caijing_china_zq', 'collection_name': 'sy_news_finance_china_raw', 'end_time': '1597048763'}  消息处理总量:2条
2020-08-10 at 17:14:11 | SUCCESS | 消息内容:{'spider_name': 'caijing_sina_ssgs', 'end_time': '1597048777', 'start_time': '1597048776', 'collection_name': 'sy_news_finance_sina_raw'}  消息处理总量:2条
2020-08-10 at 17:15:14 | SUCCESS | 消息内容:{'spider_name': 'caijing_guandian_news_all', 'end_time': '1597048776', 'start_time': '1597048774', 'collection_name': 'sy_news_finance_guandian_raw'}  消息处理总量:2条
2020-08-10 at 17:15:22 | SUCCESS | 消息内容:{'start_time': '1597048753', 'spider_name': 'caijing_10jqka_hyyj', 'collection_name': 'sy_news_finance_10jqka_raw', 'end_time': '1597048753'}  消息处理总量:1条
2020-08-10 at 17:16:53 | SUCCESS | 消息内容:{'spider_name': 'caijing_eastmoney_hk_all', 'end_time': '1597048789', 'start_time': '1597048788', 'collection_name': 'sy_news_finance_eastmoney_raw'}  消息处理总量:2条
2020-08-10 at 17:17:12 | SUCCESS | 消息内容:{'start_time': '1597048790', 'spider_name': 'caijing_ccmn_yaowen', 'collection_name': 'sy_news_finance_ccmn_raw', 'end_time': '1597048794'}  消息处理总量:5条
2020-08-10 at 17:18:05 | SUCCESS | 消息内容:{'spider_name': 'caijing_nbd_jinrong_all', 'end_time': '1597048801', 'start_time': '1597048801', 'collection_name': 'sy_news_finance_nbd_raw'}  消息处理总量:1条
2020-08-10 at 17:19:35 | SUCCESS | 消息内容:{'spider_name': 'caijing_jrj_chanjing', 'end_time': '1597048815', 'start_time': '1597048815', 'collection_name': 'sy_news_finance_jrj_raw'}  消息处理总量:2条
2020-08-10 at 17:19:46 | SUCCESS | 消息内容:{'end_time': '1597048806', 'spider_name': 'caijing_eastmoney_cgnjj', 'collection_name': 'sy_news_finance_eastmoney_raw', 'start_time': '1597048800'}  消息处理总量:12条
2020-08-10 at 17:20:17 | SUCCESS | 消息内容:{'collection_name': 'sy_news_finance_eastmoney_raw', 'start_time': '1597048748', 'spider_name': 'caijing_eastmoney_ccjxw', 'end_time': '1597048782'}  消息处理总量:53条
2020-08-10 at 17:21:14 | SUCCESS | 消息内容:{'spider_name': 'caijing_eastmoney_caijing', 'end_time': '1597048826', 'start_time': '1597048825', 'collection_name': 'sy_news_finance_eastmoney_raw'}  消息处理总量:3条
2020-08-10 at 17:21:28 | SUCCESS | 消息内容:{'spider_name': 'caijing_china_chanjing', 'start_time': '1597048595', 'collection_name': 'sy_news_finance_china_raw', 'end_time': '1597048595'}  消息处理总量:1条
2020-08-10 at 17:21:30 | SUCCESS | 消息内容:{'start_time': '1597048809', 'spider_name': 'caijing_eastmoney_stock_all', 'collection_name': 'sy_news_finance_eastmoney_raw', 'end_time': '1597048821'}  消息处理总量:5条
2020-08-10 at 17:22:06 | SUCCESS | 消息内容:{'spider_name': 'caijing_stockstar_gs', 'end_time': '1597048855', 'start_time': '1597048855', 'collection_name': 'sy_news_finance_stockstar_raw'}  消息处理总量:1条
2020-08-10 at 17:22:32 | SUCCESS | 消息内容:{'spider_name': 'caijing_cs_gongsi', 'start_time': '1597048868', 'collection_name': 'sy_news_finance_cs_raw', 'end_time': '1597048868'}  消息处理总量:1条
2020-08-10 at 17:22:34 | SUCCESS | 消息内容:{'start_time': '1597048894', 'spider_name': 'caijing_stcn_gs', 'collection_name': 'sy_news_finance_stcn_raw', 'end_time': '1597048894'}  消息处理总量:3条
2020-08-10 at 17:23:30 | SUCCESS | 消息内容:{'end_time': '1597048942', 'start_time': '1597048942', 'collection_name': 'sy_news_finance_cnstock_raw', 'spider_name': 'caijing_cnstock_company_all'}  消息处理总量:1条
2020-08-10 at 17:23:33 | SUCCESS | 消息内容:{'start_time': '1597048894', 'spider_name': 'caijing_smm_yaowen', 'collection_name': 'sy_news_finance_smm_raw', 'end_time': '1597048899'}  消息处理总量:2条
2020-08-10 at 17:24:16 | SUCCESS | 消息内容:{'start_time': '1597048945', 'spider_name': 'caijing_bjnews_finance', 'collection_name': 'sy_news_finance_bjnews_raw', 'end_time': '1597048946'}  消息处理总量:2条
2020-08-10 at 17:24:17 | SUCCESS | 消息内容:{'spider_name': 'caijing_sina_guonei', 'end_time': '1597048904', 'start_time': '1597048902', 'collection_name': 'sy_news_finance_sina_raw'}  消息处理总量:5条
2020-08-10 at 17:25:09 | SUCCESS | 消息内容:{'collection_name': 'sy_news_finance_abi_raw', 'start_time': '1597048938', 'spider_name': 'caijing_abi_zixun', 'end_time': '1597048949'}  消息处理总量:4条
2020-08-10 at 17:26:41 | SUCCESS | 消息内容:{'spider_name': 'caijing_hexun_gsyw', 'end_time': '1597048980', 'start_time': '1597048975', 'collection_name': 'sy_news_finance_hexun_raw'}  消息处理总量:8条
2020-08-10 at 17:27:42 | SUCCESS | 消息内容:{'start_time': '1597048934', 'spider_name': 'caijing_10jqka_zqzx', 'collection_name': 'sy_news_finance_10jqka_raw', 'end_time': '1597048934'}  消息处理总量:1条
2020-08-10 at 17:27:58 | SUCCESS | 消息内容:{'start_time': '1597048976', 'end_time': '1597048984', 'collection_name': 'sy_news_finance_eastmoney_raw', 'spider_name': 'caijing_eastmoney_gsxw'}  消息处理总量:8条
2020-08-10 at 17:28:29 | SUCCESS | 消息内容:{'spider_name': 'caijing_southmoney_caijingyaowen', 'end_time': '1597048978', 'start_time': '1597048976', 'collection_name': 'sy_news_finance_southmoney_raw'}  消息处理总量:4条
2020-08-10 at 17:28:50 | SUCCESS | 消息内容:{'start_time': '1597048992', 'spider_name': 'caijing_cnstock_cyjj', 'collection_name': 'sy_news_finance_cnstock_raw', 'end_time': '1597048992'}  消息处理总量:1条
2020-08-10 at 17:29:58 | SUCCESS | 消息内容:{'end_time': '1597048994', 'spider_name': 'caijing_yuncaijing_neican', 'collection_name': 'sy_news_finance_yuncaijing_raw', 'start_time': '1597048994'}  消息处理总量:1条
2020-08-10 at 17:30:07 | SUCCESS | 消息内容:{'spider_name': 'caijing_lieyunwang_zixun', 'start_time': '1597048954', 'collection_name': 'sy_news_finance_lieyunwang_raw', 'end_time': '1597048961'}  消息处理总量:5条
2020-08-10 at 17:30:47 | SUCCESS | 消息内容:{'spider_name': 'caijing_ocn_shichang', 'end_time': '1597048976', 'start_time': '1597048976', 'collection_name': 'sy_news_finance_ocn_raw'}  消息处理总量:1条
2020-08-10 at 17:31:49 | SUCCESS | 消息内容:{'start_time': '1597049033', 'spider_name': 'caijing_sina_chanjing', 'collection_name': 'sy_news_finance_sina_raw', 'end_time': '1597049034'}  消息处理总量:3条
2020-08-10 at 17:32:00 | SUCCESS | 消息内容:{'collection_name': 'sy_news_finance_iyiou_raw', 'end_time': '1597049037', 'spider_name': 'caijing_iyiou_kuaixun', 'start_time': '1597049034'}  消息处理总量:2条
2020-08-10 at 17:32:42 | SUCCESS | 消息内容:{'spider_name': 'caijing_eastmoney_xinsanban_all', 'end_time': '1597048938', 'start_time': '1597048938', 'collection_name': 'sy_news_finance_eastmoney_raw'}  消息处理总量:1条
2020-08-10 at 17:33:10 | SUCCESS | 消息内容:{'end_time': '1597049049', 'spider_name': 'caijing_mysteel_zonghe_all', 'collection_name': 'sy_news_finance_mysteel_raw', 'start_time': '1597049013'}  消息处理总量:5条
2020-08-10 at 17:33:33 | SUCCESS | 消息内容:{'spider_name': 'caijing_eastmoney_cjjsp', 'end_time': '1597049050', 'start_time': '1597049050', 'collection_name': 'sy_news_finance_eastmoney_raw'}  消息处理总量:1条
2020-08-10 at 17:35:00 | SUCCESS | 消息内容:{'end_time': '1597049087', 'spider_name': 'caijing_eccn_zxzx', 'collection_name': 'sy_news_finance_eccn_raw', 'start_time': '1597049087'}  消息处理总量:1条
2020-08-10 at 17:37:11 | SUCCESS | 消息内容:{'spider_name': 'caijing_eastmoney_cgnjj', 'end_time': '1597049118', 'start_time': '1597049108', 'collection_name': 'sy_news_finance_eastmoney_raw'}  消息处理总量:13条
2020-08-10 at 17:37:20 | SUCCESS | 消息内容:{'start_time': '1597049136', 'spider_name': 'caijing_eastmoney_caijing', 'collection_name': 'sy_news_finance_eastmoney_raw', 'end_time': '1597049139'}  消息处理总量:3条
2020-08-10 at 17:37:40 | SUCCESS | 消息内容:{'spider_name': 'caijing_eastmoney_ccjxw', 'start_time': '1597049058', 'collection_name': 'sy_news_finance_eastmoney_raw', 'end_time': '1597049085'}  消息处理总量:44条
2020-08-10 at 17:38:19 | SUCCESS | 消息内容:{'spider_name': 'caijing_hexun_hongguan', 'end_time': '1597049155', 'start_time': '1597049154', 'collection_name': 'sy_news_finance_hexun_raw'}  消息处理总量:3条
2020-08-10 at 17:39:15 | SUCCESS | 消息内容:{'start_time': '1597049173', 'end_time': '1597049173', 'collection_name': 'sy_news_finance_china_raw', 'spider_name': 'caijing_china_hg'}  消息处理总量:1条
2020-08-10 at 17:39:43 | SUCCESS | 消息内容:{'end_time': '1597049161', 'spider_name': 'caijing_eastmoney_hk_all', 'collection_name': 'sy_news_finance_eastmoney_raw', 'start_time': '1597049155'}  消息处理总量:7条
2020-08-10 at 17:40:48 | SUCCESS | 消息内容:{'spider_name': 'caijing_eastmoney_czggng', 'start_time': '1597049185', 'collection_name': 'sy_news_finance_eastmoney_raw', 'end_time': '1597049185'}  消息处理总量:2条
2020-08-10 at 17:41:11 | SUCCESS | 消息内容:{'start_time': '1597049118', 'spider_name': 'caijing_leju_lejucaijing_all', 'collection_name': 'sy_news_finance_leju_raw', 'end_time': '1597049118'}  消息处理总量:1条
2020-08-10 at 17:41:59 | SUCCESS | 消息内容:{'spider_name': 'caijing_cnfol_cyjj', 'end_time': '1597049172', 'start_time': '1597049172', 'collection_name': 'sy_news_finance_cnfol_raw'}  消息处理总量:1条
2020-08-10 at 17:42:47 | SUCCESS | 消息内容:{'end_time': '1597049214', 'spider_name': 'caijing_sina_guonei', 'collection_name': 'sy_news_finance_sina_raw', 'start_time': '1597049213'}  消息处理总量:5条
2020-08-10 at 17:42:50 | SUCCESS | 消息内容:{'spider_name': 'caijing_eastmoney_stock_all', 'end_time': '1597049188', 'collection_name': 'sy_news_finance_eastmoney_raw', 'start_time': '1597049173'}  消息处理总量:7条
