2020-08-21 at 10:30:35 | SUCCESS | 消息内容:{'end_time': '1597975074', 'start_time': '1597975074', 'collection_name': 'sy_news_finance_eastmoney_raw', 'spider_name': 'caijing_eastmoney_whdd'}  消息处理总量:1条
2020-08-21 at 10:30:45 | SUCCESS | 消息内容:{'end_time': '1597975259', 'start_time': '1597975209', 'collection_name': 'sy_news_finance_cs_raw', 'spider_name': 'caijing_cs_jijin'}  消息处理总量:3条
2020-08-21 at 10:30:58 | SUCCESS | 消息内容:{'end_time': '1597975068', 'spider_name': 'hangye_cenews_yaowen', 'start_time': '1597975062', 'collection_name': 'sy_news_hangye_cenews_raw'}  消息处理总量:10条
2020-08-21 at 10:31:03 | SUCCESS | 消息内容:{'end_time': '1597975277', 'start_time': '1597975277', 'spider_name': 'caijing_chinapower_guonei', 'collection_name': 'sy_news_finance_chinapower_raw'}  消息处理总量:1条
2020-08-21 at 10:31:05 | SUCCESS | 消息内容:{'end_time': '1597975246', 'start_time': '1597975232', 'collection_name': 'sy_news_finance_pedaily_raw', 'spider_name': 'caijing_pedaily_gundong'}  消息处理总量:5条
2020-08-21 at 10:31:09 | SUCCESS | 消息内容:{'start_time': '1597975297', 'collection_name': 'sy_news_hangye_cnmn_raw', 'end_time': '1597975298', 'spider_name': 'hangye_cnmn_news'}  消息处理总量:3条
2020-08-21 at 10:31:17 | SUCCESS | 消息内容:{'end_time': '1597975297', 'spider_name': 'caijing_eastmoney_hk_all', 'collection_name': 'sy_news_finance_eastmoney_raw', 'start_time': '1597975267'}  消息处理总量:3条
2020-08-21 at 10:31:20 | SUCCESS | 消息内容:{'end_time': '1597975316', 'collection_name': 'sy_news_finance_iyiou_raw', 'start_time': '1597975316', 'spider_name': 'caijing_iyiou_kuaixun'}  消息处理总量:1条
2020-08-21 at 10:31:24 | SUCCESS | 消息内容:{'collection_name': 'sy_news_finance_eastday_raw', 'start_time': '1597975160', 'spider_name': 'caijing_eastday_caijing', 'end_time': '1597975183'}  消息处理总量:22条
2020-08-21 at 10:31:26 | SUCCESS | 消息内容:{'start_time': '1597975423', 'spider_name': 'caijing_qq_Agu', 'end_time': '1597975447', 'collection_name': 'sy_news_finance_qq_raw'}  消息处理总量:2条
2020-08-21 at 10:31:30 | SUCCESS | 消息内容:{'end_time': '1597975616', 'spider_name': 'caijing_jrj_ss', 'start_time': '1597975615', 'collection_name': 'sy_news_finance_jrj_raw'}  消息处理总量:0条
2020-08-21 at 10:31:40 | SUCCESS | 消息内容:{'end_time': '1597975637', 'start_time': '1597975632', 'spider_name': 'caijing_jrj_zspl', 'collection_name': 'sy_news_finance_jrj_raw'}  消息处理总量:4条
2020-08-21 at 10:31:47 | SUCCESS | 消息内容:{'end_time': '1597975726', 'start_time': '1597975720', 'spider_name': 'caijing_cngrain_all', 'collection_name': 'sy_news_finance_cngrain_raw'}  消息处理总量:3条
2020-08-21 at 10:31:48 | SUCCESS | 消息内容:{'end_time': '1597975443', 'spider_name': 'caijing_mysteel_zonghe_all', 'collection_name': 'sy_news_finance_mysteel_raw', 'start_time': '1597975392'}  消息处理总量:14条
2020-08-21 at 10:31:52 | SUCCESS | 消息内容:{'end_time': '1597975773', 'spider_name': 'caijing_bjx_yaowen', 'collection_name': 'sy_news_finance_bjx_raw', 'start_time': '1597975773'}  消息处理总量:1条
2020-08-21 at 10:31:55 | SUCCESS | 消息内容:{'start_time': '1597975745', 'collection_name': 'sy_news_finance_hexun_raw', 'end_time': '1597975746', 'spider_name': 'caijing_hexun_hongguan'}  消息处理总量:3条
2020-08-21 at 10:31:57 | SUCCESS | 消息内容:{'end_time': '1597975802', 'spider_name': 'caijing_china_kj', 'collection_name': 'sy_news_finance_china_raw', 'start_time': '1597975802'}  消息处理总量:1条
2020-08-21 at 10:32:07 | SUCCESS | 消息内容:{'end_time': '1597975820', 'collection_name': 'sy_news_finance_sina_raw', 'start_time': '1597975818', 'spider_name': 'caijing_sina_guonei'}  消息处理总量:6条
2020-08-21 at 10:32:13 | SUCCESS | 消息内容:{'end_time': '1597975805', 'spider_name': 'caijing_smm_yaowen', 'collection_name': 'sy_news_finance_smm_raw', 'start_time': '1597975801'}  消息处理总量:8条
2020-08-21 at 10:32:16 | SUCCESS | 消息内容:{'end_time': '1597975856', 'collection_name': 'sy_news_finance_csi_raw', 'start_time': '1597975852', 'spider_name': 'caijing_csi_yeneizixun_all'}  消息处理总量:2条
2020-08-21 at 10:32:32 | SUCCESS | 消息内容:{'end_time': '1597975910', 'spider_name': 'hangye_smm_news', 'collection_name': 'sy_news_hangye_smm_raw', 'start_time': '1597975906'}  消息处理总量:7条
2020-08-21 at 10:32:35 | SUCCESS | 消息内容:{'collection_name': 'sy_news_finance_abi_raw', 'start_time': '1597975525', 'spider_name': 'caijing_abi_zixun', 'end_time': '1597975529'}  消息处理总量:4条
2020-08-21 at 10:32:38 | SUCCESS | 消息内容:{'collection_name': 'sy_news_finance_askci_raw', 'start_time': '1597975886', 'spider_name': 'caijing_askci_gcy', 'end_time': '1597975886'}  消息处理总量:1条
2020-08-21 at 10:32:42 | SUCCESS | 消息内容:{'end_time': '1597975885', 'spider_name': 'caijing_cs_cjyw', 'start_time': '1597975876', 'collection_name': 'sy_news_finance_cs_raw'}  消息处理总量:9条
2020-08-21 at 10:32:48 | SUCCESS | 消息内容:{'collection_name': 'sy_news_finance_chinaventure_raw', 'start_time': '1597975856', 'spider_name': 'caijing_chinaventure_tuijian', 'end_time': '1597975856'}  消息处理总量:1条
2020-08-21 at 10:32:52 | SUCCESS | 消息内容:{'end_time': '1597975907', 'start_time': '1597975905', 'collection_name': 'sy_news_finance_eastmoney_raw', 'spider_name': 'caijing_eastmoney_ganggu'}  消息处理总量:8条
2020-08-21 at 10:32:56 | SUCCESS | 消息内容:{'collection_name': 'sy_news_finance_eastmoney_raw', 'start_time': '1597976007', 'spider_name': 'caijing_eastmoney_hk_all', 'end_time': '1597976007'}  消息处理总量:1条
2020-08-21 at 10:33:00 | SUCCESS | 消息内容:{'end_time': '1597976035', 'spider_name': 'caijing_sina_xsb', 'collection_name': 'sy_news_finance_sina_raw', 'start_time': '1597976035'}  消息处理总量:3条
2020-08-21 at 10:33:08 | SUCCESS | 消息内容:{'start_time': '1597975951', 'spider_name': 'hangye_bjx_yaowen', 'end_time': '1597975964', 'collection_name': 'sy_news_hangye_bjx_raw'}  消息处理总量:24条
2020-08-21 at 10:33:10 | SUCCESS | 消息内容:{'start_time': '1597976158', 'spider_name': 'caijing_10jqka_zqzx', 'end_time': '1597976158', 'collection_name': 'sy_news_finance_10jqka_raw'}  消息处理总量:0条
2020-08-21 at 10:33:11 | SUCCESS | 消息内容:{'collection_name': 'sy_news_finance_sina_raw', 'start_time': '1597976007', 'spider_name': 'caijing_sina_zsscdt', 'end_time': '1597976046'}  消息处理总量:7条
2020-08-21 at 10:33:21 | SUCCESS | 消息内容:{'end_time': '1597976184', 'spider_name': 'caijing_hexun_gsyw', 'start_time': '1597976183', 'collection_name': 'sy_news_finance_hexun_raw'}  消息处理总量:4条
2020-08-21 at 10:33:49 | SUCCESS | 消息内容:{'collection_name': 'sy_news_finance_jrj_raw', 'start_time': '1597976205', 'spider_name': 'caijing_jrj_gncj', 'end_time': '1597976209'}  消息处理总量:8条
2020-08-21 at 10:33:50 | SUCCESS | 消息内容:{'end_time': '1597976236', 'start_time': '1597976231', 'spider_name': 'caijing_zhicheng_caijing', 'collection_name': 'sy_news_finance_zhicheng_raw'}  消息处理总量:8条
2020-08-21 at 10:34:02 | SUCCESS | 消息内容:{'end_time': '1597976249', 'spider_name': 'caijing_sina_chanjing', 'start_time': '1597976244', 'collection_name': 'sy_news_finance_sina_raw'}  消息处理总量:8条
2020-08-21 at 10:34:03 | SUCCESS | 消息内容:{'collection_name': 'sy_news_hangye_bjx_raw', 'start_time': '1597976257', 'spider_name': 'hangye_bjx_yaowen', 'end_time': '1597976265'}  消息处理总量:12条
2020-08-21 at 10:34:05 | SUCCESS | 消息内容:{'end_time': '1597975995', 'spider_name': 'caijing_eastmoney_jigou_all', 'collection_name': 'sy_news_finance_eastmoney_raw', 'start_time': '1597975901'}  消息处理总量:24条
2020-08-21 at 10:34:07 | SUCCESS | 消息内容:{'start_time': '1597976305', 'spider_name': 'caijing_dcement_zixun', 'end_time': '1597976314', 'collection_name': 'sy_news_finance_dcement_raw'}  消息处理总量:3条
2020-08-21 at 10:34:09 | SUCCESS | 消息内容:{'end_time': '1597976392', 'spider_name': 'caijing_sohu_hs', 'collection_name': 'sy_news_finance_sohu_raw', 'start_time': '1597976392'}  消息处理总量:1条
2020-08-21 at 10:34:15 | SUCCESS | 消息内容:{'end_time': '1597976474', 'start_time': '1597976473', 'collection_name': 'sy_news_finance_jiemian_raw', 'spider_name': 'caijing_jiemian_qiche'}  消息处理总量:2条
2020-08-21 at 10:34:21 | SUCCESS | 消息内容:{'end_time': '1597976408', 'collection_name': 'sy_news_finance_eastmoney_raw', 'start_time': '1597976399', 'spider_name': 'caijing_eastmoney_stock_all'}  消息处理总量:5条
2020-08-21 at 10:34:22 | SUCCESS | 消息内容:{'collection_name': 'sy_news_finance_jrj_raw', 'start_time': '1597976334', 'spider_name': 'caijing_jrj_chanjing', 'end_time': '1597976338'}  消息处理总量:8条
2020-08-21 at 10:34:33 | SUCCESS | 消息内容:{'start_time': '1597976485', 'spider_name': 'caijing_mysteel_zonghe_all', 'end_time': '1597976531', 'collection_name': 'sy_news_finance_mysteel_raw'}  消息处理总量:5条
2020-08-21 at 10:34:36 | SUCCESS | 消息内容:{'start_time': '1597976777', 'collection_name': 'sy_news_finance_jrj_raw', 'end_time': '1597976796', 'spider_name': 'caijing_jrj_xsb'}  消息处理总量:0条
2020-08-21 at 10:34:36 | SUCCESS | 消息内容:{'end_time': '1597976543', 'start_time': '1597976530', 'collection_name': 'sy_news_finance_mei_raw', 'spider_name': 'caijing_mei_all'}  消息处理总量:10条
2020-08-21 at 10:34:41 | SUCCESS | 消息内容:{'end_time': '1597976843', 'spider_name': 'caijing_china_bank', 'collection_name': 'sy_news_finance_china_raw', 'start_time': '1597976843'}  消息处理总量:1条
2020-08-21 at 10:34:49 | SUCCESS | 消息内容:{'collection_name': 'sy_news_finance_eastmoney_raw', 'start_time': '1597976580', 'spider_name': 'caijing_eastmoney_ccjxw', 'end_time': '1597976583'}  消息处理总量:5条
2020-08-21 at 10:34:50 | SUCCESS | 消息内容:{'start_time': '1597976779', 'spider_name': 'caijing_eastmoney_xinsanban_all', 'end_time': '1597976824', 'collection_name': 'sy_news_finance_eastmoney_raw'}  消息处理总量:6条
2020-08-21 at 10:34:57 | SUCCESS | 消息内容:{'end_time': '1597976891', 'spider_name': 'caijing_eccn_zxzx', 'collection_name': 'sy_news_finance_eccn_raw', 'start_time': '1597976887'}  消息处理总量:8条
2020-08-21 at 10:34:59 | SUCCESS | 消息内容:{'collection_name': 'sy_news_finance_eastmoney_raw', 'start_time': '1597976894', 'spider_name': 'caijing_eastmoney_ccjxw', 'end_time': '1597976897'}  消息处理总量:3条
2020-08-21 at 10:34:59 | SUCCESS | 消息内容:{'end_time': '1597977016', 'start_time': '1597977016', 'collection_name': 'sy_news_finance_stockstar_raw', 'spider_name': 'caijing_stockstar_kcb'}  消息处理总量:1条
2020-08-21 at 10:35:00 | SUCCESS | 消息内容:{'end_time': '1597976961', 'collection_name': 'sy_news_finance_jrj_raw', 'start_time': '1597976959', 'spider_name': 'caijing_jrj_chanjing'}  消息处理总量:4条
2020-08-21 at 10:35:03 | SUCCESS | 消息内容:{'collection_name': 'sy_news_finance_qq_raw', 'start_time': '1597977060', 'spider_name': 'caijing_qq_zhaiquan', 'end_time': '1597977061'}  消息处理总量:2条
2020-08-21 at 10:35:16 | SUCCESS | 消息内容:{'end_time': '1597977227', 'start_time': '1597977161', 'collection_name': 'sy_news_finance_sipf_raw', 'spider_name': 'caijing_sipf_gnjj'}  消息处理总量:9条
2020-08-21 at 10:35:19 | SUCCESS | 消息内容:{'start_time': '1597977280', 'spider_name': 'caijing_southcn_cjtt', 'end_time': '1597977283', 'collection_name': 'sy_news_finance_southcn_raw'}  消息处理总量:4条
2020-08-21 at 10:35:32 | SUCCESS | 消息内容:{'collection_name': 'sy_news_finance_eastmoney_raw', 'start_time': '1597977303', 'spider_name': 'caijing_eastmoney_gsxw', 'end_time': '1597977314'}  消息处理总量:20条
2020-08-21 at 10:37:01 | SUCCESS | 消息内容:{'collection_name': 'sy_news_finance_cnstock_raw', 'start_time': '1597977413', 'spider_name': 'caijing_cnstock_cyjj', 'end_time': '1597977424'}  消息处理总量:13条
2020-08-21 at 10:37:20 | SUCCESS | 消息内容:{'end_time': '1597977415', 'spider_name': 'caijing_winshang_yaowen_all', 'collection_name': 'sy_news_finance_winshang_raw', 'start_time': '1597977339'}  消息处理总量:11条
2020-08-21 at 10:37:53 | SUCCESS | 消息内容:{'start_time': '1597977486', 'spider_name': 'caijing_eastmoney_hk_all', 'end_time': '1597977488', 'collection_name': 'sy_news_finance_eastmoney_raw'}  消息处理总量:3条
2020-08-21 at 10:38:00 | SUCCESS | 消息内容:{'end_time': '1597977501', 'start_time': '1597977500', 'collection_name': 'sy_news_finance_xueqiu_raw', 'spider_name': 'caijing_xueqiu_hs'}  消息处理总量:2条
2020-08-21 at 10:38:06 | SUCCESS | 消息内容:{'collection_name': 'sy_news_finance_sina_raw', 'start_time': '1597977483', 'spider_name': 'caijing_sina_chanjing', 'end_time': '1597977488'}  消息处理总量:10条
2020-08-21 at 10:38:13 | SUCCESS | 消息内容:{'end_time': '1597977511', 'spider_name': 'caijing_eastmoney_ccjxw', 'start_time': '1597977508', 'collection_name': 'sy_news_finance_eastmoney_raw'}  消息处理总量:5条
2020-08-21 at 10:38:42 | SUCCESS | 消息内容:{'collection_name': 'sy_news_finance_hexun_raw', 'start_time': '1597977524', 'spider_name': 'caijing_hexun_hongguan', 'end_time': '1597977529'}  消息处理总量:8条
2020-08-21 at 10:39:19 | SUCCESS | 消息内容:{'end_time': '1597977528', 'start_time': '1597977524', 'spider_name': 'caijing_smm_yaowen', 'collection_name': 'sy_news_finance_smm_raw'}  消息处理总量:3条
2020-08-21 at 10:39:20 | SUCCESS | 消息内容:{'end_time': '1597977567', 'spider_name': 'hangye_cbcie_news', 'collection_name': 'sy_news_hangye_cbcie_raw', 'start_time': '1597977551'}  消息处理总量:16条
2020-08-21 at 10:40:10 | SUCCESS | 消息内容:{'collection_name': 'sy_news_finance_huxiu_raw', 'start_time': '1597977583', 'spider_name': 'caijing_huxiu_zixun', 'end_time': '1597977590'}  消息处理总量:9条
2020-08-21 at 10:40:22 | SUCCESS | 消息内容:{'end_time': '1597977639', 'spider_name': 'caijing_china_kj', 'collection_name': 'sy_news_finance_china_raw', 'start_time': '1597977633'}  消息处理总量:3条
2020-08-21 at 10:41:08 | SUCCESS | 消息内容:{'end_time': '1597977656', 'spider_name': 'caijing_10jqka_cjyw', 'start_time': '1597977607', 'collection_name': 'sy_news_finance_10jqka_raw'}  消息处理总量:12条
2020-08-21 at 10:41:22 | SUCCESS | 消息内容:{'collection_name': 'sy_news_finance_chinapower_raw', 'start_time': '1597977696', 'spider_name': 'caijing_chinapower_guonei', 'end_time': '1597977700'}  消息处理总量:5条
2020-08-21 at 10:42:11 | SUCCESS | 消息内容:{'end_time': '1597977740', 'start_time': '1597977733', 'collection_name': 'sy_news_finance_hexun_raw', 'spider_name': 'caijing_hexun_gsyw'}  消息处理总量:13条
2020-08-21 at 10:42:28 | SUCCESS | 消息内容:{'end_time': '1597977762', 'collection_name': 'sy_news_finance_jrj_raw', 'start_time': '1597977759', 'spider_name': 'caijing_jrj_gncj'}  消息处理总量:5条
2020-08-21 at 10:42:31 | SUCCESS | 消息内容:{'collection_name': 'sy_news_finance_eastmoney_raw', 'start_time': '1597977765', 'spider_name': 'caijing_eastmoney_ganggu', 'end_time': '1597977766'}  消息处理总量:2条
2020-08-21 at 10:43:02 | SUCCESS | 消息内容:{'end_time': '1597977799', 'start_time': '1597977792', 'collection_name': 'sy_news_finance_sina_raw', 'spider_name': 'caijing_sina_chanjing'}  消息处理总量:4条
2020-08-21 at 10:43:15 | SUCCESS | 消息内容:{'collection_name': 'sy_news_finance_iyiou_raw', 'start_time': '1597977792', 'spider_name': 'caijing_iyiou_kuaixun', 'end_time': '1597977799'}  消息处理总量:11条
2020-08-21 at 10:43:21 | SUCCESS | 消息内容:{'start_time': '1597977804', 'spider_name': 'caijing_xueqiu_hs', 'end_time': '1597977807', 'collection_name': 'sy_news_finance_xueqiu_raw'}  消息处理总量:3条
2020-08-21 at 10:44:01 | SUCCESS | 消息内容:{'end_time': '1597977863', 'start_time': '1597977863', 'spider_name': 'news_moe_tz', 'collection_name': 'sy_news_moe_raw'}  消息处理总量:1条
2020-08-21 at 10:44:10 | SUCCESS | 消息内容:{'end_time': '1597977859', 'start_time': '1597977856', 'collection_name': 'sy_news_finance_eastmoney_raw', 'spider_name': 'caijing_eastmoney_hk_all'}  消息处理总量:3条
2020-08-21 at 10:45:57 | SUCCESS | 消息内容:{'collection_name': 'sy_news_finance_sina_raw', 'start_time': '1597977971', 'spider_name': 'caijing_sina_guonei', 'end_time': '1597977972'}  消息处理总量:2条
2020-08-21 at 10:46:46 | SUCCESS | 消息内容:{'end_time': '1597978005', 'spider_name': 'caijing_southmoney_caijingyaowen', 'collection_name': 'sy_news_finance_southmoney_raw', 'start_time': '1597978004'}  消息处理总量:3条
2020-08-21 at 10:46:59 | SUCCESS | 消息内容:{'collection_name': 'sy_news_finance_jrj_raw', 'start_time': '1597978022', 'spider_name': 'caijing_jrj_xsb', 'end_time': '1597978041'}  消息处理总量:0条
2020-08-21 at 10:47:01 | SUCCESS | 消息内容:{'start_time': '1597977873', 'collection_name': 'sy_news_finance_591hx_raw', 'end_time': '1597977979', 'spider_name': 'caijing_591hx_stock_all'}  消息处理总量:10条
2020-08-21 at 10:47:33 | SUCCESS | 消息内容:{'end_time': '1597978077', 'start_time': '1597978076', 'collection_name': 'sy_news_finance_cs_raw', 'spider_name': 'caijing_cs_jigou'}  消息处理总量:2条
2020-08-21 at 10:47:44 | SUCCESS | 消息内容:{'end_time': '1597978077', 'spider_name': 'caijing_cnstock_ssgs_all', 'start_time': '1597978072', 'collection_name': 'sy_news_finance_cnstock_raw'}  消息处理总量:9条
2020-08-21 at 10:49:39 | SUCCESS | 消息内容:{'collection_name': 'sy_news_finance_jrj_raw', 'start_time': '1597978194', 'spider_name': 'caijing_jrj_chanjing', 'end_time': '1597978201'}  消息处理总量:5条
2020-08-21 at 10:50:06 | SUCCESS | 消息内容:{'end_time': '1597978190', 'spider_name': 'caijing_cyzone_all', 'collection_name': 'sy_news_finance_cyzone_raw', 'start_time': '1597978065'}  消息处理总量:6条
2020-08-21 at 10:50:41 | SUCCESS | 消息内容:{'collection_name': 'sy_news_finance_cs_raw', 'start_time': '1597978260', 'spider_name': 'caijing_cs_jijin', 'end_time': '1597978261'}  消息处理总量:2条
2020-08-21 at 10:50:55 | SUCCESS | 消息内容:{'end_time': '1597978184', 'start_time': '1597978144', 'spider_name': 'caijing_eastmoney_jigou_all', 'collection_name': 'sy_news_finance_eastmoney_raw'}  消息处理总量:16条
2020-08-21 at 10:51:15 | SUCCESS | 消息内容:{'end_time': '1597978285', 'start_time': '1597978283', 'collection_name': 'sy_news_finance_china_raw', 'spider_name': 'caijing_china_jijin'}  消息处理总量:5条
2020-08-21 at 10:56:14 | SUCCESS | 消息内容:{'end_time': '1597978594', 'spider_name': 'caijing_sina_guonei', 'start_time': '1597978593', 'collection_name': 'sy_news_finance_sina_raw'}  消息处理总量:2条
2020-08-21 at 10:58:18 | SUCCESS | 消息内容:{'end_time': '1597978721', 'start_time': '1597978716', 'collection_name': 'sy_news_finance_jrj_raw', 'spider_name': 'caijing_jrj_ss'}  消息处理总量:0条
2020-08-21 at 10:58:23 | SUCCESS | 消息内容:{'collection_name': 'sy_news_finance_cyzone_raw', 'start_time': '1597978675', 'spider_name': 'caijing_cyzone_zuixin', 'end_time': '1597978679'}  消息处理总量:4条
2020-08-21 at 10:59:19 | SUCCESS | 消息内容:{'collection_name': 'sy_news_finance_eastmoney_raw', 'start_time': '1597978750', 'spider_name': 'caijing_eastmoney_ccjxw', 'end_time': '1597978756'}  消息处理总量:11条
2020-08-21 at 10:59:23 | SUCCESS | 消息内容:{'end_time': '1597978741', 'start_time': '1597978695', 'spider_name': 'caijing_eastday_caijing', 'collection_name': 'sy_news_finance_eastday_raw'}  消息处理总量:29条
2020-08-21 at 11:01:48 | SUCCESS | 消息内容:{'end_time': '1597978873', 'start_time': '1597978853', 'collection_name': 'sy_news_finance_pedaily_raw', 'spider_name': 'caijing_pedaily_gundong'}  消息处理总量:11条
2020-08-21 at 11:01:57 | SUCCESS | 消息内容:{'end_time': '1597978910', 'spider_name': 'caijing_iyiou_kuaixun', 'start_time': '1597978909', 'collection_name': 'sy_news_finance_iyiou_raw'}  消息处理总量:3条
2020-08-21 at 11:02:39 | SUCCESS | 消息内容:{'collection_name': 'sy_news_finance_cnfol_raw', 'start_time': '1597978922', 'spider_name': 'caijing_cnfol_gegu', 'end_time': '1597978945'}  消息处理总量:31条
2020-08-21 at 11:03:26 | SUCCESS | 消息内容:{'end_time': '1597979009', 'spider_name': 'caijing_eastmoney_ganggu', 'collection_name': 'sy_news_finance_eastmoney_raw', 'start_time': '1597979006'}  消息处理总量:5条
2020-08-21 at 11:03:48 | SUCCESS | 消息内容:{'end_time': '1597979018', 'spider_name': 'caijing_10jqka_hyyj', 'start_time': '1597979006', 'collection_name': 'sy_news_finance_10jqka_raw'}  消息处理总量:1条
2020-08-21 at 11:04:06 | SUCCESS | 消息内容:{'collection_name': 'sy_news_finance_jiemian_raw', 'start_time': '1597979064', 'spider_name': 'caijing_jiemian_hg', 'end_time': '1597979064'}  消息处理总量:2条
2020-08-21 at 11:04:52 | SUCCESS | 消息内容:{'end_time': '1597979106', 'start_time': '1597979103', 'collection_name': 'sy_news_finance_china_raw', 'spider_name': 'caijing_china_zq'}  消息处理总量:5条
2020-08-21 at 11:05:04 | SUCCESS | 消息内容:{'end_time': '1597979078', 'start_time': '1597979035', 'spider_name': 'caijing_mysteel_zonghe_all', 'collection_name': 'sy_news_finance_mysteel_raw'}  消息处理总量:9条
2020-08-21 at 11:06:18 | SUCCESS | 消息内容:{'collection_name': 'sy_news_finance_hexun_raw', 'start_time': '1597979192', 'spider_name': 'caijing_hexun_hydt', 'end_time': '1597979193'}  消息处理总量:2条
2020-08-21 at 11:06:52 | SUCCESS | 消息内容:{'end_time': '1597979218', 'start_time': '1597979217', 'collection_name': 'sy_news_finance_ccmn_raw', 'spider_name': 'caijing_ccmn_yaowen'}  消息处理总量:3条
2020-08-21 at 11:07:44 | SUCCESS | 消息内容:{'end_time': '1597979284', 'start_time': '1597979257', 'spider_name': 'caijing_jrj_xsb', 'collection_name': 'sy_news_finance_jrj_raw'}  消息处理总量:0条
2020-08-21 at 11:08:04 | SUCCESS | 消息内容:{'collection_name': 'sy_news_finance_cs_raw', 'start_time': '1597979296', 'spider_name': 'caijing_cs_jigou', 'end_time': '1597979299'}  消息处理总量:5条
2020-08-21 at 11:08:28 | SUCCESS | 消息内容:{'end_time': '1597979349', 'start_time': '1597979349', 'collection_name': 'sy_news_hangye_ledinside_raw', 'spider_name': 'hangye_ledinside_news'}  消息处理总量:1条
2020-08-21 at 11:08:45 | SUCCESS | 消息内容:{'start_time': '1597979343', 'collection_name': 'sy_news_finance_sina_raw', 'end_time': '1597979343', 'spider_name': 'caijing_sina_chanjing'}  消息处理总量:1条
2020-08-21 at 11:09:38 | SUCCESS | 消息内容:{'collection_name': 'sy_news_finance_eastmoney_raw', 'start_time': '1597979358', 'spider_name': 'caijing_eastmoney_stock_all', 'end_time': '1597979376'}  消息处理总量:7条
2020-08-21 at 11:09:55 | SUCCESS | 消息内容:{'end_time': '1597979405', 'start_time': '1597979405', 'collection_name': 'sy_news_finance_huxiu_raw', 'spider_name': 'caijing_huxiu_zixun'}  消息处理总量:1条
2020-08-21 at 11:12:11 | SUCCESS | 消息内容:{'start_time': '1597979554', 'collection_name': 'sy_news_finance_people_raw', 'end_time': '1597979554', 'spider_name': 'caijing_people_cjcy'}  消息处理总量:1条
2020-08-21 at 11:13:10 | SUCCESS | 消息内容:{'collection_name': 'sy_news_finance_cs_raw', 'start_time': '1597979593', 'spider_name': 'caijing_cs_cjyw', 'end_time': '1597979593'}  消息处理总量:1条
2020-08-21 at 11:13:54 | SUCCESS | 消息内容:{'end_time': '1597979653', 'spider_name': 'caijing_sina_chanjing', 'collection_name': 'sy_news_finance_sina_raw', 'start_time': '1597979653'}  消息处理总量:1条
2020-08-21 at 11:14:02 | SUCCESS | 消息内容:{'end_time': '1597979657', 'start_time': '1597979624', 'spider_name': 'caijing_eastmoney_ganggu', 'collection_name': 'sy_news_finance_eastmoney_raw'}  消息处理总量:3条
2020-08-21 at 11:15:35 | SUCCESS | 消息内容:{'collection_name': 'sy_news_finance_chinaventure_raw', 'start_time': '1597979670', 'spider_name': 'caijing_chinaventure_tuijian', 'end_time': '1597979728'}  消息处理总量:7条
2020-08-21 at 11:16:15 | SUCCESS | 消息内容:{'end_time': '1597979782', 'start_time': '1597979775', 'collection_name': 'sy_news_finance_hexun_raw', 'spider_name': 'caijing_hexun_hongguan'}  消息处理总量:12条
2020-08-21 at 11:16:26 | SUCCESS | 消息内容:{'end_time': '1597979796', 'spider_name': 'caijing_cnfol_cyjj', 'start_time': '1597979795', 'collection_name': 'sy_news_finance_cnfol_raw'}  消息处理总量:3条
2020-08-21 at 11:17:24 | SUCCESS | 消息内容:{'collection_name': 'sy_news_finance_cnstock_raw', 'start_time': '1597979852', 'spider_name': 'caijing_cnstock_cyjj', 'end_time': '1597979856'}  消息处理总量:8条
2020-08-21 at 11:19:32 | SUCCESS | 消息内容:{'end_time': '1597979981', 'start_time': '1597979975', 'collection_name': 'sy_news_finance_askci_raw', 'spider_name': 'caijing_askci_gcy'}  消息处理总量:10条
2020-08-21 at 11:19:49 | SUCCESS | 消息内容:{'start_time': '1597979962', 'collection_name': 'sy_news_finance_mysteel_raw', 'end_time': '1597979983', 'spider_name': 'caijing_mysteel_zonghe_all'}  消息处理总量:4条
2020-08-21 at 11:20:57 | SUCCESS | 消息内容:{'collection_name': 'sy_news_finance_10jqka_raw', 'start_time': '1597980043', 'spider_name': 'caijing_10jqka_cjyw', 'end_time': '1597980044'}  消息处理总量:2条
2020-08-21 at 11:22:07 | SUCCESS | 消息内容:{'end_time': '1597980145', 'start_time': '1597980143', 'collection_name': 'sy_news_finance_sina_raw', 'spider_name': 'caijing_sina_guonei'}  消息处理总量:5条
2020-08-21 at 11:23:36 | SUCCESS | 消息内容:{'collection_name': 'sy_news_finance_591hx_raw', 'start_time': '1597980074', 'spider_name': 'caijing_591hx_stock_all', 'end_time': '1597980075'}  消息处理总量:3条
2020-08-21 at 11:23:38 | SUCCESS | 消息内容:{'end_time': '1597980220', 'start_time': '1597980214', 'spider_name': 'caijing_hexun_gsyw', 'collection_name': 'sy_news_finance_hexun_raw'}  消息处理总量:8条
2020-08-21 at 11:24:32 | SUCCESS | 消息内容:{'end_time': '1597980278', 'start_time': '1597980273', 'collection_name': 'sy_news_finance_cnstock_raw', 'spider_name': 'caijing_cnstock_ssgs_all'}  消息处理总量:10条
2020-08-21 at 11:25:08 | SUCCESS | 消息内容:{'end_time': '1597980330', 'start_time': '1597980330', 'spider_name': 'caijing_nbd_auto_all', 'collection_name': 'sy_news_finance_nbd_raw'}  消息处理总量:1条
2020-08-21 at 11:26:09 | SUCCESS | 消息内容:{'collection_name': 'sy_news_finance_eastmoney_raw', 'start_time': '1597980276', 'spider_name': 'caijing_eastmoney_jijin', 'end_time': '1597980320'}  消息处理总量:19条
2020-08-21 at 11:26:19 | SUCCESS | 消息内容:{'end_time': '1597980396', 'start_time': '1597980395', 'collection_name': 'sy_news_finance_hexun_raw', 'spider_name': 'caijing_hexun_hongguan'}  消息处理总量:3条
2020-08-21 at 11:28:58 | SUCCESS | 消息内容:{'end_time': '1597980548', 'collection_name': 'sy_news_finance_jrj_raw', 'start_time': '1597980545', 'spider_name': 'caijing_jrj_gncj'}  消息处理总量:5条
2020-08-21 at 11:29:42 | SUCCESS | 消息内容:{'end_time': '1597980610', 'collection_name': 'sy_news_hangye_ofweek_raw', 'start_time': '1597980610', 'spider_name': 'hangye_ofweek_jishu'}  消息处理总量:1条
2020-08-21 at 11:29:44 | SUCCESS | 消息内容:{'collection_name': 'sy_news_finance_yuncaijing_raw', 'start_time': '1597980543', 'spider_name': 'caijing_yuncaijing_neican', 'end_time': '1597980565'}  消息处理总量:22条
2020-08-21 at 11:29:55 | SUCCESS | 消息内容:{'end_time': '1597980564', 'spider_name': 'caijing_eastday_caijing', 'collection_name': 'sy_news_finance_eastday_raw', 'start_time': '1597980555'}  消息处理总量:9条
2020-08-21 at 11:29:58 | SUCCESS | 消息内容:{'collection_name': 'sy_news_finance_eastmoney_raw', 'start_time': '1597980608', 'spider_name': 'caijing_eastmoney_ccjxw', 'end_time': '1597980610'}  消息处理总量:3条
2020-08-21 at 11:30:56 | SUCCESS | 消息内容:{'end_time': '1597980697', 'spider_name': 'hangye_autohome_news', 'collection_name': 'sy_news_hangye_autohome_raw', 'start_time': '1597980696'}  消息处理总量:2条
2020-08-21 at 11:30:59 | SUCCESS | 消息内容:{'end_time': '1597980676', 'collection_name': 'sy_news_finance_jrj_raw', 'start_time': '1597980676', 'spider_name': 'caijing_jrj_chanjing'}  消息处理总量:1条
2020-08-21 at 11:31:57 | SUCCESS | 消息内容:{'collection_name': 'sy_news_finance_cs_raw', 'start_time': '1597980734', 'spider_name': 'caijing_cs_kcb', 'end_time': '1597980734'}  消息处理总量:1条
2020-08-21 at 11:33:27 | SUCCESS | 消息内容:{'end_time': '1597980831', 'start_time': '1597980821', 'collection_name': 'sy_news_finance_jrj_raw', 'spider_name': 'caijing_jrj_xsb'}  消息处理总量:0条
2020-08-21 at 11:34:24 | SUCCESS | 消息内容:{'start_time': '1597980884', 'spider_name': 'caijing_jrj_ss', 'end_time': '1597980889', 'collection_name': 'sy_news_finance_jrj_raw'}  消息处理总量:0条
2020-08-21 at 11:34:58 | SUCCESS | 消息内容:{'collection_name': 'sy_news_finance_sina_raw', 'start_time': '1597980898', 'spider_name': 'caijing_sina_chanjing', 'end_time': '1597980902'}  消息处理总量:7条
2020-08-21 at 11:36:26 | SUCCESS | 消息内容:{'end_time': '1597980979', 'start_time': '1597980922', 'collection_name': 'sy_news_finance_iresearch_raw', 'spider_name': 'caijing_iresearch_news'}  消息处理总量:8条
2020-08-21 at 11:36:59 | SUCCESS | 消息内容:{'end_time': '1597981037', 'spider_name': 'caijing_gmw_jjpd', 'collection_name': 'sy_news_finance_gmw_raw', 'start_time': '1597981033'}  消息处理总量:2条
2020-08-21 at 11:37:08 | SUCCESS | 消息内容:{'collection_name': 'sy_news_finance_caijing_raw', 'start_time': '1597981011', 'spider_name': 'caijing_caijing_industry', 'end_time': '1597981023'}  消息处理总量:14条
2020-08-21 at 11:37:37 | SUCCESS | 消息内容:{'end_time': '1597981008', 'spider_name': 'caijing_china_chanjing', 'start_time': '1597980768', 'collection_name': 'sy_news_finance_china_raw'}  消息处理总量:26条
2020-08-21 at 11:37:47 | SUCCESS | 消息内容:{'collection_name': 'sy_news_finance_cnstock_raw', 'start_time': '1597981072', 'spider_name': 'caijing_cnstock_cyjj', 'end_time': '1597981076'}  消息处理总量:9条
2020-08-21 at 11:38:13 | SUCCESS | 消息内容:{'collection_name': 'sy_news_finance_china_raw', 'start_time': '1597981112', 'spider_name': 'caijing_china_bank', 'end_time': '1597981112'}  消息处理总量:1条
2020-08-21 at 11:38:16 | SUCCESS | 消息内容:{'end_time': '1597981068', 'start_time': '1597981062', 'collection_name': 'sy_news_finance_smm_raw', 'spider_name': 'caijing_smm_yaowen'}  消息处理总量:8条
2020-08-21 at 11:39:38 | SUCCESS | 消息内容:{'end_time': '1597981115', 'start_time': '1597981086', 'spider_name': 'caijing_36kr_zixun', 'collection_name': 'sy_news_finance_36kr_raw'}  消息处理总量:23条
2020-08-21 at 11:40:32 | SUCCESS | 消息内容:{'end_time': '1597981251', 'spider_name': 'caijing_investorchina_scgz', 'collection_name': 'sy_news_finance_investorchina_raw', 'start_time': '1597981237'}  消息处理总量:2条
2020-08-21 at 11:41:30 | SUCCESS | 消息内容:{'end_time': '1597981177', 'start_time': '1597981167', 'spider_name': 'caijing_cyzone_all', 'collection_name': 'sy_news_finance_cyzone_raw'}  消息处理总量:2条
2020-08-21 at 11:41:38 | SUCCESS | 消息内容:{'collection_name': 'sy_news_finance_guancha_raw', 'start_time': '1597981294', 'spider_name': 'caijing_guancha_shangshi', 'end_time': '1597981294'}  消息处理总量:1条
2020-08-21 at 11:41:48 | SUCCESS | 消息内容:{'end_time': '1597981307', 'start_time': '1597981305', 'collection_name': 'sy_news_finance_eastmoney_raw', 'spider_name': 'caijing_eastmoney_caijing'}  消息处理总量:2条
2020-08-21 at 11:41:56 | SUCCESS | 消息内容:{'end_time': '1597981309', 'collection_name': 'sy_news_finance_qianlong_raw', 'start_time': '1597981305', 'spider_name': 'caijing_qianlong_jingji'}  消息处理总量:3条
2020-08-21 at 11:42:14 | SUCCESS | 消息内容:{'end_time': '1597981289', 'start_time': '1597981289', 'collection_name': 'sy_news_finance_chinaventure_raw', 'spider_name': 'caijing_chinaventure_tuijian'}  消息处理总量:1条
2020-08-21 at 11:42:49 | SUCCESS | 消息内容:{'end_time': '1597981308', 'spider_name': 'caijing_port_hangyezixun_all', 'start_time': '1597981199', 'collection_name': 'sy_news_finance_port_raw'}  消息处理总量:12条
2020-08-21 at 11:43:15 | SUCCESS | 消息内容:{'collection_name': 'sy_news_finance_thepaper_raw', 'start_time': '1597981418', 'spider_name': 'caijing_thepaper_cjsxy', 'end_time': '1597981418'}  消息处理总量:1条
2020-08-21 at 11:43:55 | SUCCESS | 消息内容:{'end_time': '1597981445', 'spider_name': 'caijing_sipf_gnjj', 'collection_name': 'sy_news_finance_sipf_raw', 'start_time': '1597981416'}  消息处理总量:12条
2020-08-21 at 11:44:49 | SUCCESS | 消息内容:{'start_time': '1597981512', 'collection_name': 'sy_news_finance_jrj_raw', 'end_time': '1597981512', 'spider_name': 'caijing_jrj_ss'}  消息处理总量:0条
2020-08-21 at 11:45:31 | SUCCESS | 消息内容:{'collection_name': 'sy_news_finance_cnfol_raw', 'start_time': '1597981545', 'spider_name': 'caijing_cnfol_gncj', 'end_time': '1597981547'}  消息处理总量:5条
2020-08-21 at 11:45:45 | SUCCESS | 消息内容:{'end_time': '1597981566', 'start_time': '1597981566', 'collection_name': 'sy_news_finance_sina_raw', 'spider_name': 'caijing_sina_ssgs'}  消息处理总量:1条
2020-08-21 at 11:45:47 | SUCCESS | 消息内容:{'start_time': '1597981563', 'spider_name': 'caijing_cnstock_news_all', 'end_time': '1597981563', 'collection_name': 'sy_news_finance_cnstock_raw'}  消息处理总量:1条
2020-08-21 at 11:46:10 | SUCCESS | 消息内容:{'collection_name': 'sy_news_finance_591hx_raw', 'start_time': '1597981533', 'spider_name': 'caijing_591hx_scjh', 'end_time': '1597981536'}  消息处理总量:3条
2020-08-21 at 11:46:26 | SUCCESS | 消息内容:{'end_time': '1597981588', 'spider_name': 'caijing_eastmoney_stock_all', 'collection_name': 'sy_news_finance_eastmoney_raw', 'start_time': '1597981580'}  消息处理总量:7条
2020-08-21 at 11:47:48 | SUCCESS | 消息内容:{'end_time': '1597981656', 'spider_name': 'caijing_abi_zixun', 'start_time': '1597981640', 'collection_name': 'sy_news_finance_abi_raw'}  消息处理总量:12条
2020-08-21 at 11:47:53 | SUCCESS | 消息内容:{'collection_name': 'sy_news_finance_eastmoney_raw', 'start_time': '1597981590', 'spider_name': 'caijing_eastmoney_xinsanban_all', 'end_time': '1597981671'}  消息处理总量:10条
2020-08-21 at 11:48:32 | SUCCESS | 消息内容:{'end_time': '1597981721', 'start_time': '1597981718', 'collection_name': 'sy_news_finance_caijing_raw', 'spider_name': 'caijing_caijing_hongguan'}  消息处理总量:6条
2020-08-21 at 11:48:58 | SUCCESS | 消息内容:{'start_time': '1597981739', 'spider_name': 'caijing_jrj_zspl', 'end_time': '1597981739', 'collection_name': 'sy_news_finance_jrj_raw'}  消息处理总量:1条
2020-08-21 at 11:49:12 | SUCCESS | 消息内容:{'collection_name': 'sy_news_finance_eeo_raw', 'start_time': '1597981720', 'spider_name': 'caijing_eeo_caijing', 'end_time': '1597981720'}  消息处理总量:1条
2020-08-21 at 11:50:17 | SUCCESS | 消息内容:{'end_time': '1597981849', 'start_time': '1597981839', 'collection_name': 'sy_news_hangye_bjx_raw', 'spider_name': 'hangye_bjx_yaowen'}  消息处理总量:16条
2020-08-21 at 11:51:03 | SUCCESS | 消息内容:{'collection_name': 'sy_news_finance_591hx_raw', 'end_time': '1597981725', 'spider_name': 'caijing_591hx_stock_all', 'start_time': '1597981725'}  消息处理总量:1条
2020-08-21 at 11:51:24 | SUCCESS | 消息内容:{'spider_name': 'hangye_mining120_guonei', 'end_time': '1597981869', 'collection_name': 'sy_news_hangye_mining120_raw', 'start_time': '1597981830'}  消息处理总量:35条
2020-08-21 at 11:51:25 | SUCCESS | 消息内容:{'end_time': '1597981900', 'collection_name': 'sy_news_finance_china_raw', 'start_time': '1597981899', 'spider_name': 'caijing_china_house'}  消息处理总量:3条
2020-08-21 at 11:52:15 | SUCCESS | 消息内容:{'spider_name': 'caijing_china_jrkj', 'end_time': '1597981956', 'start_time': '1597981956', 'collection_name': 'sy_news_finance_china_raw'}  消息处理总量:1条
2020-08-21 at 11:52:39 | SUCCESS | 消息内容:{'collection_name': 'sy_news_hangye_smm_raw', 'end_time': '1597981999', 'spider_name': 'hangye_smm_news', 'start_time': '1597981996'}  消息处理总量:5条
2020-08-21 at 11:52:55 | SUCCESS | 消息内容:{'end_time': '1597981980', 'start_time': '1597981971', 'collection_name': 'sy_news_finance_cnfol_raw', 'spider_name': 'caijing_cnfol_gegu'}  消息处理总量:14条
2020-08-21 at 11:53:29 | SUCCESS | 消息内容:{'spider_name': 'caijing_sina_guonei', 'end_time': '1597982002', 'start_time': '1597982002', 'collection_name': 'sy_news_finance_sina_raw'}  消息处理总量:1条
2020-08-21 at 11:53:51 | SUCCESS | 消息内容:{'collection_name': 'sy_news_finance_jrj_raw', 'end_time': '1597982053', 'spider_name': 'caijing_jrj_xsb', 'start_time': '1597982046'}  消息处理总量:0条
2020-08-21 at 11:54:49 | SUCCESS | 消息内容:{'end_time': '1597982103', 'spider_name': 'caijing_cnstock_stock_all', 'start_time': '1597982102', 'collection_name': 'sy_news_finance_cnstock_raw'}  消息处理总量:2条
2020-08-21 at 11:54:56 | SUCCESS | 消息内容:{'collection_name': 'sy_news_finance_cs_raw', 'spider_name': 'caijing_cs_cjyw', 'start_time': '1597982078', 'end_time': '1597982085'}  消息处理总量:5条
2020-08-21 at 11:56:14 | SUCCESS | 消息内容:{'collection_name': 'sy_news_finance_eastmoney_raw', 'end_time': '1597982162', 'spider_name': 'caijing_eastmoney_ccjxw', 'start_time': '1597982161'}  消息处理总量:2条
2020-08-21 at 11:56:50 | SUCCESS | 消息内容:{'spider_name': 'caijing_jrj_chanjing', 'collection_name': 'sy_news_finance_jrj_raw', 'start_time': '1597982224', 'end_time': '1597982227'}  消息处理总量:5条
2020-08-21 at 11:57:00 | SUCCESS | 消息内容:{'spider_name': 'news_most_tztg', 'end_time': '1597982242', 'collection_name': 'sy_news_most_raw', 'start_time': '1597982242'}  消息处理总量:1条
2020-08-21 at 11:58:05 | SUCCESS | 消息内容:{'collection_name': 'sy_news_finance_eastmoney_raw', 'end_time': '1597982304', 'spider_name': 'caijing_eastmoney_hk_all', 'start_time': '1597982300'}  消息处理总量:4条
2020-08-21 at 11:58:52 | SUCCESS | 消息内容:{'end_time': '1597982355', 'collection_name': 'sy_news_finance_jrj_raw', 'start_time': '1597982355', 'spider_name': 'caijing_jrj_xsb'}  消息处理总量:0条
2020-08-21 at 11:59:06 | SUCCESS | 消息内容:{'spider_name': 'caijing_21ic_tuijian', 'end_time': '1597982302', 'collection_name': 'sy_news_finance_21ic_raw', 'start_time': '1597982295'}  消息处理总量:4条
2020-08-21 at 11:59:52 | SUCCESS | 消息内容:{'collection_name': 'sy_news_finance_jrj_raw', 'end_time': '1597982406', 'spider_name': 'caijing_jrj_gncj', 'start_time': '1597982405'}  消息处理总量:2条
2020-08-21 at 12:00:38 | SUCCESS | 消息内容:{'spider_name': 'caijing_eastday_caijing', 'collection_name': 'sy_news_finance_eastday_raw', 'start_time': '1597982417', 'end_time': '1597982425'}  消息处理总量:9条
2020-08-21 at 12:00:49 | SUCCESS | 消息内容:{'collection_name': 'sy_news_finance_eastmoney_raw', 'end_time': '1597982468', 'spider_name': 'caijing_eastmoney_ccjxw', 'start_time': '1597982468'}  消息处理总量:2条
2020-08-21 at 12:00:50 | SUCCESS | 消息内容:{'spider_name': 'caijing_eastmoney_ganggu', 'end_time': '1597982461', 'start_time': '1597982457', 'collection_name': 'sy_news_finance_eastmoney_raw'}  消息处理总量:4条
2020-08-21 at 12:02:11 | SUCCESS | 消息内容:{'collection_name': 'sy_news_finance_jiemian_raw', 'end_time': '1597982553', 'start_time': '1597982553', 'spider_name': 'caijing_jiemian_hg'}  消息处理总量:1条
2020-08-21 at 12:05:20 | SUCCESS | 消息内容:{'end_time': '1597982663', 'spider_name': 'caijing_eastmoney_jigou_all', 'start_time': '1597982629', 'collection_name': 'sy_news_finance_eastmoney_raw'}  消息处理总量:16条
2020-08-21 at 12:05:26 | SUCCESS | 消息内容:{'collection_name': 'sy_news_finance_china_raw', 'end_time': '1597982730', 'spider_name': 'caijing_china_zq', 'start_time': '1597982727'}  消息处理总量:7条
2020-08-21 at 12:05:31 | SUCCESS | 消息内容:{'spider_name': 'caijing_yuncaijing_neican', 'collection_name': 'sy_news_finance_yuncaijing_raw', 'start_time': '1597982719', 'end_time': '1597982719'}  消息处理总量:1条
2020-08-21 at 12:06:32 | SUCCESS | 消息内容:{'spider_name': 'caijing_in_en_gnrqyw', 'end_time': '1597982811', 'start_time': '1597982811', 'collection_name': 'sy_news_finance_in_en_raw'}  消息处理总量:1条
2020-08-21 at 12:07:54 | SUCCESS | 消息内容:{'collection_name': 'sy_news_finance_hexun_raw', 'end_time': '1597982892', 'spider_name': 'caijing_hexun_hongguan', 'start_time': '1597982889'}  消息处理总量:5条
2020-08-21 at 12:08:33 | SUCCESS | 消息内容:{'end_time': '1597982932', 'start_time': '1597982932', 'collection_name': 'sy_news_finance_sina_raw', 'spider_name': 'caijing_sina_guonei'}  消息处理总量:1条
2020-08-21 at 12:08:52 | SUCCESS | 消息内容:{'spider_name': 'caijing_cs_jigou', 'end_time': '1597982956', 'collection_name': 'sy_news_finance_cs_raw', 'start_time': '1597982956'}  消息处理总量:1条
2020-08-21 at 12:10:16 | SUCCESS | 消息内容:{'collection_name': 'sy_news_finance_cs_raw', 'end_time': '1597983013', 'spider_name': 'caijing_cs_cjyw', 'start_time': '1597983003'}  消息处理总量:5条
2020-08-21 at 12:10:41 | SUCCESS | 消息内容:{'end_time': '1597983081', 'collection_name': 'sy_news_hangye_ofweek_raw', 'start_time': '1597983079', 'spider_name': 'hangye_ofweek_shichang'}  消息处理总量:4条
2020-08-21 at 12:10:54 | SUCCESS | 消息内容:{'collection_name': 'sy_news_finance_xueqiu_raw', 'end_time': '1597983076', 'spider_name': 'caijing_xueqiu_hs', 'start_time': '1597983076'}  消息处理总量:1条
2020-08-21 at 12:11:18 | SUCCESS | 消息内容:{'spider_name': 'caijing_huxiu_zixun', 'end_time': '1597983049', 'start_time': '1597983043', 'collection_name': 'sy_news_finance_huxiu_raw'}  消息处理总量:5条
2020-08-21 at 12:11:32 | SUCCESS | 消息内容:{'spider_name': 'caijing_sina_ssgs', 'collection_name': 'sy_news_finance_sina_raw', 'start_time': '1597983114', 'end_time': '1597983114'}  消息处理总量:1条
2020-08-21 at 12:14:33 | SUCCESS | 消息内容:{'spider_name': 'caijing_jrj_xsb', 'end_time': '1597983297', 'start_time': '1597983287', 'collection_name': 'sy_news_finance_jrj_raw'}  消息处理总量:0条
2020-08-21 at 12:14:48 | SUCCESS | 消息内容:{'collection_name': 'sy_news_finance_chinaventure_raw', 'end_time': '1597983278', 'spider_name': 'caijing_chinaventure_zbsc', 'start_time': '1597983278'}  消息处理总量:1条
2020-08-21 at 12:14:57 | SUCCESS | 消息内容:{'collection_name': 'sy_news_finance_ccmn_raw', 'end_time': '1597983313', 'start_time': '1597983303', 'spider_name': 'caijing_ccmn_yaowen'}  消息处理总量:5条
2020-08-21 at 12:16:50 | SUCCESS | 消息内容:{'end_time': '1597983419', 'spider_name': 'caijing_eastmoney_hk_all', 'start_time': '1597983406', 'collection_name': 'sy_news_finance_eastmoney_raw'}  消息处理总量:2条
2020-08-21 at 12:17:06 | SUCCESS | 消息内容:{'collection_name': 'sy_news_finance_caijing_raw', 'end_time': '1597983442', 'spider_name': 'caijing_caijing_industry', 'start_time': '1597983442'}  消息处理总量:2条
2020-08-21 at 12:18:21 | SUCCESS | 消息内容:{'spider_name': 'caijing_caijing_hongguan', 'end_time': '1597983523', 'collection_name': 'sy_news_finance_caijing_raw', 'start_time': '1597983523'}  消息处理总量:1条
2020-08-21 at 12:18:32 | SUCCESS | 消息内容:{'end_time': '1597983495', 'start_time': '1597983492', 'collection_name': 'sy_news_finance_southmoney_raw', 'spider_name': 'caijing_southmoney_caijingyaowen'}  消息处理总量:6条
2020-08-21 at 12:21:29 | SUCCESS | 消息内容:{'collection_name': 'sy_news_finance_ccidcom_raw', 'end_time': '1597983668', 'spider_name': 'caijing_ccidcom_all', 'start_time': '1597983668'}  消息处理总量:1条
2020-08-21 at 12:24:46 | SUCCESS | 消息内容:{'spider_name': 'caijing_jrj_xsb', 'start_time': '1597983904', 'collection_name': 'sy_news_finance_jrj_raw', 'end_time': '1597983906'}  消息处理总量:0条
2020-08-21 at 12:26:15 | SUCCESS | 消息内容:{'spider_name': 'caijing_stockstar_gs', 'end_time': '1597983988', 'collection_name': 'sy_news_finance_stockstar_raw', 'start_time': '1597983985'}  消息处理总量:7条
2020-08-21 at 12:27:14 | SUCCESS | 消息内容:{'collection_name': 'sy_news_finance_cqnews_raw', 'end_time': '1597983878', 'spider_name': 'caijing_cqnews_finance_all', 'start_time': '1597983749'}  消息处理总量:2条
2020-08-21 at 12:27:57 | SUCCESS | 消息内容:{'end_time': '1597984087', 'collection_name': 'sy_news_finance_qq_raw', 'start_time': '1597984085', 'spider_name': 'caijing_qq_chanye'}  消息处理总量:3条
2020-08-21 at 12:28:57 | SUCCESS | 消息内容:{'spider_name': 'caijing_eastmoney_hk_all', 'end_time': '1597984151', 'collection_name': 'sy_news_finance_eastmoney_raw', 'start_time': '1597984147'}  消息处理总量:6条
2020-08-21 at 12:29:13 | SUCCESS | 消息内容:{'collection_name': 'sy_news_finance_yicai_raw', 'end_time': '1597984177', 'spider_name': 'caijing_yicai_dz', 'start_time': '1597984176'}  消息处理总量:3条
2020-08-21 at 12:30:36 | SUCCESS | 消息内容:{'collection_name': 'sy_news_finance_askci_raw', 'end_time': '1597984249', 'start_time': '1597984247', 'spider_name': 'caijing_askci_gcy'}  消息处理总量:3条
2020-08-21 at 12:30:44 | SUCCESS | 消息内容:{'spider_name': 'caijing_qq_hongguan', 'end_time': '1597984265', 'collection_name': 'sy_news_finance_qq_raw', 'start_time': '1597984263'}  消息处理总量:2条
2020-08-21 at 12:30:55 | SUCCESS | 消息内容:{'collection_name': 'sy_news_finance_jrj_raw', 'end_time': '1597984274', 'spider_name': 'caijing_jrj_gncj', 'start_time': '1597984268'}  消息处理总量:7条
2020-08-21 at 12:31:43 | SUCCESS | 消息内容:{'start_time': '1597984285', 'end_time': '1597984306', 'collection_name': 'sy_news_hangye_mining120_raw', 'spider_name': 'hangye_mining120_guoji'}  消息处理总量:35条
2020-08-21 at 12:31:44 | SUCCESS | 消息内容:{'spider_name': 'caijing_bjx_yaowen', 'end_time': '1597984323', 'start_time': '1597984322', 'collection_name': 'sy_news_finance_bjx_raw'}  消息处理总量:3条
2020-08-21 at 12:33:23 | SUCCESS | 消息内容:{'collection_name': 'sy_news_finance_eastmoney_raw', 'end_time': '1597984409', 'spider_name': 'caijing_eastmoney_caijing', 'start_time': '1597984409'}  消息处理总量:3条
2020-08-21 at 12:35:45 | SUCCESS | 消息内容:{'start_time': '1597984545', 'spider_name': 'caijing_thepaper_cjgs', 'collection_name': 'sy_news_finance_thepaper_raw', 'end_time': '1597984550'}  消息处理总量:10条
2020-08-21 at 12:35:46 | SUCCESS | 消息内容:{'spider_name': 'caijing_sina_blog', 'end_time': '1597984531', 'start_time': '1597984531', 'collection_name': 'sy_news_finance_sina_blog_raw'}  消息处理总量:1条
2020-08-21 at 12:39:02 | SUCCESS | 消息内容:{'end_time': '1597984702', 'spider_name': 'caijing_wabei_chanye', 'start_time': '1597984691', 'collection_name': 'sy_news_finance_wabei_raw'}  消息处理总量:5条
2020-08-21 at 12:39:19 | SUCCESS | 消息内容:{'collection_name': 'sy_news_finance_wx_raw', 'end_time': '1597984607', 'spider_name': 'caijing_wx_gongzhonghao_all', 'start_time': '1597983859'}  消息处理总量:10条
2020-08-21 at 12:39:33 | SUCCESS | 消息内容:{'end_time': '1597984733', 'start_time': '1597984724', 'collection_name': 'sy_news_finance_lieyunwang_raw', 'spider_name': 'caijing_lieyunwang_zixun'}  消息处理总量:12条
2020-08-21 at 12:40:15 | SUCCESS | 消息内容:{'collection_name': 'sy_news_finance_36kr_raw', 'end_time': '1597984820', 'spider_name': 'caijing_36kr_zixun', 'start_time': '1597984803'}  消息处理总量:10条
2020-08-21 at 12:41:17 | SUCCESS | 消息内容:{'end_time': '1597984873', 'collection_name': 'sy_news_finance_cnstock_raw', 'start_time': '1597984863', 'spider_name': 'caijing_cnstock_news_all'}  消息处理总量:15条
2020-08-21 at 12:41:22 | SUCCESS | 消息内容:{'spider_name': 'caijing_eastmoney_hk_all', 'end_time': '1597984890', 'start_time': '1597984886', 'collection_name': 'sy_news_finance_eastmoney_raw'}  消息处理总量:4条
2020-08-21 at 12:41:50 | SUCCESS | 消息内容:{'collection_name': 'sy_news_finance_yuncaijing_raw', 'end_time': '1597984893', 'spider_name': 'caijing_yuncaijing_neican', 'start_time': '1597984885'}  消息处理总量:3条
2020-08-21 at 12:43:34 | SUCCESS | 消息内容:{'collection_name': 'sy_news_finance_eastmoney_raw', 'spider_name': 'caijing_eastmoney_caijing', 'start_time': '1597985026', 'end_time': '1597985029'}  消息处理总量:6条
2020-08-21 at 12:44:28 | SUCCESS | 消息内容:{'spider_name': 'caijing_cnfol_gegu', 'end_time': '1597985052', 'start_time': '1597985037', 'collection_name': 'sy_news_finance_cnfol_raw'}  消息处理总量:24条
2020-08-21 at 12:46:37 | SUCCESS | 消息内容:{'collection_name': 'sy_news_finance_hexun_raw', 'end_time': '1597985187', 'spider_name': 'caijing_hexun_gsyw', 'start_time': '1597985172'}  消息处理总量:27条
2020-08-21 at 12:46:42 | SUCCESS | 消息内容:{'spider_name': 'caijing_ocn_shichang', 'collection_name': 'sy_news_finance_ocn_raw', 'start_time': '1597985175', 'end_time': '1597985181'}  消息处理总量:8条
2020-08-21 at 12:46:45 | SUCCESS | 消息内容:{'spider_name': 'hangye_bjx_yaowen', 'end_time': '1597985248', 'start_time': '1597985247', 'collection_name': 'sy_news_hangye_bjx_raw'}  消息处理总量:2条
2020-08-21 at 12:47:27 | SUCCESS | 消息内容:{'collection_name': 'sy_news_finance_eastmoney_raw', 'end_time': '1597985260', 'spider_name': 'caijing_eastmoney_ccjxw', 'start_time': '1597985259'}  消息处理总量:3条
2020-08-21 at 12:47:39 | SUCCESS | 消息内容:{'spider_name': 'caijing_eastmoney_hk_all', 'collection_name': 'sy_news_finance_eastmoney_raw', 'start_time': '1597985264', 'end_time': '1597985269'}  消息处理总量:9条
2020-08-21 at 12:48:11 | SUCCESS | 消息内容:{'spider_name': 'caijing_leju_lejucaijing_all', 'end_time': '1597985293', 'start_time': '1597985228', 'collection_name': 'sy_news_finance_leju_raw'}  消息处理总量:18条
2020-08-21 at 12:48:18 | SUCCESS | 消息内容:{'collection_name': 'sy_news_finance_eastmoney_raw', 'end_time': '1597985316', 'spider_name': 'caijing_eastmoney_cgnjj', 'start_time': '1597985316'}  消息处理总量:1条
2020-08-21 at 12:48:29 | SUCCESS | 消息内容:{'spider_name': 'hangye_autohome_news', 'collection_name': 'sy_news_hangye_autohome_raw', 'start_time': '1597985344', 'end_time': '1597985344'}  消息处理总量:1条
2020-08-21 at 12:49:02 | SUCCESS | 消息内容:{'end_time': '1597985356', 'spider_name': 'caijing_cnstock_cyjj', 'start_time': '1597985348', 'collection_name': 'sy_news_finance_cnstock_raw'}  消息处理总量:6条
2020-08-21 at 12:50:17 | SUCCESS | 消息内容:{'spider_name': 'caijing_sina_guonei', 'start_time': '1597985427', 'collection_name': 'sy_news_finance_sina_raw', 'end_time': '1597985428'}  消息处理总量:3条
2020-08-21 at 12:50:23 | SUCCESS | 消息内容:{'collection_name': 'sy_news_finance_guandian_raw', 'end_time': '1597985395', 'spider_name': 'caijing_guandian_news_all', 'start_time': '1597985375'}  消息处理总量:7条
2020-08-21 at 12:50:54 | SUCCESS | 消息内容:{'end_time': '1597985463', 'spider_name': 'caijing_mysteel_zonghe_all', 'start_time': '1597985412', 'collection_name': 'sy_news_finance_mysteel_raw'}  消息处理总量:4条
2020-08-21 at 12:51:45 | SUCCESS | 消息内容:{'collection_name': 'sy_news_finance_china_raw', 'end_time': '1597985525', 'spider_name': 'caijing_china_hg', 'start_time': '1597985525'}  消息处理总量:1条
2020-08-21 at 12:52:24 | SUCCESS | 消息内容:{'end_time': '1597985548', 'collection_name': 'sy_news_finance_iyiou_raw', 'start_time': '1597985542', 'spider_name': 'caijing_iyiou_kuaixun'}  消息处理总量:8条
2020-08-21 at 12:54:03 | SUCCESS | 消息内容:{'end_time': '1597985651', 'spider_name': 'caijing_eastmoney_caijing', 'start_time': '1597985648', 'collection_name': 'sy_news_finance_eastmoney_raw'}  消息处理总量:5条
2020-08-21 at 12:54:12 | SUCCESS | 消息内容:{'collection_name': 'sy_news_finance_yicai_raw', 'end_time': '1597985676', 'spider_name': 'caijing_yicai_cj', 'start_time': '1597985676'}  消息处理总量:1条
2020-08-21 at 12:55:21 | SUCCESS | 消息内容:{'end_time': '1597985729', 'collection_name': 'sy_news_finance_sina_raw', 'start_time': '1597985729', 'spider_name': 'caijing_sina_guonei'}  消息处理总量:2条
2020-08-21 at 12:55:49 | SUCCESS | 消息内容:{'spider_name': 'caijing_jrj_xsb', 'end_time': '1597985767', 'collection_name': 'sy_news_finance_jrj_raw', 'start_time': '1597985767'}  消息处理总量:0条
2020-08-21 at 12:56:43 | SUCCESS | 消息内容:{'collection_name': 'sy_news_hangye_stonesm_raw', 'end_time': '1597985845', 'spider_name': 'hangye_stonesm_news', 'start_time': '1597985844'}  消息处理总量:2条
2020-08-21 at 12:56:54 | SUCCESS | 消息内容:{'spider_name': 'caijing_eastmoney_ganggu', 'start_time': '1597985827', 'collection_name': 'sy_news_finance_eastmoney_raw', 'end_time': '1597985829'}  消息处理总量:2条
2020-08-21 at 12:58:56 | SUCCESS | 消息内容:{'spider_name': 'caijing_jrj_chanjing', 'end_time': '1597985951', 'collection_name': 'sy_news_finance_jrj_raw', 'start_time': '1597985944'}  消息处理总量:5条
2020-08-21 at 12:59:31 | SUCCESS | 消息内容:{'collection_name': 'sy_news_finance_eastmoney_raw', 'end_time': '1597985959', 'spider_name': 'caijing_eastmoney_xinsanban_all', 'start_time': '1597985880'}  消息处理总量:11条
2020-08-21 at 12:59:57 | SUCCESS | 消息内容:{'collection_name': 'sy_news_finance_eastmoney_raw', 'spider_name': 'caijing_eastmoney_hk_all', 'start_time': '1597985995', 'end_time': '1597986000'}  消息处理总量:10条
2020-08-21 at 13:00:15 | SUCCESS | 消息内容:{'spider_name': 'caijing_caixin_companies', 'end_time': '1597986034', 'start_time': '1597986032', 'collection_name': 'sy_news_finance_caixin_raw'}  消息处理总量:3条
2020-08-21 at 13:01:04 | SUCCESS | 消息内容:{'collection_name': 'sy_news_finance_eastmoney_raw', 'end_time': '1597986040', 'spider_name': 'caijing_eastmoney_stock_all', 'start_time': '1597986008'}  消息处理总量:17条
2020-08-21 at 13:02:07 | SUCCESS | 消息内容:{'spider_name': 'caijing_ccidcom_all', 'start_time': '1597986120', 'collection_name': 'sy_news_finance_ccidcom_raw', 'end_time': '1597986120'}  消息处理总量:1条
2020-08-21 at 13:03:45 | SUCCESS | 消息内容:{'spider_name': 'caijing_cnfol_gegu', 'end_time': '1597986244', 'start_time': '1597986241', 'collection_name': 'sy_news_finance_cnfol_raw'}  消息处理总量:5条
2020-08-21 at 13:06:06 | SUCCESS | 消息内容:{'collection_name': 'sy_news_finance_sipf_raw', 'end_time': '1597986351', 'spider_name': 'caijing_sipf_gnjj', 'start_time': '1597986308'}  消息处理总量:13条
2020-08-21 at 13:06:59 | SUCCESS | 消息内容:{'end_time': '1597986419', 'spider_name': 'caijing_cs_cjyw', 'start_time': '1597986419', 'collection_name': 'sy_news_finance_cs_raw'}  消息处理总量:1条
2020-08-21 at 13:07:06 | SUCCESS | 消息内容:{'end_time': '1597986428', 'collection_name': 'sy_news_finance_hexun_raw', 'start_time': '1597986419', 'spider_name': 'caijing_hexun_gsyw'}  消息处理总量:9条
2020-08-21 at 13:10:34 | SUCCESS | 消息内容:{'collection_name': 'sy_news_finance_sina_raw', 'end_time': '1597986652', 'spider_name': 'caijing_sina_guonei', 'start_time': '1597986651'}  消息处理总量:2条
2020-08-21 at 13:11:33 | SUCCESS | 消息内容:{'end_time': '1597986673', 'start_time': '1597986664', 'collection_name': 'sy_news_finance_36kr_raw', 'spider_name': 'caijing_36kr_zixun'}  消息处理总量:4条
2020-08-21 at 13:12:29 | SUCCESS | 消息内容:{'spider_name': 'caijing_stcn_gs', 'end_time': '1597986761', 'collection_name': 'sy_news_finance_stcn_raw', 'start_time': '1597986753'}  消息处理总量:7条
2020-08-21 at 13:13:57 | SUCCESS | 消息内容:{'collection_name': 'sy_news_finance_cnautonews_raw', 'end_time': '1597986528', 'spider_name': 'caijing_cnautonews_all', 'start_time': '1597986523'}  消息处理总量:7条
2020-08-21 at 13:17:20 | SUCCESS | 消息内容:{'spider_name': 'caijing_hexun_gsyw', 'collection_name': 'sy_news_finance_hexun_raw', 'start_time': '1597987044', 'end_time': '1597987051'}  消息处理总量:7条
2020-08-21 at 13:17:49 | SUCCESS | 消息内容:{'end_time': '1597987075', 'spider_name': 'caijing_eastmoney_ganggu', 'start_time': '1597987066', 'collection_name': 'sy_news_finance_eastmoney_raw'}  消息处理总量:7条
2020-08-21 at 13:17:51 | SUCCESS | 消息内容:{'collection_name': 'sy_news_finance_sina_blog_raw', 'end_time': '1597987021', 'spider_name': 'caijing_sina_blog', 'start_time': '1597986969'}  消息处理总量:3条
2020-08-21 at 13:19:18 | SUCCESS | 消息内容:{'end_time': '1597987173', 'spider_name': 'hangye_people_news', 'start_time': '1597987166', 'collection_name': 'sy_news_hangye_people_raw'}  消息处理总量:11条
2020-08-21 at 13:19:32 | SUCCESS | 消息内容:{'spider_name': 'caijing_eastmoney_stock_all', 'collection_name': 'sy_news_finance_eastmoney_raw', 'start_time': '1597987116', 'end_time': '1597987151'}  消息处理总量:17条
2020-08-21 at 13:20:35 | SUCCESS | 消息内容:{'collection_name': 'sy_news_finance_hexun_raw', 'end_time': '1597987232', 'spider_name': 'caijing_hexun_hongguan', 'start_time': '1597987228'}  消息处理总量:3条
2020-08-21 at 13:22:09 | SUCCESS | 消息内容:{'spider_name': 'caijing_eastmoney_gsxw', 'collection_name': 'sy_news_finance_eastmoney_raw', 'start_time': '1597987297', 'end_time': '1597987309'}  消息处理总量:20条
2020-08-21 at 13:22:35 | SUCCESS | 消息内容:{'spider_name': 'caijing_jrj_gncj', 'end_time': '1597987368', 'start_time': '1597987366', 'collection_name': 'sy_news_finance_jrj_raw'}  消息处理总量:5条
2020-08-21 at 13:22:58 | SUCCESS | 消息内容:{'collection_name': 'sy_news_finance_eastmoney_raw', 'end_time': '1597987370', 'spider_name': 'caijing_eastmoney_jigou_all', 'start_time': '1597987313'}  消息处理总量:7条
2020-08-21 at 13:23:23 | SUCCESS | 消息内容:{'end_time': '1597987431', 'collection_name': 'sy_news_hangye_hqew_raw', 'start_time': '1597987424', 'spider_name': 'hangye_hqew_news'}  消息处理总量:5条
2020-08-21 at 13:23:40 | SUCCESS | 消息内容:{'spider_name': 'caijing_cnstock_ssgs_all', 'end_time': '1597987436', 'start_time': '1597987431', 'collection_name': 'sy_news_finance_cnstock_raw'}  消息处理总量:7条
2020-08-21 at 13:25:31 | SUCCESS | 消息内容:{'spider_name': 'caijing_cnfol_cyjj', 'start_time': '1597987542', 'collection_name': 'sy_news_finance_cnfol_raw', 'end_time': '1597987542'}  消息处理总量:2条
2020-08-21 at 13:26:26 | SUCCESS | 消息内容:{'collection_name': 'sy_news_finance_eastmoney_raw', 'end_time': '1597987473', 'spider_name': 'caijing_eastmoney_ccjxw', 'start_time': '1597987428'}  消息处理总量:47条
2020-08-21 at 13:26:39 | SUCCESS | 消息内容:{'end_time': '1597987610', 'spider_name': 'caijing_sina_guonei', 'start_time': '1597987609', 'collection_name': 'sy_news_finance_sina_raw'}  消息处理总量:3条
2020-08-21 at 13:26:52 | SUCCESS | 消息内容:{'spider_name': 'caijing_10jqka_hyyj', 'start_time': '1597987559', 'collection_name': 'sy_news_finance_10jqka_raw', 'end_time': '1597987560'}  消息处理总量:2条
2020-08-21 at 13:27:00 | SUCCESS | 消息内容:{'collection_name': 'sy_news_finance_huxiu_raw', 'end_time': '1597987617', 'spider_name': 'caijing_huxiu_zixun', 'start_time': '1597987609'}  消息处理总量:4条
2020-08-21 at 13:28:09 | SUCCESS | 消息内容:{'collection_name': 'sy_news_finance_sina_blog_raw', 'end_time': '1597987633', 'spider_name': 'caijing_sina_blog', 'start_time': '1597987633'}  消息处理总量:1条
2020-08-21 at 13:28:11 | SUCCESS | 消息内容:{'end_time': '1597987691', 'spider_name': 'caijing_eastday_caijing', 'start_time': '1597987683', 'collection_name': 'sy_news_finance_eastday_raw'}  消息处理总量:5条
2020-08-21 at 13:29:23 | SUCCESS | 消息内容:{'spider_name': 'caijing_sina_ssgs', 'start_time': '1597987765', 'collection_name': 'sy_news_finance_sina_raw', 'end_time': '1597987768'}  消息处理总量:5条
2020-08-21 at 13:30:19 | SUCCESS | 消息内容:{'end_time': '1597987833', 'spider_name': 'caijing_nbd_gongsi_all', 'start_time': '1597987832', 'collection_name': 'sy_news_finance_nbd_raw'}  消息处理总量:2条
2020-08-21 at 13:31:15 | SUCCESS | 消息内容:{'collection_name': 'sy_news_finance_sina_raw', 'end_time': '1597987893', 'spider_name': 'caijing_sina_guonei', 'start_time': '1597987892'}  消息处理总量:2条
2020-08-21 at 13:31:56 | SUCCESS | 消息内容:{'end_time': '1597987938', 'start_time': '1597987935', 'collection_name': 'sy_news_finance_jrj_raw', 'spider_name': 'caijing_jrj_xsb'}  消息处理总量:0条
2020-08-21 at 13:32:31 | SUCCESS | 消息内容:{'end_time': '1597987956', 'spider_name': 'caijing_36kr_zixun', 'start_time': '1597987956', 'collection_name': 'sy_news_finance_36kr_raw'}  消息处理总量:1条
2020-08-21 at 13:34:07 | SUCCESS | 消息内容:{'end_time': '1597988033', 'start_time': '1597987952', 'collection_name': 'sy_news_finance_leju_raw', 'spider_name': 'caijing_leju_lejucaijing_all'}  消息处理总量:15条
2020-08-21 at 13:34:10 | SUCCESS | 消息内容:{'collection_name': 'sy_news_finance_sina_raw', 'end_time': '1597988035', 'spider_name': 'caijing_sina_chanjing', 'start_time': '1597988024'}  消息处理总量:18条
2020-08-21 at 13:34:35 | SUCCESS | 消息内容:{'end_time': '1597988111', 'spider_name': 'hangye_smm_news', 'start_time': '1597988111', 'collection_name': 'sy_news_hangye_smm_raw'}  消息处理总量:1条
2020-08-21 at 13:34:56 | SUCCESS | 消息内容:{'collection_name': 'sy_news_finance_smm_raw', 'end_time': '1597988065', 'spider_name': 'caijing_smm_yaowen', 'start_time': '1597988063'}  消息处理总量:3条
2020-08-21 at 13:36:38 | SUCCESS | 消息内容:{'collection_name': 'sy_news_finance_mycaijing_raw', 'end_time': '1597988214', 'spider_name': 'caijing_mycaijing_Agu', 'start_time': '1597988214'}  消息处理总量:1条
2020-08-21 at 13:39:59 | ERROR | Traceback (most recent call last):
  File "consumer.py", line 26, in callback
    return Processing(msg).process_data(channel, method)
  File "/database/dwd_news_yq/bin/process_data.py", line 918, in process_data
    time.sleep(1)
KeyboardInterrupt

2020-08-21 at 14:29:38 | WARNING | 处理超时消息内容:{'collection_name': 'sy_news_finance_eastmoney_raw', 'end_time': '1597988141', 'start_time': '1597988115', 'spider_name': 'caijing_eastmoney_cgnjj'}  消息处理总量:42条
2020-08-21 at 14:32:31 | SUCCESS | 消息内容:{'collection_name': 'sy_news_finance_eastmoney_raw', 'end_time': '1597988161', 'spider_name': 'caijing_eastmoney_caijing', 'start_time': '1597988134'}  消息处理总量:40条
2020-08-21 at 14:32:36 | SUCCESS | 消息内容:{'collection_name': 'sy_news_finance_gmw_raw', 'end_time': '1597988249', 'spider_name': 'caijing_gmw_jjpd', 'start_time': '1597988249'}  消息处理总量:1条
2020-08-21 at 14:32:43 | SUCCESS | 消息内容:{'collection_name': 'sy_news_finance_stockstar_raw', 'end_time': '1597988256', 'start_time': '1597988256', 'spider_name': 'caijing_stockstar_gs'}  消息处理总量:1条
2020-08-21 at 14:33:05 | SUCCESS | 消息内容:{'collection_name': 'sy_news_finance_cs_raw', 'end_time': '1597988268', 'spider_name': 'caijing_cs_gongsi', 'start_time': '1597988267'}  消息处理总量:3条
2020-08-21 at 14:33:16 | SUCCESS | 消息内容:{'collection_name': 'sy_news_finance_eastmoney_raw', 'end_time': '1597988306', 'spider_name': 'caijing_eastmoney_ganggu', 'start_time': '1597988306'}  消息处理总量:1条
2020-08-21 at 14:34:02 | SUCCESS | 消息内容:{'collection_name': 'sy_news_finance_sina_raw', 'end_time': '1597988387', 'spider_name': 'caijing_sina_ssgs', 'start_time': '1597988385'}  消息处理总量:4条
2020-08-21 at 14:34:07 | SUCCESS | 消息内容:{'collection_name': 'sy_news_finance_port_raw', 'end_time': '1597988405', 'start_time': '1597988405', 'spider_name': 'caijing_port_hangyezixun_all'}  消息处理总量:1条
2020-08-21 at 14:35:05 | SUCCESS | 消息内容:{'collection_name': 'sy_news_hangye_chinaautonews_raw', 'end_time': '1597988497', 'spider_name': 'hangye_chinaautonews_news', 'start_time': '1597988492'}  消息处理总量:10条
2020-08-21 at 14:35:11 | SUCCESS | 消息内容:{'collection_name': 'sy_news_hangye_ledinside_raw', 'end_time': '1597988505', 'start_time': '1597988505', 'spider_name': 'hangye_ledinside_news'}  消息处理总量:1条
2020-08-21 at 14:35:50 | SUCCESS | 消息内容:{'collection_name': 'sy_news_finance_10jqka_raw', 'end_time': '1597988601', 'start_time': '1597988601', 'spider_name': 'caijing_10jqka_cjyw'}  消息处理总量:1条
2020-08-21 at 14:35:56 | SUCCESS | 消息内容:{'collection_name': 'sy_news_finance_jrj_raw', 'end_time': '1597988645', 'start_time': '1597988635', 'spider_name': 'caijing_jrj_ss'}  消息处理总量:0条
2020-08-21 at 14:37:51 | ERROR | Traceback (most recent call last):
  File "consumer.py", line 26, in callback
    return Processing(msg).process_data(channel, method)
  File "/database/dwd_news_yq/bin/process_data.py", line 918, in process_data
    time.sleep(1)
KeyboardInterrupt

2020-08-21 at 14:48:34 | SUCCESS | 消息内容:{'end_time': '1597988645', 'spider_name': 'caijing_eastmoney_stock_all', 'start_time': '1597988623', 'collection_name': 'sy_news_finance_eastmoney_raw'}  消息处理总量:21条
2020-08-21 at 14:48:44 | SUCCESS | 消息内容:{'end_time': '1597988643', 'start_time': '1597988643', 'spider_name': 'caijing_iyiou_kuaixun', 'collection_name': 'sy_news_finance_iyiou_raw'}  消息处理总量:1条
2020-08-21 at 14:50:27 | SUCCESS | 消息内容:{'collection_name': 'sy_news_finance_eastmoney_raw', 'start_time': '1597988667', 'spider_name': 'caijing_eastmoney_ccjxw', 'end_time': '1597988697'}  消息处理总量:35条
2020-08-21 at 14:50:48 | SUCCESS | 消息内容:{'end_time': '1597988675', 'start_time': '1597988674', 'spider_name': 'caijing_guandian_news_all', 'collection_name': 'sy_news_finance_guandian_raw'}  消息处理总量:2条
2020-08-21 at 14:51:01 | ERROR | Traceback (most recent call last):
  File "consumer.py", line 26, in callback
    return Processing(msg).process_data(channel, method)
  File "/database/dwd_news_yq/bin/process_data.py", line 937, in process_data
KeyboardInterrupt

2020-08-21 at 14:51:19 | SUCCESS | 消息内容:{'spider_name': 'caijing_mei_all', 'start_time': '1597988723', 'collection_name': 'sy_news_finance_mei_raw', 'end_time': '1597988727'}  消息处理总量:4条
2020-08-21 at 14:51:28 | SUCCESS | 消息内容:{'spider_name': 'caijing_eastmoney_jigou_all', 'start_time': '1597988525', 'collection_name': 'sy_news_finance_eastmoney_raw', 'end_time': '1597988549'}  消息处理总量:3条
2020-08-21 at 14:51:33 | SUCCESS | 消息内容:{'spider_name': 'hangye_dcement_news', 'start_time': '1597988783', 'end_time': '1597988783', 'collection_name': 'sy_news_hangye_dcement_raw'}  消息处理总量:1条
2020-08-21 at 14:51:48 | SUCCESS | 消息内容:{'spider_name': 'caijing_eastmoney_ganggu', 'start_time': '1597988925', 'collection_name': 'sy_news_finance_eastmoney_raw', 'end_time': '1597988927'}  消息处理总量:4条
2020-08-21 at 14:51:52 | ERROR | Traceback (most recent call last):
  File "consumer.py", line 26, in callback
    return Processing(msg).process_data(channel, method)
  File "/database/dwd_news_yq/bin/process_data.py", line 955, in process_data
    time.sleep(1)
KeyboardInterrupt

2020-08-21 at 14:52:43 | SUCCESS | 消息内容:{'end_time': '1597988988', 'start_time': '1597988982', 'spider_name': 'caijing_southmoney_caijingyaowen', 'collection_name': 'sy_news_finance_southmoney_raw'}  消息处理总量:5条
2020-08-21 at 14:53:15 | SUCCESS | 消息内容:{'start_time': '1597989037', 'end_time': '1597989045', 'spider_name': 'caijing_eastmoney_cgnjj', 'collection_name': 'sy_news_finance_eastmoney_raw'}  消息处理总量:8条
2020-08-21 at 14:53:38 | SUCCESS | 消息内容:{'end_time': '1597988997', 'collection_name': 'sy_news_finance_eastmoney_raw', 'start_time': '1597988980', 'spider_name': 'caijing_eastmoney_stock_all'}  消息处理总量:23条
2020-08-21 at 14:53:46 | SUCCESS | 消息内容:{'end_time': '1597989186', 'collection_name': 'sy_news_finance_jrj_raw', 'start_time': '1597989178', 'spider_name': 'caijing_jrj_xsb'}  消息处理总量:0条
2020-08-21 at 14:53:49 | SUCCESS | 消息内容:{'start_time': '1597989047', 'end_time': '1597989052', 'spider_name': 'caijing_jrj_chanjing', 'collection_name': 'sy_news_finance_jrj_raw'}  消息处理总量:12条
2020-08-21 at 14:53:57 | SUCCESS | 消息内容:{'start_time': '1597988978', 'end_time': '1597988991', 'collection_name': 'sy_news_finance_eastmoney_raw', 'spider_name': 'caijing_eastmoney_ccjxw'}  消息处理总量:24条
2020-08-21 at 14:53:58 | SUCCESS | 消息内容:{'end_time': '1597989192', 'collection_name': 'sy_news_finance_chinatimes_raw', 'start_time': '1597989192', 'spider_name': 'caijing_chinatimes_all'}  消息处理总量:1条
2020-08-21 at 14:54:04 | SUCCESS | 消息内容:{'end_time': '1597989297', 'collection_name': 'sy_news_finance_ce_raw', 'start_time': '1597989297', 'spider_name': 'caijing_ce_gsdt'}  消息处理总量:1条
2020-08-21 at 14:54:13 | SUCCESS | 消息内容:{'end_time': '1597989353', 'collection_name': 'sy_news_finance_jiemian_raw', 'start_time': '1597989353', 'spider_name': 'caijing_jiemian_jt'}  消息处理总量:1条
2020-08-21 at 14:54:24 | SUCCESS | 消息内容:{'end_time': '1597989493', 'collection_name': 'sy_news_finance_sina_raw', 'start_time': '1597989492', 'spider_name': 'caijing_sina_ssgs'}  消息处理总量:2条
2020-08-21 at 14:54:25 | SUCCESS | 消息内容:{'start_time': '1597989226', 'collection_name': 'sy_news_finance_yuncaijing_raw', 'end_time': '1597989234', 'spider_name': 'caijing_yuncaijing_neican'}  消息处理总量:9条
2020-08-21 at 14:54:27 | SUCCESS | 消息内容:{'end_time': '1597989515', 'collection_name': 'sy_news_finance_cs_raw', 'start_time': '1597989515', 'spider_name': 'caijing_cs_cjyw'}  消息处理总量:1条
2020-08-21 at 14:54:35 | SUCCESS | 消息内容:{'end_time': '1597989231', 'start_time': '1597989226', 'spider_name': 'caijing_jrj_gncj', 'collection_name': 'sy_news_finance_jrj_raw'}  消息处理总量:9条
2020-08-21 at 14:54:44 | SUCCESS | 消息内容:{'end_time': '1597989588', 'collection_name': 'sy_news_finance_abi_raw', 'start_time': '1597989576', 'spider_name': 'caijing_abi_zixun'}  消息处理总量:6条
2020-08-21 at 14:54:48 | SUCCESS | 消息内容:{'collection_name': 'sy_news_finance_sina_raw', 'end_time': '1597989579', 'spider_name': 'caijing_sina_chanjing', 'start_time': '1597989573'}  消息处理总量:9条
2020-08-21 at 14:54:56 | SUCCESS | 消息内容:{'start_time': '1597989725', 'spider_name': 'caijing_eastmoney_czggng', 'collection_name': 'sy_news_finance_eastmoney_raw', 'end_time': '1597989725'}  消息处理总量:2条
2020-08-21 at 14:55:00 | SUCCESS | 消息内容:{'start_time': '1597989758', 'collection_name': 'sy_news_hangye_cnmn_raw', 'spider_name': 'hangye_cnmn_news', 'end_time': '1597989758'}  消息处理总量:1条
2020-08-21 at 14:55:08 | SUCCESS | 消息内容:{'collection_name': 'sy_news_hangye_people_raw', 'start_time': '1597989755', 'end_time': '1597989756', 'spider_name': 'hangye_people_news'}  消息处理总量:2条
2020-08-21 at 14:55:26 | SUCCESS | 消息内容:{'end_time': '1597989679', 'collection_name': 'sy_news_finance_eastmoney_raw', 'start_time': '1597989650', 'spider_name': 'caijing_eastmoney_cgnjj'}  消息处理总量:17条
2020-08-21 at 14:55:37 | SUCCESS | 消息内容:{'end_time': '1597989799', 'collection_name': 'sy_news_finance_chinapower_raw', 'start_time': '1597989798', 'spider_name': 'caijing_chinapower_guonei'}  消息处理总量:2条
2020-08-21 at 14:55:44 | SUCCESS | 消息内容:{'end_time': '1597989846', 'collection_name': 'sy_news_finance_jrj_raw', 'start_time': '1597989846', 'spider_name': 'caijing_jrj_gncj'}  消息处理总量:1条
2020-08-21 at 14:55:46 | SUCCESS | 消息内容:{'end_time': '1597989593', 'start_time': '1597989516', 'spider_name': 'caijing_eastmoney_xinsanban_all', 'collection_name': 'sy_news_finance_eastmoney_raw'}  消息处理总量:27条
2020-08-21 at 14:56:08 | SUCCESS | 消息内容:{'collection_name': 'sy_news_finance_eastmoney_raw', 'start_time': '1597989719', 'spider_name': 'caijing_eastmoney_stock_all', 'end_time': '1597989741'}  消息处理总量:16条
2020-08-21 at 14:56:22 | SUCCESS | 消息内容:{'end_time': '1597989904', 'start_time': '1597989904', 'spider_name': 'caijing_cnfol_gegu', 'collection_name': 'sy_news_finance_cnfol_raw'}  消息处理总量:1条
2020-08-21 at 14:56:33 | SUCCESS | 消息内容:{'end_time': '1597989979', 'start_time': '1597989979', 'spider_name': 'caijing_cyzone_all', 'collection_name': 'sy_news_finance_cyzone_raw'}  消息处理总量:1条
2020-08-21 at 14:56:33 | SUCCESS | 消息内容:{'end_time': '1597989802', 'collection_name': 'sy_news_finance_10jqka_raw', 'start_time': '1597989802', 'spider_name': 'caijing_10jqka_cjyw'}  消息处理总量:1条
2020-08-21 at 14:56:38 | SUCCESS | 消息内容:{'collection_name': 'sy_news_finance_china_raw', 'start_time': '1597989962', 'spider_name': 'caijing_china_zq', 'end_time': '1597989964'}  消息处理总量:4条
2020-08-21 at 14:56:43 | SUCCESS | 消息内容:{'start_time': '1597990066', 'collection_name': 'sy_news_finance_sina_raw', 'spider_name': 'caijing_sina_guonei', 'end_time': '1597990066'}  消息处理总量:1条
2020-08-21 at 14:56:49 | SUCCESS | 消息内容:{'start_time': '1597990098', 'collection_name': 'sy_news_finance_cs_raw', 'end_time': '1597990100', 'spider_name': 'caijing_cs_gongsi'}  消息处理总量:2条
2020-08-21 at 14:56:51 | SUCCESS | 消息内容:{'start_time': '1597989854', 'end_time': '1597989856', 'spider_name': 'caijing_eastmoney_ganggu', 'collection_name': 'sy_news_finance_eastmoney_raw'}  消息处理总量:4条
2020-08-21 at 14:56:53 | SUCCESS | 消息内容:{'end_time': '1597989895', 'collection_name': 'sy_news_finance_china_raw', 'start_time': '1597989812', 'spider_name': 'caijing_china_chanjing'}  消息处理总量:3条
2020-08-21 at 14:56:54 | SUCCESS | 消息内容:{'start_time': '1597990156', 'end_time': '1597990158', 'spider_name': 'caijing_yuncaijing_neican', 'collection_name': 'sy_news_finance_yuncaijing_raw'}  消息处理总量:2条
2020-08-21 at 14:57:01 | SUCCESS | 消息内容:{'end_time': '1597990167', 'collection_name': 'sy_news_finance_eastmoney_raw', 'start_time': '1597990167', 'spider_name': 'caijing_eastmoney_mingjia_all'}  消息处理总量:1条
2020-08-21 at 14:57:06 | SUCCESS | 消息内容:{'end_time': '1597990246', 'collection_name': 'sy_news_finance_sina_raw', 'start_time': '1597990246', 'spider_name': 'caijing_sina_ssgs'}  消息处理总量:1条
2020-08-21 at 14:57:12 | SUCCESS | 消息内容:{'end_time': '1597990241', 'collection_name': 'sy_news_finance_eastmoney_raw', 'start_time': '1597990241', 'spider_name': 'caijing_eastmoney_whdd'}  消息处理总量:1条
2020-08-21 at 14:57:32 | SUCCESS | 消息内容:{'collection_name': 'sy_news_finance_bjnews_raw', 'end_time': '1597990157', 'spider_name': 'caijing_bjnews_finance', 'start_time': '1597990146'}  消息处理总量:18条
2020-08-21 at 14:57:41 | SUCCESS | 消息内容:{'collection_name': 'sy_news_finance_hexun_raw', 'start_time': '1597990325', 'end_time': '1597990325', 'spider_name': 'caijing_hexun_hongguan'}  消息处理总量:1条
2020-08-21 at 14:57:43 | SUCCESS | 消息内容:{'end_time': '1597990231', 'start_time': '1597990218', 'spider_name': 'caijing_eastmoney_ccjxw', 'collection_name': 'sy_news_finance_eastmoney_raw'}  消息处理总量:21条
2020-08-21 at 14:57:52 | SUCCESS | 消息内容:{'start_time': '1597990364', 'end_time': '1597990364', 'spider_name': 'caijing_sina_blog', 'collection_name': 'sy_news_finance_sina_blog_raw'}  消息处理总量:1条
2020-08-21 at 14:57:57 | SUCCESS | 消息内容:{'end_time': '1597990281', 'collection_name': 'sy_news_finance_eastmoney_raw', 'start_time': '1597990274', 'spider_name': 'caijing_eastmoney_cgnjj'}  消息处理总量:13条
2020-08-21 at 14:58:03 | SUCCESS | 消息内容:{'collection_name': 'sy_news_finance_eccn_raw', 'start_time': '1597990308', 'end_time': '1597990308', 'spider_name': 'caijing_eccn_zxzx'}  消息处理总量:1条
2020-08-21 at 14:58:10 | SUCCESS | 消息内容:{'collection_name': 'sy_news_finance_jrj_raw', 'start_time': '1597990475', 'spider_name': 'caijing_jrj_gncj', 'end_time': '1597990475'}  消息处理总量:1条
2020-08-21 at 14:58:15 | SUCCESS | 消息内容:{'end_time': '1597990462', 'collection_name': 'sy_news_finance_qianlong_raw', 'start_time': '1597990453', 'spider_name': 'caijing_qianlong_jingji'}  消息处理总量:7条
2020-08-21 at 14:58:16 | SUCCESS | 消息内容:{'end_time': '1597990466', 'start_time': '1597990463', 'spider_name': 'caijing_china_quyu', 'collection_name': 'sy_news_finance_china_raw'}  消息处理总量:5条
2020-08-21 at 14:58:18 | SUCCESS | 消息内容:{'end_time': '1597990519', 'collection_name': 'sy_news_finance_xueqiu_raw', 'start_time': '1597990519', 'spider_name': 'caijing_xueqiu_hs'}  消息处理总量:1条
2020-08-21 at 14:58:19 | SUCCESS | 消息内容:{'collection_name': 'sy_news_hangye_bjx_raw', 'start_time': '1597990517', 'spider_name': 'hangye_bjx_yaowen', 'end_time': '1597990519'}  消息处理总量:4条
2020-08-21 at 14:58:26 | SUCCESS | 消息内容:{'start_time': '1597990675', 'end_time': '1597990676', 'collection_name': 'sy_news_finance_smm_raw', 'spider_name': 'caijing_smm_yaowen'}  消息处理总量:2条
2020-08-21 at 14:58:37 | SUCCESS | 消息内容:{'end_time': '1597990599', 'start_time': '1597990596', 'spider_name': 'caijing_jrj_chanjing', 'collection_name': 'sy_news_finance_jrj_raw'}  消息处理总量:7条
2020-08-21 at 14:58:40 | SUCCESS | 消息内容:{'start_time': '1597990770', 'end_time': '1597990770', 'spider_name': 'caijing_caijing_industry', 'collection_name': 'sy_news_finance_caijing_raw'}  消息处理总量:1条
2020-08-21 at 14:58:46 | SUCCESS | 消息内容:{'collection_name': 'sy_news_finance_csi_raw', 'end_time': '1597990742', 'spider_name': 'caijing_csi_yeneizixun_all', 'start_time': '1597990739'}  消息处理总量:2条
2020-08-21 at 14:58:54 | SUCCESS | 消息内容:{'collection_name': 'sy_news_finance_dcement_raw', 'start_time': '1597990852', 'spider_name': 'caijing_dcement_zixun', 'end_time': '1597990852'}  消息处理总量:1条
2020-08-21 at 14:59:01 | SUCCESS | 消息内容:{'start_time': '1597990874', 'collection_name': 'sy_news_finance_sohu_raw', 'spider_name': 'caijing_sohu_hs', 'end_time': '1597990875'}  消息处理总量:2条
2020-08-21 at 14:59:07 | SUCCESS | 消息内容:{'end_time': '1597990636', 'collection_name': 'sy_news_finance_eastmoney_raw', 'start_time': '1597990624', 'spider_name': 'caijing_eastmoney_gsxw'}  消息处理总量:20条
2020-08-21 at 14:59:07 | SUCCESS | 消息内容:{'start_time': '1597990791', 'end_time': '1597990801', 'spider_name': 'caijing_eastmoney_ganggu', 'collection_name': 'sy_news_finance_eastmoney_raw'}  消息处理总量:10条
2020-08-21 at 14:59:11 | SUCCESS | 消息内容:{'end_time': '1597990924', 'collection_name': 'sy_news_finance_eccn_raw', 'start_time': '1597990924', 'spider_name': 'caijing_eccn_zxzx'}  消息处理总量:1条
2020-08-21 at 14:59:12 | SUCCESS | 消息内容:{'start_time': '1597990986', 'end_time': '1597990986', 'spider_name': 'caijing_cs_gsxw', 'collection_name': 'sy_news_finance_cs_raw'}  消息处理总量:1条
2020-08-21 at 14:59:19 | SUCCESS | 消息内容:{'end_time': '1597990957', 'collection_name': 'sy_news_finance_chinatimes_raw', 'start_time': '1597990957', 'spider_name': 'caijing_chinatimes_all'}  消息处理总量:1条
2020-08-21 at 14:59:22 | SUCCESS | 消息内容:{'start_time': '1597990935', 'collection_name': 'sy_news_hangye_cctime_raw', 'end_time': '1597990935', 'spider_name': 'hangye_cctime_yewu'}  消息处理总量:1条
2020-08-21 at 14:59:26 | SUCCESS | 消息内容:{'end_time': '1597991145', 'collection_name': 'sy_news_hangye_smm_raw', 'start_time': '1597991145', 'spider_name': 'hangye_smm_news'}  消息处理总量:2条
2020-08-21 at 14:59:30 | SUCCESS | 消息内容:{'end_time': '1597991264', 'collection_name': 'sy_news_finance_cnfol_raw', 'start_time': '1597991264', 'spider_name': 'caijing_cnfol_cyjj'}  消息处理总量:1条
2020-08-21 at 14:59:46 | SUCCESS | 消息内容:{'end_time': '1597991283', 'collection_name': 'sy_news_finance_gucheng_raw', 'start_time': '1597991281', 'spider_name': 'caijing_gucheng_gundong'}  消息处理总量:3条
2020-08-21 at 14:59:48 | SUCCESS | 消息内容:{'start_time': '1597990963', 'end_time': '1597991054', 'spider_name': 'caijing_eastmoney_jigou_all', 'collection_name': 'sy_news_finance_eastmoney_raw'}  消息处理总量:19条
2020-08-21 at 14:59:56 | SUCCESS | 消息内容:{'end_time': '1597991306', 'collection_name': 'sy_news_finance_sina_raw', 'start_time': '1597991304', 'spider_name': 'caijing_sina_guonei'}  消息处理总量:2条
2020-08-21 at 15:00:20 | SUCCESS | 消息内容:{'start_time': '1597991333', 'end_time': '1597991334', 'spider_name': 'hangye_ofweek_led', 'collection_name': 'sy_news_hangye_ofweek_raw'}  消息处理总量:2条
2020-08-21 at 15:00:23 | SUCCESS | 消息内容:{'end_time': '1597991337', 'collection_name': 'sy_news_finance_leju_raw', 'start_time': '1597991290', 'spider_name': 'caijing_leju_lejucaijing_all'}  消息处理总量:5条
2020-08-21 at 15:00:26 | SUCCESS | 消息内容:{'start_time': '1597991173', 'spider_name': 'caijing_eastmoney_hk_all', 'collection_name': 'sy_news_finance_eastmoney_raw', 'end_time': '1597991184'}  消息处理总量:24条
2020-08-21 at 15:00:27 | SUCCESS | 消息内容:{'end_time': '1597991402', 'collection_name': 'sy_news_finance_jrj_raw', 'start_time': '1597991346', 'spider_name': 'caijing_jrj_xsb'}  消息处理总量:0条
2020-08-21 at 15:00:29 | SUCCESS | 消息内容:{'collection_name': 'sy_news_finance_cs_raw', 'end_time': '1597991379', 'spider_name': 'caijing_cs_cjyw', 'start_time': '1597991379'}  消息处理总量:1条
2020-08-21 at 15:00:34 | SUCCESS | 消息内容:{'end_time': '1597991457', 'collection_name': 'sy_news_finance_cnstock_raw', 'start_time': '1597991457', 'spider_name': 'caijing_cnstock_stock_all'}  消息处理总量:1条
2020-08-21 at 15:00:45 | SUCCESS | 消息内容:{'end_time': '1597991514', 'collection_name': 'sy_news_hangye_ofweek_raw', 'start_time': '1597991514', 'spider_name': 'hangye_ofweek_cgq'}  消息处理总量:2条
2020-08-21 at 15:01:27 | SUCCESS | 消息内容:{'end_time': '1597991374', 'start_time': '1597991363', 'spider_name': 'caijing_eastmoney_gsxw', 'collection_name': 'sy_news_finance_eastmoney_raw'}  消息处理总量:21条
2020-08-21 at 15:01:39 | SUCCESS | 消息内容:{'end_time': '1597991553', 'collection_name': 'sy_news_finance_eastmoney_raw', 'start_time': '1597991546', 'spider_name': 'caijing_eastmoney_hk_all'}  消息处理总量:10条
2020-08-21 at 15:01:55 | SUCCESS | 消息内容:{'end_time': '1597991609', 'collection_name': 'sy_news_finance_eastmoney_raw', 'start_time': '1597991575', 'spider_name': 'caijing_eastmoney_jigou_all'}  消息处理总量:3条
2020-08-21 at 15:01:57 | SUCCESS | 消息内容:{'start_time': '1597991604', 'end_time': '1597991627', 'spider_name': 'caijing_smm_yaowen', 'collection_name': 'sy_news_finance_smm_raw'}  消息处理总量:4条
2020-08-21 at 15:02:17 | SUCCESS | 消息内容:{'start_time': '1597991789', 'end_time': '1597991794', 'spider_name': 'caijing_mei_all', 'collection_name': 'sy_news_finance_mei_raw'}  消息处理总量:7条
2020-08-21 at 15:02:27 | SUCCESS | 消息内容:{'start_time': '1597991825', 'end_time': '1597991833', 'spider_name': 'caijing_csi_yeneizixun_all', 'collection_name': 'sy_news_finance_csi_raw'}  消息处理总量:2条
2020-08-21 at 15:02:38 | SUCCESS | 消息内容:{'end_time': '1597991777', 'collection_name': 'sy_news_finance_eastmoney_raw', 'start_time': '1597991768', 'spider_name': 'caijing_eastmoney_ccjxw'}  消息处理总量:12条
2020-08-21 at 15:02:41 | SUCCESS | 消息内容:{'end_time': '1597991624', 'start_time': '1597991620', 'spider_name': 'caijing_china_chanjing', 'collection_name': 'sy_news_finance_china_raw'}  消息处理总量:3条
2020-08-21 at 15:02:47 | SUCCESS | 消息内容:{'start_time': '1597991356', 'spider_name': 'caijing_eastmoney_xinsanban_all', 'collection_name': 'sy_news_finance_eastmoney_raw', 'end_time': '1597991448'}  消息处理总量:39条
2020-08-21 at 15:02:56 | SUCCESS | 消息内容:{'collection_name': 'sy_news_finance_jrj_raw', 'end_time': '1597992015', 'spider_name': 'caijing_jrj_gncj', 'start_time': '1597992015'}  消息处理总量:1条
2020-08-21 at 15:03:18 | SUCCESS | 消息内容:{'collection_name': 'sy_news_finance_people_raw', 'start_time': '1597992025', 'spider_name': 'caijing_people_hyycy', 'end_time': '1597992032'}  消息处理总量:5条
2020-08-21 at 15:03:45 | SUCCESS | 消息内容:{'collection_name': 'sy_news_finance_southmoney_raw', 'end_time': '1597992043', 'spider_name': 'caijing_southmoney_caijingyaowen', 'start_time': '1597992034'}  消息处理总量:10条
2020-08-21 at 15:03:49 | SUCCESS | 消息内容:{'start_time': '1597991053', 'end_time': '1597991863', 'spider_name': 'caijing_wx_gongzhonghao_all', 'collection_name': 'sy_news_finance_wx_raw'}  消息处理总量:18条
2020-08-21 at 15:04:10 | SUCCESS | 消息内容:{'start_time': '1597992107', 'end_time': '1597992109', 'spider_name': 'caijing_sina_ssgs', 'collection_name': 'sy_news_finance_sina_raw'}  消息处理总量:2条
2020-08-21 at 15:04:26 | SUCCESS | 消息内容:{'end_time': '1597991963', 'collection_name': 'sy_news_finance_eastmoney_raw', 'start_time': '1597991928', 'spider_name': 'caijing_eastmoney_stock_all'}  消息处理总量:35条
2020-08-21 at 15:04:53 | SUCCESS | 消息内容:{'end_time': '1597992098', 'collection_name': 'sy_news_finance_eastmoney_raw', 'start_time': '1597992094', 'spider_name': 'caijing_eastmoney_whdd'}  消息处理总量:4条
2020-08-21 at 15:04:59 | SUCCESS | 消息内容:{'end_time': '1597992116', 'start_time': '1597992105', 'spider_name': 'caijing_eastmoney_gsxw', 'collection_name': 'sy_news_finance_eastmoney_raw'}  消息处理总量:20条
2020-08-21 at 15:05:02 | SUCCESS | 消息内容:{'collection_name': 'sy_news_finance_eastmoney_raw', 'end_time': '1597992085', 'spider_name': 'caijing_eastmoney_ccjxw', 'start_time': '1597992077'}  消息处理总量:13条
2020-08-21 at 15:05:09 | SUCCESS | 消息内容:{'end_time': '1597992218', 'start_time': '1597992190', 'spider_name': 'caijing_chineseshipping_zixun_all', 'collection_name': 'sy_news_finance_chineseshipping_raw'}  消息处理总量:2条
2020-08-21 at 15:05:11 | SUCCESS | 消息内容:{'collection_name': 'sy_news_finance_chinatimes_raw', 'spider_name': 'caijing_chinatimes_all', 'end_time': '1597992207', 'start_time': '1597992207'}  消息处理总量:1条
2020-08-21 at 15:05:32 | SUCCESS | 消息内容:{'start_time': '1597992333', 'end_time': '1597992333', 'collection_name': 'sy_news_finance_eastmoney_raw', 'spider_name': 'caijing_eastmoney_zqzx'}  消息处理总量:3条
2020-08-21 at 15:05:42 | SUCCESS | 消息内容:{'start_time': '1597992372', 'collection_name': 'sy_news_finance_cnstock_raw', 'spider_name': 'caijing_cnstock_ssgs_all', 'end_time': '1597992372'}  消息处理总量:1条
2020-08-21 at 15:05:58 | SUCCESS | 消息内容:{'end_time': '1597992330', 'start_time': '1597992285', 'spider_name': 'caijing_eastmoney_hk_all', 'collection_name': 'sy_news_finance_eastmoney_raw'}  消息处理总量:15条
2020-08-21 at 15:06:37 | SUCCESS | 消息内容:{'start_time': '1597992371', 'end_time': '1597992381', 'spider_name': 'caijing_iyiou_kuaixun', 'collection_name': 'sy_news_finance_iyiou_raw'}  消息处理总量:15条
2020-08-21 at 15:06:45 | SUCCESS | 消息内容:{'start_time': '1597992364', 'end_time': '1597992373', 'collection_name': 'sy_news_finance_sina_raw', 'spider_name': 'caijing_sina_chanjing'}  消息处理总量:15条
2020-08-21 at 15:06:56 | SUCCESS | 消息内容:{'collection_name': 'sy_news_finance_powerpigs_raw', 'start_time': '1597992418', 'end_time': '1597992418', 'spider_name': 'caijing_powerpigs_zixun'}  消息处理总量:1条
2020-08-21 at 15:06:56 | SUCCESS | 消息内容:{'end_time': '1597992154', 'collection_name': 'sy_news_finance_eastmoney_raw', 'start_time': '1597992130', 'spider_name': 'caijing_eastmoney_cgnjj'}  消息处理总量:34条
2020-08-21 at 15:07:02 | SUCCESS | 消息内容:{'end_time': '1597992398', 'collection_name': 'sy_news_finance_cqnews_raw', 'start_time': '1597992398', 'spider_name': 'caijing_cqnews_finance_all'}  消息处理总量:1条
2020-08-21 at 15:07:20 | SUCCESS | 消息内容:{'collection_name': 'sy_news_finance_pedaily_raw', 'spider_name': 'caijing_pedaily_gundong', 'end_time': '1597992521', 'start_time': '1597992515'}  消息处理总量:3条
2020-08-21 at 15:07:20 | SUCCESS | 消息内容:{'end_time': '1597992578', 'collection_name': 'sy_news_finance_cqnews_raw', 'start_time': '1597992275', 'spider_name': 'caijing_cqnews_finance_all'}  消息处理总量:3条
2020-08-21 at 15:07:35 | SUCCESS | 消息内容:{'start_time': '1597992658', 'collection_name': 'sy_news_finance_yuncaijing_raw', 'end_time': '1597992658', 'spider_name': 'caijing_yuncaijing_neican'}  消息处理总量:1条
2020-08-21 at 15:07:47 | SUCCESS | 消息内容:{'end_time': '1597992443', 'start_time': '1597992438', 'spider_name': 'caijing_eastmoney_cgnjj', 'collection_name': 'sy_news_finance_eastmoney_raw'}  消息处理总量:8条
2020-08-21 at 15:07:54 | SUCCESS | 消息内容:{'start_time': '1597992752', 'end_time': '1597992752', 'spider_name': 'caijing_china_house', 'collection_name': 'sy_news_finance_china_raw'}  消息处理总量:1条
2020-08-21 at 15:08:21 | SUCCESS | 消息内容:{'start_time': '1597992680', 'spider_name': 'caijing_eastmoney_stock_all', 'collection_name': 'sy_news_finance_eastmoney_raw', 'end_time': '1597992693'}  消息处理总量:11条
2020-08-21 at 15:08:23 | SUCCESS | 消息内容:{'start_time': '1597992611', 'end_time': '1597992702', 'spider_name': 'caijing_cyzone_all', 'collection_name': 'sy_news_finance_cyzone_raw'}  消息处理总量:3条
2020-08-21 at 15:08:37 | SUCCESS | 消息内容:{'collection_name': 'sy_news_finance_cnfol_raw', 'end_time': '1597992812', 'spider_name': 'caijing_cnfol_cyjj', 'start_time': '1597992812'}  消息处理总量:1条
2020-08-21 at 15:08:56 | SUCCESS | 消息内容:{'end_time': '1597992668', 'collection_name': 'sy_news_finance_eastday_raw', 'start_time': '1597992644', 'spider_name': 'caijing_eastday_caijing'}  消息处理总量:20条
2020-08-21 at 15:09:07 | SUCCESS | 消息内容:{'end_time': '1597992899', 'collection_name': 'sy_news_finance_china_raw', 'start_time': '1597992899', 'spider_name': 'caijing_china_kj'}  消息处理总量:1条
2020-08-21 at 15:09:26 | SUCCESS | 消息内容:{'end_time': '1597992907', 'collection_name': 'sy_news_finance_csi_raw', 'start_time': '1597992906', 'spider_name': 'caijing_csi_yeneizixun_all'}  消息处理总量:2条
2020-08-21 at 15:09:32 | SUCCESS | 消息内容:{'collection_name': 'sy_news_finance_591hx_raw', 'start_time': '1597992840', 'spider_name': 'caijing_591hx_stock_all', 'end_time': '1597992849'}  消息处理总量:11条
2020-08-21 at 15:09:51 | SUCCESS | 消息内容:{'end_time': '1597992960', 'collection_name': 'sy_news_finance_eastmoney_raw', 'start_time': '1597992955', 'spider_name': 'caijing_eastmoney_ganggu'}  消息处理总量:4条
2020-08-21 at 15:09:59 | SUCCESS | 消息内容:{'end_time': '1597993024', 'collection_name': 'sy_news_finance_jiemian_raw', 'start_time': '1597993024', 'spider_name': 'caijing_jiemian_qiche'}  消息处理总量:1条
2020-08-21 at 15:10:52 | SUCCESS | 消息内容:{'end_time': '1597993062', 'collection_name': 'sy_news_finance_huxiu_raw', 'start_time': '1597993055', 'spider_name': 'caijing_huxiu_zixun'}  消息处理总量:10条
2020-08-21 at 15:11:06 | SUCCESS | 消息内容:{'end_time': '1597993069', 'collection_name': 'sy_news_finance_ccmn_raw', 'start_time': '1597993069', 'spider_name': 'caijing_ccmn_yaowen'}  消息处理总量:1条
2020-08-21 at 15:11:11 | SUCCESS | 消息内容:{'collection_name': 'sy_news_finance_cnfol_raw', 'end_time': '1597993001', 'spider_name': 'caijing_cnfol_gegu', 'start_time': '1597992953'}  消息处理总量:31条
2020-08-21 at 15:11:36 | SUCCESS | 消息内容:{'end_time': '1597993091', 'collection_name': 'sy_news_finance_eastmoney_raw', 'start_time': '1597993087', 'spider_name': 'caijing_eastmoney_caijing'}  消息处理总量:7条
2020-08-21 at 15:11:48 | SUCCESS | 消息内容:{'collection_name': 'sy_news_finance_winshang_raw', 'end_time': '1597993137', 'spider_name': 'caijing_winshang_yaowen_all', 'start_time': '1597993070'}  消息处理总量:10条
2020-08-21 at 15:11:57 | SUCCESS | 消息内容:{'start_time': '1597992777', 'end_time': '1597992830', 'spider_name': 'caijing_eastmoney_caijing', 'collection_name': 'sy_news_finance_eastmoney_raw'}  消息处理总量:58条
2020-08-21 at 15:12:03 | SUCCESS | 消息内容:{'start_time': '1597993463', 'end_time': '1597993463', 'spider_name': 'caijing_smm_yaowen', 'collection_name': 'sy_news_finance_smm_raw'}  消息处理总量:1条
2020-08-21 at 15:12:03 | SUCCESS | 消息内容:{'end_time': '1597993269', 'collection_name': 'sy_news_finance_dcement_raw', 'start_time': '1597993249', 'spider_name': 'caijing_dcement_zixun'}  消息处理总量:2条
2020-08-21 at 15:12:10 | SUCCESS | 消息内容:{'end_time': '1597993577', 'collection_name': 'sy_news_finance_eastmoney_raw', 'start_time': '1597993577', 'spider_name': 'caijing_eastmoney_ganggu'}  消息处理总量:1条
2020-08-21 at 15:12:16 | SUCCESS | 消息内容:{'start_time': '1597993418', 'collection_name': 'sy_news_finance_eastmoney_raw', 'spider_name': 'caijing_eastmoney_stock_all', 'end_time': '1597993436'}  消息处理总量:11条
2020-08-21 at 15:12:24 | SUCCESS | 消息内容:{'start_time': '1597993565', 'end_time': '1597993570', 'spider_name': 'caijing_jrj_gncj', 'collection_name': 'sy_news_finance_jrj_raw'}  消息处理总量:4条
2020-08-21 at 15:12:29 | SUCCESS | 消息内容:{'collection_name': 'sy_news_finance_hexun_raw', 'end_time': '1597993729', 'spider_name': 'caijing_hexun_hongguan', 'start_time': '1597993729'}  消息处理总量:1条
2020-08-21 at 15:12:40 | SUCCESS | 消息内容:{'start_time': '1597993774', 'spider_name': 'caijing_lieyunwang_zixun', 'collection_name': 'sy_news_finance_lieyunwang_raw', 'end_time': '1597993775'}  消息处理总量:2条
2020-08-21 at 15:12:46 | SUCCESS | 消息内容:{'end_time': '1597993791', 'start_time': '1597993785', 'spider_name': 'caijing_sina_guonei', 'collection_name': 'sy_news_finance_sina_raw'}  消息处理总量:11条
2020-08-21 at 15:12:57 | SUCCESS | 消息内容:{'end_time': '1597993642', 'collection_name': 'sy_news_finance_eastmoney_raw', 'start_time': '1597993628', 'spider_name': 'caijing_eastmoney_ccjxw'}  消息处理总量:14条
2020-08-21 at 15:13:21 | SUCCESS | 消息内容:{'start_time': '1597993754', 'collection_name': 'sy_news_finance_eastmoney_raw', 'spider_name': 'caijing_eastmoney_wh', 'end_time': '1597993798'}  消息处理总量:9条
2020-08-21 at 15:13:27 | SUCCESS | 消息内容:{'end_time': '1597993847', 'collection_name': 'sy_news_finance_caijing_raw', 'start_time': '1597993819', 'spider_name': 'caijing_caijing_industry'}  消息处理总量:5条
2020-08-21 at 15:13:32 | SUCCESS | 消息内容:{'start_time': '1597993862', 'end_time': '1597993866', 'spider_name': 'hangye_coal_news', 'collection_name': 'sy_news_hangye_coal_raw'}  消息处理总量:6条
2020-08-21 at 15:13:33 | SUCCESS | 消息内容:{'end_time': '1597993912', 'collection_name': 'sy_news_finance_eastday_raw', 'start_time': '1597993912', 'spider_name': 'caijing_eastday_caijing'}  消息处理总量:1条
2020-08-21 at 15:13:42 | SUCCESS | 消息内容:{'end_time': '1597993920', 'collection_name': 'sy_news_finance_iyiou_raw', 'start_time': '1597993916', 'spider_name': 'caijing_iyiou_kuaixun'}  消息处理总量:3条
2020-08-21 at 15:13:45 | SUCCESS | 消息内容:{'start_time': '1597993915', 'end_time': '1597993917', 'spider_name': 'caijing_eastmoney_qqdd', 'collection_name': 'sy_news_finance_eastmoney_raw'}  消息处理总量:2条
2020-08-21 at 15:13:50 | SUCCESS | 消息内容:{'collection_name': 'sy_news_finance_sina_raw', 'spider_name': 'caijing_sina_chanjing', 'end_time': '1597993917', 'start_time': '1597993912'}  消息处理总量:9条
2020-08-21 at 15:13:56 | SUCCESS | 消息内容:{'end_time': '1597993996', 'collection_name': 'sy_news_finance_jingjinews_raw', 'start_time': '1597993996', 'spider_name': 'caijing_jingjinews_gongsi'}  消息处理总量:2条
2020-08-21 at 15:14:48 | SUCCESS | 消息内容:{'end_time': '1597994076', 'collection_name': 'sy_news_finance_leju_raw', 'start_time': '1597994010', 'spider_name': 'caijing_leju_lejucaijing_all'}  消息处理总量:14条
2020-08-21 at 15:15:14 | SUCCESS | 消息内容:{'end_time': '1597994106', 'start_time': '1597994088', 'spider_name': 'caijing_10jqka_cjyw', 'collection_name': 'sy_news_finance_10jqka_raw'}  消息处理总量:5条
2020-08-21 at 15:15:31 | SUCCESS | 消息内容:{'start_time': '1597994114', 'collection_name': 'sy_news_finance_qianlong_raw', 'spider_name': 'caijing_qianlong_jingji', 'end_time': '1597994119'}  消息处理总量:6条
2020-08-21 at 15:16:40 | SUCCESS | 消息内容:{'end_time': '1597994188', 'collection_name': 'sy_news_finance_yuncaijing_raw', 'start_time': '1597994188', 'spider_name': 'caijing_yuncaijing_neican'}  消息处理总量:1条
2020-08-21 at 15:16:49 | SUCCESS | 消息内容:{'end_time': '1597994209', 'start_time': '1597994206', 'spider_name': 'caijing_cnfol_gncj', 'collection_name': 'sy_news_finance_cnfol_raw'}  消息处理总量:6条
2020-08-21 at 15:17:20 | SUCCESS | 消息内容:{'start_time': '1597994197', 'collection_name': 'sy_news_finance_eastday_raw', 'spider_name': 'caijing_eastday_caijing', 'end_time': '1597994201'}  消息处理总量:3条
2020-08-21 at 15:17:45 | SUCCESS | 消息内容:{'end_time': '1597994256', 'collection_name': 'sy_news_finance_eastmoney_raw', 'start_time': '1597994251', 'spider_name': 'caijing_eastmoney_ccjxw'}  消息处理总量:9条
2020-08-21 at 15:18:31 | SUCCESS | 消息内容:{'end_time': '1597994146', 'start_time': '1597994146', 'spider_name': 'caijing_cyzone_all', 'collection_name': 'sy_news_finance_cyzone_raw'}  消息处理总量:1条
2020-08-21 at 15:20:22 | SUCCESS | 消息内容:{'start_time': '1597994356', 'spider_name': 'caijing_stockstar_gs', 'collection_name': 'sy_news_finance_stockstar_raw', 'end_time': '1597994381'}  消息处理总量:41条
2020-08-21 at 15:21:41 | SUCCESS | 消息内容:{'end_time': '1597994377', 'start_time': '1597994377', 'spider_name': 'caijing_591hx_stock_all', 'collection_name': 'sy_news_finance_591hx_raw'}  消息处理总量:1条
2020-08-21 at 15:21:55 | SUCCESS | 消息内容:{'end_time': '1597994491', 'collection_name': 'sy_news_finance_eastmoney_raw', 'start_time': '1597994434', 'spider_name': 'caijing_eastmoney_xinsanban_all'}  消息处理总量:9条
2020-08-21 at 15:22:04 | SUCCESS | 消息内容:{'collection_name': 'sy_news_hangye_bjx_raw', 'start_time': '1597994546', 'spider_name': 'hangye_bjx_yaowen', 'end_time': '1597994549'}  消息处理总量:6条
2020-08-21 at 15:24:20 | SUCCESS | 消息内容:{'end_time': '1597994673', 'collection_name': 'sy_news_finance_china_raw', 'start_time': '1597994673', 'spider_name': 'caijing_china_hg'}  消息处理总量:1条
2020-08-21 at 15:26:15 | SUCCESS | 消息内容:{'start_time': '1597994703', 'end_time': '1597994754', 'spider_name': 'caijing_sina_blog', 'collection_name': 'sy_news_finance_sina_blog_raw'}  消息处理总量:3条
2020-08-21 at 15:27:20 | SUCCESS | 消息内容:{'start_time': '1597994843', 'collection_name': 'sy_news_finance_sina_raw', 'end_time': '1597994848', 'spider_name': 'caijing_sina_chanjing'}  消息处理总量:9条
2020-08-21 at 15:27:59 | SUCCESS | 消息内容:{'end_time': '1597994884', 'collection_name': 'sy_news_finance_huxiu_raw', 'start_time': '1597994880', 'spider_name': 'caijing_huxiu_zixun'}  消息处理总量:5条
2020-08-21 at 15:28:32 | SUCCESS | 消息内容:{'start_time': '1597994952', 'end_time': '1597994952', 'spider_name': 'hangye_autohome_news', 'collection_name': 'sy_news_hangye_autohome_raw'}  消息处理总量:1条
2020-08-21 at 15:29:16 | SUCCESS | 消息内容:{'start_time': '1597994905', 'collection_name': 'sy_news_finance_sina_raw', 'end_time': '1597994907', 'spider_name': 'caijing_sina_zsscdt'}  消息处理总量:2条
2020-08-21 at 15:29:32 | SUCCESS | 消息内容:{'end_time': '1597994986', 'collection_name': 'sy_news_finance_nbd_raw', 'start_time': '1597994986', 'spider_name': 'caijing_nbd_gongsi_all'}  消息处理总量:1条
2020-08-21 at 15:30:08 | SUCCESS | 消息内容:{'end_time': '1597995008', 'start_time': '1597995008', 'spider_name': 'caijing_eastmoney_mingjia_all', 'collection_name': 'sy_news_finance_eastmoney_raw'}  消息处理总量:1条
2020-08-21 at 15:30:53 | SUCCESS | 消息内容:{'end_time': '1597995061', 'collection_name': 'sy_news_finance_abi_raw', 'start_time': '1597995054', 'spider_name': 'caijing_abi_zixun'}  消息处理总量:7条
2020-08-21 at 15:31:18 | SUCCESS | 消息内容:{'start_time': '1597994873', 'spider_name': 'caijing_eastmoney_hk_all', 'collection_name': 'sy_news_finance_eastmoney_raw', 'end_time': '1597995060'}  消息处理总量:23条
2020-08-21 at 15:31:50 | SUCCESS | 消息内容:{'start_time': '1597995124', 'end_time': '1597995126', 'spider_name': 'caijing_cnstock_ssgs_all', 'collection_name': 'sy_news_finance_cnstock_raw'}  消息处理总量:5条
2020-08-21 at 15:32:49 | SUCCESS | 消息内容:{'start_time': '1597995165', 'end_time': '1597995175', 'collection_name': 'sy_news_hangye_cfej_raw', 'spider_name': 'hangye_cfej_news'}  消息处理总量:17条
2020-08-21 at 15:32:56 | SUCCESS | 消息内容:{'end_time': '1597995183', 'collection_name': 'sy_news_finance_leju_raw', 'start_time': '1597995133', 'spider_name': 'caijing_leju_lejucaijing_all'}  消息处理总量:8条
2020-08-21 at 15:33:34 | SUCCESS | 消息内容:{'start_time': '1597995178', 'end_time': '1597995191', 'spider_name': 'caijing_eastmoney_ccjxw', 'collection_name': 'sy_news_finance_eastmoney_raw'}  消息处理总量:20条
2020-08-21 at 15:33:34 | SUCCESS | 消息内容:{'collection_name': 'sy_news_finance_eccn_raw', 'start_time': '1597995222', 'spider_name': 'caijing_eccn_zxzx', 'end_time': '1597995222'}  消息处理总量:1条
2020-08-21 at 15:33:52 | SUCCESS | 消息内容:{'end_time': '1597995250', 'collection_name': 'sy_news_finance_yicai_raw', 'start_time': '1597995246', 'spider_name': 'caijing_yicai_cj'}  消息处理总量:3条
2020-08-21 at 15:35:01 | SUCCESS | 消息内容:{'collection_name': 'sy_news_finance_eastmoney_raw', 'spider_name': 'caijing_eastmoney_czggng', 'end_time': '1597995305', 'start_time': '1597995305'}  消息处理总量:1条
2020-08-21 at 15:35:04 | SUCCESS | 消息内容:{'start_time': '1597995306', 'end_time': '1597995307', 'spider_name': 'caijing_cnstock_stock_all', 'collection_name': 'sy_news_finance_cnstock_raw'}  消息处理总量:3条
2020-08-21 at 15:35:19 | SUCCESS | 消息内容:{'end_time': '1597995305', 'collection_name': 'sy_news_finance_guandian_raw', 'start_time': '1597995292', 'spider_name': 'caijing_guandian_news_all'}  消息处理总量:4条
2020-08-21 at 15:36:34 | SUCCESS | 消息内容:{'start_time': '1597995428', 'collection_name': 'sy_news_hangye_smm_raw', 'end_time': '1597995430', 'spider_name': 'hangye_smm_news'}  消息处理总量:5条
2020-08-21 at 15:36:52 | SUCCESS | 消息内容:{'end_time': '1597995322', 'collection_name': 'sy_news_finance_chinatimes_raw', 'start_time': '1597995283', 'spider_name': 'caijing_chinatimes_all'}  消息处理总量:3条
2020-08-21 at 15:36:52 | SUCCESS | 消息内容:{'end_time': '1597995401', 'start_time': '1597995392', 'spider_name': 'caijing_cnfol_gegu', 'collection_name': 'sy_news_finance_cnfol_raw'}  消息处理总量:16条
2020-08-21 at 15:40:06 | SUCCESS | 消息内容:{'end_time': '1597995541', 'start_time': '1597995518', 'spider_name': 'caijing_591hx_stock_all', 'collection_name': 'sy_news_finance_591hx_raw'}  消息处理总量:2条
2020-08-21 at 15:40:56 | SUCCESS | 消息内容:{'collection_name': 'sy_news_finance_sina_raw', 'start_time': '1597995649', 'end_time': '1597995650', 'spider_name': 'caijing_sina_guonei'}  消息处理总量:2条
2020-08-21 at 15:41:53 | SUCCESS | 消息内容:{'end_time': '1597995661', 'collection_name': 'sy_news_finance_eastmoney_raw', 'start_time': '1597995635', 'spider_name': 'caijing_eastmoney_stock_all'}  消息处理总量:31条
2020-08-21 at 15:43:20 | SUCCESS | 消息内容:{'end_time': '1597995813', 'collection_name': 'sy_news_finance_eccn_raw', 'start_time': '1597995813', 'spider_name': 'caijing_eccn_zxzx'}  消息处理总量:1条
2020-08-21 at 15:43:24 | SUCCESS | 消息内容:{'start_time': '1597995713', 'end_time': '1597995741', 'spider_name': 'caijing_hexun_gsyw', 'collection_name': 'sy_news_finance_hexun_raw'}  消息处理总量:46条
2020-08-21 at 15:43:29 | SUCCESS | 消息内容:{'collection_name': 'sy_news_finance_eastmoney_raw', 'start_time': '1597995794', 'end_time': '1597995801', 'spider_name': 'caijing_eastmoney_whdd'}  消息处理总量:6条
2020-08-21 at 15:44:19 | SUCCESS | 消息内容:{'start_time': '1597995862', 'end_time': '1597995864', 'spider_name': 'caijing_cnstock_news_all', 'collection_name': 'sy_news_finance_cnstock_raw'}  消息处理总量:5条
2020-08-21 at 15:44:51 | SUCCESS | 消息内容:{'collection_name': 'sy_news_finance_jrj_raw', 'spider_name': 'caijing_jrj_chanjing', 'end_time': '1597995876', 'start_time': '1597995866'}  消息处理总量:15条
2020-08-21 at 15:44:53 | SUCCESS | 消息内容:{'end_time': '1597995462', 'collection_name': 'sy_news_finance_thecapital_raw', 'start_time': '1597995462', 'spider_name': 'caijing_thecapital_zixun'}  消息处理总量:1条
2020-08-21 at 15:46:04 | SUCCESS | 消息内容:{'start_time': '1597995954', 'end_time': '1597995956', 'spider_name': 'caijing_eastmoney_zqzx', 'collection_name': 'sy_news_finance_eastmoney_raw'}  消息处理总量:3条
2020-08-21 at 15:47:01 | SUCCESS | 消息内容:{'start_time': '1597995966', 'end_time': '1597995973', 'collection_name': 'sy_news_finance_cyzone_raw', 'spider_name': 'caijing_cyzone_zuixin'}  消息处理总量:3条
2020-08-21 at 15:47:22 | SUCCESS | 消息内容:{'end_time': '1597995993', 'collection_name': 'sy_news_finance_eastmoney_raw', 'start_time': '1597995985', 'spider_name': 'caijing_eastmoney_hk_all'}  消息处理总量:18条
2020-08-21 at 15:48:46 | SUCCESS | 消息内容:{'end_time': '1597996061', 'start_time': '1597996035', 'spider_name': 'caijing_hexun_gsyw', 'collection_name': 'sy_news_finance_hexun_raw'}  消息处理总量:37条
2020-08-21 at 15:49:01 | SUCCESS | 消息内容:{'start_time': '1597996083', 'spider_name': 'caijing_10jqka_hyyj', 'collection_name': 'sy_news_finance_10jqka_raw', 'end_time': '1597996113'}  消息处理总量:11条
2020-08-21 at 15:49:23 | SUCCESS | 消息内容:{'end_time': '1597996062', 'start_time': '1597996062', 'spider_name': 'caijing_thecapital_zixun', 'collection_name': 'sy_news_finance_thecapital_raw'}  消息处理总量:1条
2020-08-21 at 15:49:24 | SUCCESS | 消息内容:{'start_time': '1597996194', 'collection_name': 'sy_news_hangye_cbminfo_raw', 'spider_name': 'hangye_cbminfo_news', 'end_time': '1597996200'}  消息处理总量:2条
2020-08-21 at 15:49:47 | SUCCESS | 消息内容:{'end_time': '1597996181', 'start_time': '1597996180', 'spider_name': 'caijing_bioon_zhyx', 'collection_name': 'sy_news_finance_bioon_raw'}  消息处理总量:3条
2020-08-21 at 15:50:22 | SUCCESS | 消息内容:{'start_time': '1597996175', 'collection_name': 'sy_news_finance_eastmoney_raw', 'end_time': '1597996186', 'spider_name': 'caijing_eastmoney_gsxw'}  消息处理总量:16条
2020-08-21 at 15:51:03 | SUCCESS | 消息内容:{'collection_name': 'sy_news_finance_abi_raw', 'start_time': '1597996266', 'spider_name': 'caijing_abi_zixun', 'end_time': '1597996266'}  消息处理总量:1条
2020-08-21 at 15:52:38 | SUCCESS | 消息内容:{'collection_name': 'sy_news_finance_sina_blog_raw', 'start_time': '1597996288', 'end_time': '1597996303', 'spider_name': 'caijing_sina_blog'}  消息处理总量:2条
2020-08-21 at 15:52:39 | SUCCESS | 消息内容:{'end_time': '1597996328', 'start_time': '1597996326', 'spider_name': 'caijing_stcn_gs', 'collection_name': 'sy_news_finance_stcn_raw'}  消息处理总量:3条
