http://static.sse.com.cn/stock/information/c/201906/633c48bc487f47ccb663cd6635bd5ea0.PDF,北京国枫律师事务所关于二十一世纪空间技术应用股份有限公司申请首次公开发行股票并在科创板上市的补充法律意见书之三
http://www.neeq.com.cn/disclosure/2020/2020-06-17/1592379042_993557.pdf,翰博高新:天职国际会计师事务所（特殊普通合伙）关于翰博高新第一轮问询的回复
http://www.neeq.com.cn/disclosure/2020/2020-06-19/1592576167_972174.pdf,连城数控:信永中和会计师事务所关于连城数控第一轮问询的回复
http://reportdocs.static.szse.cn/UpFiles/rasinfodisc/RAS_0001737EF4B9413FDC2C7F77AFA9743F.PDF,关于对稳健医疗用品股份有限公司上市委审议意见的落实函的回复报告.PDF
http://reportdocs.static.szse.cn/UpFiles/rasinfodisc/RAS_0001741E02B8E53FD46492F45FCDF63F.doc,申请人及保荐机构回复意见（修订稿）.doc
http://reportdocs.static.szse.cn/UpFiles/rasinfodisc/RAS_000174158F4BD73FB8BBDBC36968B83F.doc,申请人及保荐机构回复意见（修订稿）.doc
http://reportdocs.static.szse.cn/UpFiles/rasinfodisc/RAS_000174158F763D3FE66F9AEAC34E603F.doc,募集说明书（修订稿）.doc
http://static.sse.com.cn/stock/information/c/201905/43a4ba32261147629634fa05421d9b87.PDF,北京国枫律师事务所关于二十一世纪空间技术应用股份有限公司申请首次公开发行股票并在科创板上市的补充法律意见书之二
http://static.sse.com.cn/stock/information/c/201905/f6afe5e8d84e43498081fe5e7ace15db.pdf,8-1 发行人及保荐机构第二轮回复意见
http://static.sse.com.cn/stock/information/c/202003/a7376d02d5724af4b2885c4775c46c3f.pdf,8-1-2 发行人及保荐机构关于第二轮审核问询函的回（2019年年报财务数据更新版）
http://static.sse.com.cn/stock/information/c/201912/d36c64c712184e0a923a6c731503a95a.pdf,8-2-1 会计师事务所关于杭州光云科技股份有限公司第一轮审核问询函的回复（审核中心意见落实函更新版）
http://static.sse.com.cn/stock/information/c/201908/17d6414e69034f8f89fc235d68b70ca8.pdf,8-1-1 发行人及保荐机构回复意见（2019年半年报财务数据更新版）
http://www.neeq.com.cn/disclosure/2020/2020-09-15/1600182612_774597.pdf,诺思兰德:最近三年及一期的财务报告和审计报告（审议稿）
http://www.neeq.com.cn/disclosure/2020/2020-09-16/1600241692_241043.pdf,三元基因:最近三年及一期的财务报告和审计报告（申报稿）
http://www.neeq.com.cn/disclosure/2020/2020-09-21/1600698011_626530.pdf,华阳变速:华阳变速及国融证券关于第一轮问询的回复
http://www.neeq.com.cn/disclosure/2020/2020-09-21/1600698009_123242.pdf,华阳变速:中喜会计师事务所（特殊普通合伙）关于华阳变速第一轮问询的回复
http://www.neeq.com.cn/disclosure/2020/2020-09-21/1600698008_540485.pdf,华阳变速:湖北郧阳律师事务所关于华阳变速的补充法律意见书（一）
http://www.neeq.com.cn/disclosure/2020/2020-09-21/1600695364_211899.pdf,中镁控股:关于辽宁中镁控股股份有限公司精选层挂牌申请文件的审查问询函
http://www.neeq.com.cn/disclosure/2020/2020-09-21/1600695366_482968.pdf,远茂股份:关于上海远茂企业发展股份有限公司精选层挂牌申请文件的审查问询函
http://www.neeq.com.cn/disclosure/2020/2020-09-21/1600683611_503621.pdf,万通液压:股票在精选层挂牌推荐书（审议稿）
http://www.neeq.com.cn/disclosure/2020/2020-09-21/1600683615_221408.pdf,万通液压:法律意见书（审议稿）
http://www.neeq.com.cn/disclosure/2020/2020-09-21/1600683609_432455.pdf,万通液压:发行保荐书（审议稿）
http://www.neeq.com.cn/disclosure/2020/2020-09-21/1600683608_691958.pdf,万通液压:公开发行说明书（审议稿）
http://www.neeq.com.cn/disclosure/2020/2020-09-21/1600683612_806027.pdf,万通液压:最近三年及一期的财务报告和审计报告（审议稿）
http://www.neeq.com.cn/disclosure/2020/2020-09-21/1600673728_082370.pdf,德众股份:德众股份及开源证券关于落实挂牌委员会审议会议意见的函的回复
http://www.neeq.com.cn/disclosure/2020/2020-09-21/1600673730_535867.pdf,瑞星时光:发行保荐书（申报稿）
http://www.neeq.com.cn/disclosure/2020/2020-09-21/1600673735_995328.pdf,瑞星时光:法律意见书（申报稿）
http://www.neeq.com.cn/disclosure/2020/2020-09-21/1600673729_487753.pdf,德众股份:北京国枫律师事务所关于湖南德众汽车销售服务股份有限公司申请向不特定合格投资者公开发行股票并在精选层挂牌的补充法律意见书之五
http://www.neeq.com.cn/disclosure/2020/2020-09-21/1600673734_910310.pdf,瑞星时光:股票在精选层挂牌推荐书（申报稿）
http://www.neeq.com.cn/disclosure/2020/2020-09-21/1600673727_439678.pdf,万通液压:和信会计师事务所（特殊普通合伙）关于山东万通液压股份有限公司落实挂牌委员会审议会议意见的函有关财务事项的专项说明
http://www.neeq.com.cn/disclosure/2020/2020-09-21/1600673725_204104.pdf,万通液压:万通液压与长江保荐关于落实挂牌委员会审议会议意见的函的回复
http://www.neeq.com.cn/disclosure/2020/2020-09-21/1600673731_509283.pdf,瑞星时光:最近三年及一期的财务报告和审计报告（申报稿）
http://www.neeq.com.cn/disclosure/2020/2020-09-21/1600673736_438185.pdf,瑞星时光:公开发行说明书（申报稿）
http://static.sse.com.cn/stock/information/c/202009/97205f14c84d412e9f38b534bd812459.pdf,8-1-1 发行人及保荐机构关于爱威科技股份有限公司首次公开发行股票并在科创板上市申请文件的第一轮审核问询函的回复（2020年半年报财务数据更新版）
http://static.sse.com.cn/stock/information/c/202009/8cf6a9f7186a4ddc83e384eb6a6f035b.pdf,8-2-1 会计师事务所关于爱威科技股份有限公司首次公开发行股票并在科创板上市申请文件的第一轮审核问询函有关财务问题回复的专项说明（2020年半年报财务数据更新版）
http://static.sse.com.cn/stock/information/c/202009/27967d6445354c079d173098eb35c7e5.pdf,8-3-1 律师事务所关于爱威科技股份有限公司首次公开发行股票并在科创板上市的补充法律意见书(二)
http://static.sse.com.cn/stock/information/c/202009/5cd14334b9784471a5dd99ceef3ab4c6.pdf,8-1 发行人及保荐机构关于审核中心意见落实函的回复
http://static.sse.com.cn/stock/information/c/202009/0c8bd348eb1a47cdbbeab5038e3509e8.pdf,8-1 发行人及保荐机构关于海南金盘智能科技股份有限公司首次公开发行股票并在科创板上市的审核中心意见落实函的回复
http://static.sse.com.cn/stock/information/c/202009/6d67af5dc4bb4cef9fc58022b3f46b82.pdf,8-1 发行人及保荐机构对审核中心意见落实函的回复
http://static.sse.com.cn/stock/information/c/202009/78307bf978794efe83eaed6f42af5d31.pdf,8-1 发行人及保荐人审核问询函回复报告
http://static.sse.com.cn/stock/information/c/202009/b580adbf60944621ae05eb62683a7b78.pdf,8-2 会计师审核问询函回复意见
http://static.sse.com.cn/stock/information/c/202009/e45b8c99742b4c46a5810b7c3303b7e5.pdf,8-3 律师补充法律意见书（一）
http://static.sse.com.cn/stock/information/c/202009/9f04b68bc01c4e998e1a4563ec796113.pdf,8-1 发行人及保荐机构关于审核中心意见落实函的回复意见
http://static.sse.com.cn/stock/information/c/202009/6354bc5be5734eb9a5b886af3a9510fc.pdf,8-1 发行人及保荐机构回复意见
http://static.sse.com.cn/stock/information/c/202009/7ba71abe855742bea391ebe521ce3518.pdf,8-2 容诚会计师事务所对青岛达能环保设备股份有限公司关于第一轮审核问询函所做回复的专项意见-0917
http://static.sse.com.cn/stock/information/c/202009/a8cd73b4c96e41a6ac4e36969553298f.pdf,8-3 海润天睿律师事务所关于青岛达能环保设备股份有限公司首次公开发行股票并在科创板上市的补充法律意见书（一）
http://static.sse.com.cn/stock/information/c/202009/4d9ddfcc6bde49149a3b4bd7505b8ba4.pdf,8-1 发行人及保荐机构关于审核中心意见落实函的回复
http://static.sse.com.cn/stock/information/c/202009/2e3087d600d14d869d6a25e2c1e7950a.pdf,8-1-1 发行人及保荐机构回复意见（2020年半年报财务数据更新版）
http://static.sse.com.cn/stock/information/c/202009/d892a3a8ba864a099ac76c4526d5718d.pdf,8-1-2 发行人及保荐机构关于第二轮审核问询函的回复意见（2020年半年报财务数据更新版）
http://static.sse.com.cn/stock/information/c/202009/a00c8395606d40439292e54572bfb7ee.pdf,8-1-3 发行人及保荐机构关于审核中心意见落实函的回复（2020年半年报财务数据更新版）
http://static.sse.com.cn/stock/information/c/202009/131bcc0b1cc844aeb55e607edbb6a794.pdf,8-2-1 会计师回复意见（2020年半年报财务数据更新版）
http://static.sse.com.cn/stock/information/c/202009/a1ecf8875af1416e8ab338211e3d9fbe.pdf,8-2-2 会计师回复意见（二）（2020年半年报财务数据更新版）
http://static.sse.com.cn/stock/information/c/202009/065c6f442e4440d58604009b6500558d.pdf,8-2-3 会计师关于审核中心意见落实函的回复（2020年半年报财务数据更新版）
http://static.sse.com.cn/stock/information/c/202009/2ad6532331b648d981d94965ca1291cc.pdf,8-3-1 律师补充法律意见书（四）（2020年半年报财务数据更新版）
http://static.sse.com.cn/stock/information/c/202009/56091f0a36dc438d9b2a5ae5f73d874b.pdf,8-1-1 发行人及保荐机构回复意见（2020年半年报财务数据更新版）
http://static.sse.com.cn/stock/information/c/202009/facb0863b01e4fefa03578b2f003dfd5.pdf,8-2-1 会计师回复意见（2020年半年报财务数据更新版）
http://static.sse.com.cn/stock/information/c/202009/118ee4561899410089d1c2562fa0bc78.pdf,8-3-1 律师补充法律意见书（三）（2020年半年报财务数据更新版）
http://static.sse.com.cn/stock/information/c/202009/b718fdb2d2a74e3aa95917115f37d951.pdf,8-1-2 发行人及保荐机构回复意见（二）（2020年半年报财务数据更新版）
http://static.sse.com.cn/stock/information/c/202009/acc59d1ed3aa4b5b9d7eea8b7acbb9ea.pdf,8-2-2 会计师回复意见（二）（2020年半年报财务数据更新版）
http://static.sse.com.cn/stock/information/c/202009/4e2e2b0fd3bb4aa6872701fe7356474a.pdf,8-1-1 发行人和保荐机构首轮问询回复（2020年半年报财务数据更新版）
http://static.sse.com.cn/stock/information/c/202009/a5132d4653244e85a049de81f65cbb05.pdf,8-2-1 会计师关于首轮反馈问询的回复（2020年半年报财务数据更新版）
http://static.sse.com.cn/stock/information/c/202009/2ce7dc3ee38440db93a35f241a79cbdd.pdf,8-3-1 律师事务所关于深圳市万佳安物联科技股份有限公司首次公开发行股票并在科创板上市的补充法律意见书（二）（2020年半年报财务数据更新版）
http://static.sse.com.cn/stock/information/c/202009/17bfe7b5a7ca40a3a55deeed0ed4e2cb.pdf,8-1 发行人及保荐机构回复意见
http://static.sse.com.cn/stock/information/c/202009/4645b7b556ca4d2dacda8b410b48f943.pdf,8-2 会计师回复意见
http://static.sse.com.cn/stock/information/c/202009/1f1eba02e70149198deaba114d19b344.pdf,8-3 补充法律意见书
http://static.sse.com.cn/stock/information/c/202009/9a2e5616015549969777d7a39c04a7e2.pdf,8-1-1 发行人及保荐机构关于第一轮问询的回复（2020年半年度数据更新版）
http://static.sse.com.cn/stock/information/c/202009/afb9d4d96073466398431e0a94df0d9c.pdf,8-1-2 发行人及保荐机构关于第二轮问询的回复（2020年半年度数据更新版）
http://static.sse.com.cn/stock/information/c/202009/4dbc957c8d024dd8b02de2c636ca79f3.pdf,8-1-3 发行人及保荐机构关于审核中心意见落实函的回复（2020年半年度数据更新版）
http://static.sse.com.cn/stock/information/c/202009/8b9b00851cc34838b5b6e21fd3ba3166.pdf,8-2-1 会计师第一轮问询回复（2020年半年报数据更新版）
http://static.sse.com.cn/stock/information/c/202009/db9e0cd7752b4010b3def639a125fb1b.pdf,8-2-2 会计师第二轮问询回复（2020年半年报数据更新版）
http://static.sse.com.cn/stock/information/c/202009/a28a6435fc1e4db4b0436c9e183169e3.pdf,8-3 律师补充法律意见书（三）
http://reportdocs.static.szse.cn/UpFiles/rasinfodisc/RAS_000174B35F6D4F3FDF81349773BF4A3F.pdf,1、楚天科技股份有限公司关于深圳证券交易所关于《楚天科技股份有限公司申请发行股份、可转换为股票的公司债券购买资产并募集配套资金的审核中心意见落实函》的回复.pdf
http://reportdocs.static.szse.cn/UpFiles/rasinfodisc/RAS_000174B35F8FF53FE5CDB638E1B7CC3F.pdf,2、国金证券股份有限公司关于《楚天科技股份有限公司关于深圳证券交易所审核中心意见落实函的回复》之专项核查意见.pdf
http://reportdocs.static.szse.cn/UpFiles/rasinfodisc/RAS_00017493E126673FED9A8FE61CC6EE3F.pdf,3、普华永道关于《楚天科技股份有限公司关于深圳证券交易所审核中心意见落实函的回复》之专项核查意见.pdf
http://reportdocs.static.szse.cn/UpFiles/rasinfodisc/RAS_000174B35FC6043FD62AEBE908B1003F.pdf,4、湖南启元律师事务所关于深圳证券交易所《关于楚天科技股份有限公司申请发行股份、可转换为股票的公司债券购买资产并募集配套资金的审核中心意见落实函》之核查意见.pdf
http://reportdocs.static.szse.cn/UpFiles/rasinfodisc/RAS_00017493E183213FEF391A9A65A2363F.pdf,5、北京亚超关于《楚天科技股份有限公司关于深圳证券交易所审核中心意见落实函的回复》之专项核查意见.pdf
http://reportdocs.static.szse.cn/UpFiles/rasinfodisc/RAS_000174B3AC024F3FC7F639C948CCA83F.pdf,5 评估机构关于第二轮审核问询函回复的核查意见（修订稿）.pdf
http://reportdocs.static.szse.cn/UpFiles/rasinfodisc/RAS_000174B3ABC0093FC7C55FFBCDD4F03F.pdf,2 独立财务顾问关于第二轮审核问询函回复的核查意见（修订稿）.pdf
http://reportdocs.static.szse.cn/UpFiles/rasinfodisc/RAS_000174B3AB7D113FE76C04EFD033823F.pdf,1 上市公司关于第二轮审核问询函的回复（修订稿）.pdf
http://static.sse.com.cn/stock/information/c/202009/f010a1b1abaa4dbf805ebc46fc52ac61.pdf,8-1 发行人及保荐机构关于上市委会议意见落实函的回复
http://static.sse.com.cn/stock/information/c/202009/8b09ce4fad684190987a0b4315180972.pdf,8-1 发行人及保荐机构关于审核中心意见落实函的回复
http://static.sse.com.cn/stock/information/c/202009/65af68823a8f4440a5dd401bd9c04502.pdf,8-2 会计师关于审核中心意见落实函的回复
http://static.sse.com.cn/stock/information/c/202009/7312c013c39b4bd9b8b96388b09144ea.pdf,8-3 律师补充法律意见书（四）
http://static.sse.com.cn/stock/information/c/202009/9864d34f13bc43988f165daaf1db61f7.pdf,8-1 发行人及保荐机构关于审核中心意见落实函的回复
http://static.sse.com.cn/stock/information/c/202009/11d1471b6d854bcc8909456b07c43b53.pdf,8-1 发行人及保荐机构的第二轮审核问询函回复
http://static.sse.com.cn/stock/information/c/202009/aec5882c2018473c92bd235e6e4bcad2.pdf,8-2 申报会计师关于第二轮审核问询函的回复
http://static.sse.com.cn/stock/information/c/202009/6be3e05608314b3eb6f27727e72a8876.pdf,8-3 律师补充法律意见书（二）
http://static.sse.com.cn/stock/information/c/202009/1f22e3297cfc46f4b2fb7f5a03e16dc3.pdf,8-3 律师补充法律意见书（一）
http://static.sse.com.cn/stock/information/c/202009/7952c448410b4218b8ea2aa6994ac58c.pdf,8-1 发行人及保荐机构回复意见
http://static.sse.com.cn/stock/information/c/202009/741762d6f7db4f75b5453ed089629244.pdf,8-2 会计师回复意见
http://static.sse.com.cn/stock/information/c/202009/550ebe05699947a986411c22d756d1d7.pdf,8-1-1发行人及保荐机构回复意见（2020年半年报财务数据更新版）
http://static.sse.com.cn/stock/information/c/202009/3cf508883aff47568d6aeffe039365e9.pdf,8-1-2发行人及保荐机构第二轮审核问询的回复意见（2020年半年报财务数据更新版）
http://static.sse.com.cn/stock/information/c/202009/e7f76f6d5cf2440eb6d38f1f800a11f1.pdf,8-2-1会计师第一轮审核问询的回复意见（2020年半年报财务数据更新版）
http://static.sse.com.cn/stock/information/c/202009/ce818203ff974979aed004057b733eff.pdf,8-2-2会计师第二轮审核问询的回复意见（2020年半年报财务数据更新版）
http://static.sse.com.cn/stock/information/c/202009/f715844cbb2f463f8f14c7dacaf233cc.pdf,8-3 律师补充法律意见书三
http://static.sse.com.cn/stock/information/c/202009/36a9a71cfe8745c99d821ebcf9a66514.pdf,8-1 发行人及保荐机构关于上市委会议意见落实函的回复
http://www.neeq.com.cn/disclosure/2020/2020-09-23/1600850051_339216.pdf,同力股份:股票在精选层挂牌推荐书（申报稿）
http://www.neeq.com.cn/disclosure/2020/2020-09-23/1600848132_705232.pdf,德众股份:最近三年及一期的财务报告和审计报告（报会稿）
http://www.neeq.com.cn/disclosure/2020/2020-09-23/1600848135_189908.pdf,德众股份:法律意见书（报会稿）
http://www.neeq.com.cn/disclosure/2020/2020-09-23/1600846451_256253.pdf,数字人:法律意见书（报会稿）
http://www.neeq.com.cn/disclosure/2020/2020-09-24/1600955167_986199.pdf,梓橦宫:关于四川梓橦宫药业股份有限公司精选层挂牌申请文件的审查问询函
http://reportdocs.static.szse.cn/UpFiles/rasinfodisc/RAS_000174B9A656993FEF4302ECF1C2B73F.pdf,1 圣邦微电子（北京）股份有限公司关于深圳证券交易所第二轮审核问询函的回复.pdf
http://reportdocs.static.szse.cn/UpFiles/rasinfodisc/RAS_000174B9AF037C3FE68AC1D672E7053F.pdf,2 中信证券股份有限公司关于圣邦微电子（北京）股份有限公司第二轮审核问询函回复的核查意见.pdf
http://reportdocs.static.szse.cn/UpFiles/rasinfodisc/RAS_000174B9AE51433FE2FF4E6FFE2FC23F.pdf,3 致同会计师事务所（特殊普通合伙）关于圣邦微电子（北京）股份有限公司第二轮审核问询函中有关财务会计问题的专项说明.pdf
http://reportdocs.static.szse.cn/UpFiles/rasinfodisc/RAS_000174B9AEAF8D3FBCC534252A07F03F.pdf,4 开元资产评估有限公司关于圣邦微电子（北京）股份有限公司第二轮审核问询函有关评估问题回复的专项说明.pdf
http://static.sse.com.cn/stock/information/c/202009/c582b9a2363c49798e651a5330601080.pdf,8-1 发行人及保荐机构关于第二轮审核问询函的回复
http://static.sse.com.cn/stock/information/c/202009/42cb51d40dd3486a91b9b0aa1ed9de01.pdf,8-2 申报会计师关于第二轮审核问询的回复
http://static.sse.com.cn/stock/information/c/202009/20086bb127d241f9bf6185234e252c3d.pdf,8-3 补充法律意见（二）
http://static.sse.com.cn/stock/information/c/202009/9252350c7f704e83957ac58598fbd58b.pdf,8-3 律师补充法律意见书
http://static.sse.com.cn/stock/information/c/202009/2f300070fe214581bfd082c76ca57ac5.pdf,8-1 发行人及保荐机构回复意见
http://static.sse.com.cn/stock/information/c/202009/55618a629b5c469b93bdb1064d6670a5.pdf,8-2 会计师回复意见
http://static.sse.com.cn/stock/information/c/202009/902c32cb000f49cbb63ccc8e0867e3d9.pdf,8-1 发行人及保荐机构关于首轮审核问询函的回复（2020年半年报更新）
http://static.sse.com.cn/stock/information/c/202009/20e1af06fe8d46e88aebf135f3c94e9c.pdf,8-2 申报会计师关于首轮审核问询函的回复（2020年半年报更新）
http://static.sse.com.cn/stock/information/c/202009/dc723520727642fbbdb3902ab9663000.pdf,8-3 律师事务所出具的补充法律意见书（二）
http://static.sse.com.cn/stock/information/c/202009/49629ea1a76a4877a028d8863c9ed30e.pdf,8-3 律师事务所出具的补充法律意见书（二）
http://static.sse.com.cn/stock/information/c/202009/13c555a7c7c840268567c4f21e0ad19b.pdf,8-1 发行人及保荐机构关于第二轮审核问询函的回复
http://static.sse.com.cn/stock/information/c/202009/19b36388060f4b4aa08a79ba53e4cdc4.pdf,8-1-1 发行人及保荐机构回复意见（一）（2020年半年报财务数据更新版）
http://static.sse.com.cn/stock/information/c/202009/6ae4710933a34ae3adaa93f2a0ee0f2d.pdf,8-1-2 发行人及保荐机构回复意见（二）
http://static.sse.com.cn/stock/information/c/202009/e1d31c4d253d4845801fdaac7071b310.pdf,8-2-1 会计师回复意见（一）（2020年半年报财务数据更新版）
http://static.sse.com.cn/stock/information/c/202009/8371b6c73ee1466e8bfea79ef9c59dc8.pdf,8-2-2 会计师回复意见（二）
http://static.sse.com.cn/stock/information/c/202009/5492765f3a7d4aa8b0ccaca32cbca6e2.pdf,8-3 补充法律意见书（二）
http://static.sse.com.cn/stock/information/c/202009/b86519788ce249a594ae5d171f293ab5.pdf,8-1 发行人及保荐机构关于上市委会议意见落实函的回复
http://static.sse.com.cn/stock/information/c/202009/f331347b57b144d1acca688d8cae2f10.pdf,8-3 律师补充法律意见书（三）（2020年半年报财务数据更新版）
http://static.sse.com.cn/stock/information/c/202009/4964b40707cd4adf89b77615e7069b6e.pdf,8-1-1 发行人及保荐机构回复意见（2020年半年报财务数据更新版）
http://static.sse.com.cn/stock/information/c/202009/63e06095ab0c49b29b3d17f90d878d6f.pdf,8-2-1 会计师回复意见（2020年半年报财务数据更新版）
http://static.sse.com.cn/stock/information/c/202009/bc877de3716245f0a8f00c3e2f268155.pdf,8-1-1 发行人及保荐机构回复意见（2020年半年报财务数据更新版）
http://static.sse.com.cn/stock/information/c/202009/90c6f3912fee4378bd55c4b5f2325971.pdf,8-1-2 发行人及保荐机构关于第二轮审核问询函的回复意见（2020年半年报财务数据更新版）
http://static.sse.com.cn/stock/information/c/202009/d572918507dc488fb120fed69e987f90.pdf,8-1-3 发行人及保荐机构关于审核中心意见落实函的回复（2020年半年报财务数据更新版）
http://static.sse.com.cn/stock/information/c/202009/91442692da54450883b0d6f308b09084.pdf,8-2-1 会计师回复意见（2020年半年报财务数据更新版）
http://static.sse.com.cn/stock/information/c/202009/abb963a2b5994d6882d805596104528c.pdf,8-2-2 会计师关于第二轮审核问询函的回复意见（2020年半年报财务数据更新版）
http://static.sse.com.cn/stock/information/c/202009/0ad1d34e1c784d188dbc0fe627bdb364.pdf,8-2-3 会计师关于审核中心意见落实函的回复（2020年半年报财务数据更新版）
http://static.sse.com.cn/stock/information/c/202009/bdda05b5bfb9424aab013014a2e50c06.pdf,8-3 律师补充法律意见书（三）（2020年半年报财务数据更新版）
http://static.sse.com.cn/stock/information/c/202009/7d378c0ffa6343969c09ed4b3cf1190a.pdf,8-1-1 发行人及保荐机构关于江苏浩欧博生物医药股份有限公司首次公开发行股票并在科创板上市申请文件审核问询函的回复（2020年半年报财务数据更新版）
http://static.sse.com.cn/stock/information/c/202009/d93e5d66abb14f4581c30bead98fea58.pdf,8-1-2 发行人及保荐机构第二轮审核问询函回复（2020年半年报财务数据更新版）
http://static.sse.com.cn/stock/information/c/202009/327720173381465aadad4ae0bbf3bd3a.pdf,8-1-3 关于江苏浩欧博生物医药股份有限公司首次公开发行股票并在科创板上市申请文件审核中心意见落实函之回复报告（2020年半年度财务数据更新版）
http://static.sse.com.cn/stock/information/c/202009/024bd888549b4992a87e671952c6e6da.pdf,8-2-1 会计师第一轮问询函回复（2020年半年报财务数据更新版）
http://static.sse.com.cn/stock/information/c/202009/edbb3fa529c14d4d9d78635a4a31e73d.pdf,8-2-2 立信会计师第二轮审核问询函回复（2020年半年报财务数据更新版）
http://static.sse.com.cn/stock/information/c/202009/2d9c051236f3497a94acfae146a1631d.pdf,8-3-1 发行人律师补充法律意见书（三）（2020年半年报财务数据更新版）
http://static.sse.com.cn/stock/information/c/202009/32406ba97a2d46eb8b25752bf996d0d0.pdf,8-1-1 发行人及保荐机构关于审核问询函的回复（2020年半年报财务数据更新版）
http://static.sse.com.cn/stock/information/c/202009/646b25c249664384bbe074a632bdf976.pdf,8-1-2 发行人及保荐机构关于第二轮审核问询函的回复（2020年半年报财务数据更新版）
http://static.sse.com.cn/stock/information/c/202009/8bcc0bbb7dd044c4873e2bf1d66d1ff9.pdf,8-1-3 发行人及保荐机构关于审核中心意见落实函的回复
http://static.sse.com.cn/stock/information/c/202009/f19867a74cd94c689729200cdde8205e.pdf,8-2-1 申报会计师关于审核问询函的回复（2020年半年报财务数据更新版）
http://static.sse.com.cn/stock/information/c/202009/1f8863def736469e8193e1d5e095297f.pdf,8-2-2 申报会计师关于第二轮审核问询函的回复（2020年半年报财务数据更新版）
http://static.sse.com.cn/stock/information/c/202009/4628e414764a46d38c67bd0e0a4b708a.pdf,8-3 律师补充法律意见书（四）
http://static.sse.com.cn/stock/information/c/202009/ce6979f0b5e34b029a1079e24d6a4add.pdf,8-1 发行人及保荐机构回复意见
http://static.sse.com.cn/stock/information/c/202009/69b9c9fd880e467bac9f2e1bb9dd1465.pdf,8-2-1 会计师事务所关于金冠电气股份有限公司首次公开发行股票并在科创板上市申请文件的第一轮审核问询函有关财务问题回复的专项说明（2020年半年报财务数据更新版）
http://www.neeq.com.cn/disclosure/2020/2020-09-28/1601278703_979715.pdf,美之高:最近三年及一期的财务报告和审计报告（申报稿）
http://www.neeq.com.cn/disclosure/2020/2020-09-29/1601369769_376808.pdf,诺思兰德:最近三年及一期的财务报告和审计报告（报会稿）
http://www.neeq.com.cn/disclosure/2020/2020-09-29/1601367369_039057.pdf,朱老六:最近三年及一期的财务报告和审计报告（申报稿）
