北京东宝亿通科技股份有限公司
无锡方盛换热器股份有限公司
苏州华创特材股份有限公司
重庆大美长江三峡游轮股份有限公司
中交地产股份有限公司
上海童石网络科技股份有限公司
武汉超级玩家科技股份有限公司
国城矿业股份有限公司
上海东方网股份有限公司
中交地产股份有限公司
银泰黄金股份有限公司
山东陆海石油技术股份有限公司
浙江大东吴汽车电机股份有限公司
江苏大圣博环保科技股份有限公司
广西河池化工股份有限公司
智度科技股份有限公司
山东宏力热泵能源股份有限公司
正华钢构（广东）股份有限公司
广州市浪奇实业股份有限公司
云南南天电子信息产业股份有限公司
太原智林信息技术股份有限公司
苏州旭杰建筑科技股份有限公司
天夏智慧城市科技股份有限公司
银亿股份有限公司
江苏奥神新材料股份有限公司
宝塔实业股份有限公司
珠海启世机械设备股份有限公司
河南双汇投资发展股份有限公司
南通中菱电力科技股份有限公司
河南双汇投资发展股份有限公司
攀枝花秉扬科技股份有限公司
中国武夷实业股份有限公司
上海量子花光艺科技股份有限公司
常德天马电器股份有限公司
中国武夷实业股份有限公司
西安方元明科技股份有限公司
河南双汇投资发展股份有限公司
云南北方奥雷德光电科技股份有限公司
河南双汇投资发展股份有限公司
桂林旅游股份有限公司
河南双汇投资发展股份有限公司
华塑控股股份有限公司
苏州馨格家居用品股份有限公司
华塑控股股份有限公司
金洲慈航集团股份有限公司
河北瑞兆激光再制造技术股份有限公司
山东陆海石油技术股份有限公司
广东韶钢松山股份有限公司
广东寓米网络科技股份有限公司
广东韶钢松山股份有限公司
华映科技（集团）股份有限公司
哈尔滨宝德生物技术股份有限公司
华映科技（集团）股份有限公司
正华钢构（广东）股份有限公司
四川汇源光通信股份有限公司
深圳市宇航软件股份有限公司
山东新华制药股份有限公司
广东明朗智能科技股份有限公司
青岛双星股份有限公司
浙江明辉蔬果配送股份有限公司
四川新金路集团股份有限公司
四川新金路集团股份有限公司
新乡天力锂能股份有限公司
深圳星旅国际投资控股集团股份有限公司
四川新金路集团股份有限公司
武汉四海一家传媒股份有限公司
欣龙控股（集团）股份有限公司
欣龙控股（集团）股份有限公司
深圳市嘉美斯科技股份有限公司
普洛药业股份有限公司
浙江科马摩擦材料股份有限公司
广东酷乐互娱科技股份有限公司
四川双马水泥股份有限公司
广东海纳川生物科技股份有限公司
中国武夷实业股份有限公司
河南双汇投资发展股份有限公司
广东韶钢松山股份有限公司
广东韶钢松山股份有限公司
美好置业集团股份有限公司
广东韶钢松山股份有限公司
广东韶钢松山股份有限公司
哈尔滨宝德生物技术股份有限公司
陕西成明节能技术股份有限公司
四川君和环保股份有限公司
大悦城控股集团股份有限公司
山东视观察信息科技股份有限公司
成都高新发展股份有限公司
广东铂美物业服务股份有限公司
河南双汇投资发展股份有限公司
深圳市嘉美斯科技股份有限公司
上海华之邦科技股份有限公司
中交地产股份有限公司
河南双汇投资发展股份有限公司
河南双汇投资发展股份有限公司
深圳镁锦优视股份有限公司
河南双汇投资发展股份有限公司
江苏辰午节能科技股份有限公司
河南双汇投资发展股份有限公司
河南双汇投资发展股份有限公司
河南双汇投资发展股份有限公司
北京优炫软件股份有限公司
山西皇城相府药业股份有限公司
哈尔滨宝德生物技术股份有限公司
成都鹏业软件股份有限公司
深圳中华自行车（集团）股份有限公司
广东韶钢松山股份有限公司
春泉园林股份有限公司
中国武夷实业股份有限公司
长春嘉诚信息技术股份有限公司
中国武夷实业股份有限公司
中国武夷实业股份有限公司
成都鹏业软件股份有限公司
天津嘉思特车业股份有限公司
沈阳新北方热电股份有限公司
数据堂（北京）科技股份有限公司
中国武夷实业股份有限公司
华创电子股份有限公司
华创电子股份有限公司
招商局积余产业运营服务股份有限公司
浙江金乙昌科技股份有限公司
招商局积余产业运营服务股份有限公司
国城矿业股份有限公司
视觉（中国）文化发展股份有限公司
广东海印集团股份有限公司
广东海印集团股份有限公司
广东东鹏控股股份有限公司
广东东鹏控股股份有限公司
湖北培根文化传播股份有限公司
广东东鹏控股股份有限公司
江苏澳洋顺昌股份有限公司
深圳市中装建设集团股份有限公司
上海童石网络科技股份有限公司
北京全时天地在线网络信息股份有限公司
广东柏堡龙股份有限公司
上海东方网股份有限公司
广宇集团股份有限公司
浙江明辉蔬果配送股份有限公司
深圳科瑞技术股份有限公司
浙江明辉蔬果配送股份有限公司
江西煌上煌集团食品股份有限公司
延边白山国际旅行社股份有限公司
浙江大东吴汽车电机股份有限公司
浙江亿利达风机股份有限公司
福建雪人股份有限公司
湖南宇新能源科技股份有限公司
江西省金锂科技股份有限公司
深圳市和科达精密清洗设备股份有限公司
北京并行科技股份有限公司
北京并行科技股份有限公司
烟台中宠食品股份有限公司
辽宁金三元环境建设股份有限公司
江苏神通阀门股份有限公司
辽宁金三元环境建设股份有限公司
广东明朗智能科技股份有限公司
天津嘉思特车业股份有限公司
赞宇科技集团股份有限公司
成都华美牙科连锁管理股份有限公司
加加食品集团股份有限公司
安徽红星药业股份有限公司
湖南宇晶机器股份有限公司
博信股权投资基金管理股份有限公司
华孚时尚股份有限公司
深圳市通产丽星股份有限公司
武汉光迅科技股份有限公司
无锡方盛换热器股份有限公司
华邦生命健康股份有限公司
江苏瑞铁轨道装备股份有限公司
金龙羽集团股份有限公司
江苏瑞铁轨道装备股份有限公司
大连电瓷集团股份有限公司
荆州九菱科技股份有限公司
浙江仙琚制药股份有限公司
獐子岛集团股份有限公司
上海华创自动化工程股份有限公司
杭州叙简科技股份有限公司
獐子岛集团股份有限公司
广东柏堡龙股份有限公司
四川君和环保股份有限公司
深圳市中装建设集团股份有限公司
特瑞斯能源装备股份有限公司
深圳科瑞技术股份有限公司
江西煌上煌集团食品股份有限公司
江西煌上煌集团食品股份有限公司
博彦科技股份有限公司
浙江亿利达风机股份有限公司
江西宁新新材料股份有限公司
博彦科技股份有限公司
上海钰景园林股份有限公司
苏州春兴精工股份有限公司
厦门吉宏科技股份有限公司
上海钰景园林股份有限公司
厦门吉宏科技股份有限公司
北京国信创新科技股份有限公司
苏州春兴精工股份有限公司
湖南宇新能源科技股份有限公司
广州市丰海科技股份有限公司
广州市丰海科技股份有限公司
保龄宝生物股份有限公司
保龄宝生物股份有限公司
黑龙江省明峰环保科技股份有限公司
深圳市和科达精密清洗设备股份有限公司
北京威控科技股份有限公司
深圳市和科达精密清洗设备股份有限公司
浙江海昇药业股份有限公司
四川君和环保股份有限公司
深圳市中装建设集团股份有限公司
中悦科技股份有限公司
浙江三禾生物工程股份有限公司
广东东鹏控股股份有限公司
浙江三禾生物工程股份有限公司
科力尔电机集团股份有限公司
江苏达伦电子股份有限公司
深圳市中装建设集团股份有限公司
科力尔电机集团股份有限公司
赞宇科技集团股份有限公司
江苏达伦电子股份有限公司
加加食品集团股份有限公司
广东颐丰食品股份有限公司
德尔未来科技控股集团股份有限公司
深圳科瑞技术股份有限公司
杭州叙简科技股份有限公司
德尔未来科技控股集团股份有限公司
北京优炫软件股份有限公司
深圳镁锦优视股份有限公司
深圳科瑞技术股份有限公司
西藏神州瑞霖环保科技股份有限公司
深圳市通产丽星股份有限公司
江苏南方轴承股份有限公司
哈尔滨宝德生物技术股份有限公司
江苏爱康科技股份有限公司
上海润杰通信科技股份有限公司
江西煌上煌集团食品股份有限公司
江苏爱康科技股份有限公司
天津联博化工股份有限公司
金杯电工股份有限公司
无锡奇宝星科技股份有限公司
义博通信设备集团股份有限公司
壹玖壹玖酒类平台科技股份有限公司
北京合众思壮科技股份有限公司
浙江亿利达风机股份有限公司
南通市久正人体工学股份有限公司
山西皇城相府药业股份有限公司
北京合众思壮科技股份有限公司
北京博鹏北科节能环保股份有限公司
浙江亿利达风机股份有限公司
浙江思考投资集团股份有限公司
浙江亿利达风机股份有限公司
福建融诚检测技术股份有限公司
青岛东方铁塔股份有限公司
荆州九菱科技股份有限公司
浙江亿利达风机股份有限公司
青岛东方铁塔股份有限公司
北京优炫软件股份有限公司
辽宁金三元环境建设股份有限公司
云南罗平锌电股份有限公司
帝欧家居股份有限公司
辽宁东和新材料股份有限公司
辽宁大金重工股份有限公司
江西江悦新能源科技股份有限公司
青岛森麒麟轮胎股份有限公司
唐山金沙燃烧热能股份有限公司
广东铂美物业服务股份有限公司
青岛森麒麟轮胎股份有限公司
深圳市海普瑞药业集团股份有限公司
上海基胜能源股份有限公司
福建雪人股份有限公司
无锡方盛换热器股份有限公司
湖南宇新能源科技股份有限公司
深圳市沃特新材料股份有限公司
江苏澳洋顺昌股份有限公司
上海中加飞机机载设备维修股份有限公司
深圳市和科达精密清洗设备股份有限公司
湖北吾尔利生物工程股份有限公司
黑龙江省明峰环保科技股份有限公司
北京威控科技股份有限公司
烟台中宠食品股份有限公司
烟台中宠食品股份有限公司
上海奇想青晨新材料科技股份有限公司
上海奇想青晨新材料科技股份有限公司
山东民和牧业股份有限公司
四川川润股份有限公司
青岛森麒麟轮胎股份有限公司
木林森股份有限公司
浙江大东吴汽车电机股份有限公司
成都鹏业软件股份有限公司
木林森股份有限公司
成都鹏业软件股份有限公司
河南辉煌科技股份有限公司
河南辉煌科技股份有限公司
南京生兴有害生物防治技术股份有限公司
河北宁泊环保股份有限公司
奥特佳新能源科技股份有限公司
成都康弘药业集团股份有限公司
四川君和环保股份有限公司
江苏神通阀门股份有限公司
四川君和环保股份有限公司
昆明龙津药业股份有限公司
苏州市宏宇环境科技股份有限公司
郴州市金贵银业股份有限公司
河南大森机电股份有限公司
合力泰科技股份有限公司
喜跃发国际环保新材料股份有限公司
东莞市奥海科技股份有限公司
喜跃发国际环保新材料股份有限公司
湖北凯龙化工集团股份有限公司
四川雅化实业集团股份有限公司
山东奔月生物科技股份有限公司
宁波圣莱达电器股份有限公司
重庆辉腾能源股份有限公司
蓝帆医疗股份有限公司
格利尔数码科技股份有限公司
蓝帆医疗股份有限公司
格利尔数码科技股份有限公司
上海基胜能源股份有限公司
成都云图控股股份有限公司
广州金穗隆信息科技股份有限公司
四川金时科技股份有限公司
上海中加飞机机载设备维修股份有限公司
成都云图控股股份有限公司
芜湖精益达模塑股份有限公司
桂林三金药业股份有限公司
上海易同科技股份有限公司
华邦生命健康股份有限公司
广州凯路仕自行车运动时尚产业股份有限公司
郑州三晖电气股份有限公司
荆州九菱科技股份有限公司
浙江华统肉制品股份有限公司
荆州九菱科技股份有限公司
上海钰景园林股份有限公司
广东海印集团股份有限公司
北京国信创新科技股份有限公司
广东海印集团股份有限公司
广州市丰海科技股份有限公司
广东东鹏控股股份有限公司
广州市丰海科技股份有限公司
广东东鹏控股股份有限公司
广东东鹏控股股份有限公司
江苏澳洋顺昌股份有限公司
深圳市中装建设集团股份有限公司
北京全时天地在线网络信息股份有限公司
广东柏堡龙股份有限公司
黑龙江省明峰环保科技股份有限公司
北京威控科技股份有限公司
浙江海昇药业股份有限公司
中悦科技股份有限公司
浙江三禾生物工程股份有限公司
广宇集团股份有限公司
浙江三禾生物工程股份有限公司
深圳科瑞技术股份有限公司
江苏达伦电子股份有限公司
江西煌上煌集团食品股份有限公司
江苏达伦电子股份有限公司
广东颐丰食品股份有限公司
浙江亿利达风机股份有限公司
福建雪人股份有限公司
西藏神州瑞霖环保科技股份有限公司
湖南宇新能源科技股份有限公司
深圳市和科达精密清洗设备股份有限公司
烟台中宠食品股份有限公司
哈尔滨宝德生物技术股份有限公司
江苏神通阀门股份有限公司
赞宇科技集团股份有限公司
加加食品集团股份有限公司
湖南宇晶机器股份有限公司
华孚时尚股份有限公司
深圳市通产丽星股份有限公司
上海润杰通信科技股份有限公司
武汉光迅科技股份有限公司
天津联博化工股份有限公司
华邦生命健康股份有限公司
无锡奇宝星科技股份有限公司
义博通信设备集团股份有限公司
金龙羽集团股份有限公司
壹玖壹玖酒类平台科技股份有限公司
大连电瓷集团股份有限公司
南通市久正人体工学股份有限公司
浙江仙琚制药股份有限公司
北京博鹏北科节能环保股份有限公司
浙江思考投资集团股份有限公司
福建融诚检测技术股份有限公司
獐子岛集团股份有限公司
荆州九菱科技股份有限公司
獐子岛集团股份有限公司
广东柏堡龙股份有限公司
辽宁金三元环境建设股份有限公司
深圳市中装建设集团股份有限公司
辽宁东和新材料股份有限公司
深圳科瑞技术股份有限公司
江西煌上煌集团食品股份有限公司
江西煌上煌集团食品股份有限公司
博彦科技股份有限公司
江西江悦新能源科技股份有限公司
广东铂美物业服务股份有限公司
上海基胜能源股份有限公司
无锡方盛换热器股份有限公司
浙江亿利达风机股份有限公司
上海中加飞机机载设备维修股份有限公司
湖北吾尔利生物工程股份有限公司
黑龙江省明峰环保科技股份有限公司
博彦科技股份有限公司
北京威控科技股份有限公司
苏州春兴精工股份有限公司
上海奇想青晨新材料科技股份有限公司
厦门吉宏科技股份有限公司
上海奇想青晨新材料科技股份有限公司
厦门吉宏科技股份有限公司
苏州春兴精工股份有限公司
浙江大东吴汽车电机股份有限公司
江苏嘉宇特种装备股份有限公司
青岛火柴盒智能系统股份有限公司
江苏奥斯佳材料科技股份有限公司
江苏建院营造股份有限公司
北京图为媒科技股份有限公司
内蒙古东联教育科技集团股份有限公司
河南平煤神马电气股份有限公司
聊城广源精密机械制造股份有限公司
四川蓝源广告传媒股份有限公司
江苏电老虎工业互联网股份有限公司
湖南农商通电子商务股份有限公司
江苏华翔控股股份有限公司
浙江红连文化发展股份有限公司
北京天睿空间科技股份有限公司
辽宁德善药业股份有限公司
